2018-11-05T13:19:13.214Z [[32minfo[39m] 	Starting TrueAutomation.IO client
2018-11-05T13:19:13.215Z [[32minfo[39m] 	API key: 44c69a48-ba10-4fb0-b4a2-b07e2da25af9
2018-11-05T13:19:13.215Z [[32minfo[39m] 	Project name: capybaraTest
2018-11-05T13:19:13.215Z [[32minfo[39m] 	Cloud server: https://app.trueautomation.io
2018-11-05T13:19:13.215Z [[32minfo[39m] 	Starting chromeDriver /Users/true/.trueautomation/chromedriver/chromedriver_mac64_2.43 on port 9516...
2018-11-05T13:19:13.743Z [[32minfo[39m] 	TrueAutomation.IO Client is listening on port 9515
2018-11-05T13:19:15.108Z [[32minfo[39m] 	0 Create session response: {"sessionId":"f71388c1915fedad077e301c3c3674d7","status":0,"value":{"acceptInsecureCerts":false,"acceptSslCerts":false,"applicationCacheEnabled":false,"browserConnectionEnabled":false,"browserName":"chrome","chrome":{"chromedriverVersion":"2.43.600229 (3fae4d0cda5334b4f533bede5a4787f7b832d052)","userDataDir":"/var/folders/h_/pvcns8sj7sj5v8df934tz8dm0000gq/T/.org.chromium.Chromium.rfDcEP"},"cssSelectorsEnabled":true,"databaseEnabled":false,"goog:chromeOptions":{"debuggerAddress":"localhost:50544"},"handlesAlerts":true,"hasTouchScreen":true,"javascriptEnabled":true,"locationContextEnabled":true,"mobileEmulationEnabled":true,"nativeEvents":true,"networkConnectionEnabled":false,"pageLoadStrategy":"normal","platform":"Mac OS X","rotatable":false,"setWindowRect":true,"takesHeapSnapshot":true,"takesScreenshot":true,"unexpectedAlertBehaviour":"","version":"70.0.3538.77","webStorageEnabled":true}}
2018-11-05T13:19:15.123Z [[32minfo[39m] 	1 Sending POST request to http://localhost:9516/session/f71388c1915fedad077e301c3c3674d7/url:  {"url":"http://annieselke.com"}
2018-11-05T13:19:20.971Z [[32minfo[39m] 	2 Sending elements request to http://localhost:9516/session/f71388c1915fedad077e301c3c3674d7:  {"using":"xpath","value":"//div[@data-page=\"Home\"]__ta__taHome__ta__"}
2018-11-05T13:19:21.110Z [[32minfo[39m] 	2 Enum nodes response:  {"sessionId":"f71388c1915fedad077e301c3c
2018-11-05T13:19:21.301Z [[32minfo[39m] 	2 Elements locator: {"value":"/*[1]/*[2]/*[2]/*[1]/*[3]/*[2]","using":"xpath"}
2018-11-05T13:19:21.442Z [[32minfo[39m] 	2 Elements response: {"sessionId":"f71388c1915fedad077e301c3c3674d7","status":0,"value":[{"ELEMENT":"0.25662769651332895-1"}]}
2018-11-05T13:19:21.448Z [[32minfo[39m] 	3 Sending GET request to http://localhost:9516/session/f71388c1915fedad077e301c3c3674d7/element/0.25662769651332895-1/displayed:  {}
2018-11-05T13:19:21.469Z [[32minfo[39m] 	4 Sending POST request to http://localhost:9516/session/f71388c1915fedad077e301c3c3674d7/element/0.25662769651332895-1/click:  {}
2018-11-05T13:19:24.562Z [[32minfo[39m] 	5 Sending GET request to http://localhost:9516/session/f71388c1915fedad077e301c3c3674d7/window_handles:  {}
2018-11-05T13:19:24.573Z [[32minfo[39m] 	6 Sending POST request to http://localhost:9516/session/f71388c1915fedad077e301c3c3674d7/window:  {"name":"CDwindow-59D906AB62467C62D65389ED38BC0366"}
2018-11-05T13:19:24.589Z [[32minfo[39m] 	7 Sending GET request to http://localhost:9516/session/f71388c1915fedad077e301c3c3674d7/window_handles:  {}
2018-11-05T13:19:24.628Z [[32minfo[39m] 	8 Sending POST request to http://localhost:9516/session/f71388c1915fedad077e301c3c3674d7/goog/cdp/execute:  {"cmd":"Network.clearBrowserCookies","params":{}}
2018-11-05T13:19:24.665Z [[32minfo[39m] 	9 Sending POST request to http://localhost:9516/session/f71388c1915fedad077e301c3c3674d7/url:  {"url":"about:blank"}
2018-11-05T13:19:24.956Z [[32minfo[39m] 	10 Sending elements request to http://localhost:9516/session/f71388c1915fedad077e301c3c3674d7:  {"using":"xpath","value":"/html/body/*"}
2018-11-05T13:19:24.956Z [[32minfo[39m] 	10 Elements locator: {"value":"/html/body/*","using":"xpath"}
2018-11-05T13:19:24.974Z [[32minfo[39m] 	10 Elements response: {"sessionId":"f71388c1915fedad077e301c3c3674d7","status":0,"value":[]}
2018-11-05T13:19:24.980Z [[32minfo[39m] 	11 Sending POST request to http://localhost:9516/session/f71388c1915fedad077e301c3c3674d7/url:  {"url":"http://annieselke.com"}
2018-11-05T13:19:26.314Z [[32minfo[39m] 	12 Sending elements request to http://localhost:9516/session/f71388c1915fedad077e301c3c3674d7:  {"using":"xpath","value":"//button//span//a[contains(text(),\"Rugs\")]__ta__taCategory__ta__"}
2018-11-05T13:19:26.463Z [[32minfo[39m] 	12 Enum nodes response:  {"sessionId":"f71388c1915fedad077e301c3c
2018-11-05T13:19:26.631Z [[32minfo[39m] 	12 Elements locator: {"value":"/*[1]/*[2]/*[2]/*[1]/*[2]/*[1]/*[2]/*[2]/*[1]/*[1]/*[1]/*[1]/*[1]/*[1]","using":"xpath"}
2018-11-05T13:19:26.647Z [[32minfo[39m] 	12 Elements response: {"sessionId":"f71388c1915fedad077e301c3c3674d7","status":0,"value":[{"ELEMENT":"0.3216298336407668-1"}]}
2018-11-05T13:19:26.652Z [[32minfo[39m] 	13 Sending GET request to http://localhost:9516/session/f71388c1915fedad077e301c3c3674d7/element/0.3216298336407668-1/displayed:  {}
2018-11-05T13:19:26.673Z [[32minfo[39m] 	14 Sending POST request to http://localhost:9516/session/f71388c1915fedad077e301c3c3674d7/element/0.3216298336407668-1/click:  {}
2018-11-05T13:19:26.790Z [[32minfo[39m] 	15 Sending elements request to http://localhost:9516/session/f71388c1915fedad077e301c3c3674d7:  {"using":"xpath","value":"//div[@data-page=\"Subcategory\"]__ta__taCategoryPage__ta__"}
2018-11-05T13:19:26.936Z [[32minfo[39m] 	15 Enum nodes response:  {"sessionId":"f71388c1915fedad077e301c3c
2018-11-05T13:19:27.143Z [[32minfo[39m] 	15 Elements locator: {"value":"/*[1]/*[2]/*[2]/*[1]/*[3]/*[2]","using":"xpath"}
2018-11-05T13:19:27.304Z [[32minfo[39m] 	15 Elements response: {"sessionId":"f71388c1915fedad077e301c3c3674d7","status":0,"value":[{"ELEMENT":"0.3216298336407668-2"}]}
2018-11-05T13:19:27.309Z [[32minfo[39m] 	16 Sending GET request to http://localhost:9516/session/f71388c1915fedad077e301c3c3674d7/element/0.3216298336407668-2/displayed:  {}
2018-11-05T13:19:27.329Z [[32minfo[39m] 	17 Sending POST request to http://localhost:9516/session/f71388c1915fedad077e301c3c3674d7/element/0.3216298336407668-2/click:  {}
2018-11-05T13:19:30.394Z [[32minfo[39m] 	18 Sending GET request to http://localhost:9516/session/f71388c1915fedad077e301c3c3674d7/window_handles:  {}
2018-11-05T13:19:30.402Z [[32minfo[39m] 	19 Sending POST request to http://localhost:9516/session/f71388c1915fedad077e301c3c3674d7/window:  {"name":"CDwindow-59D906AB62467C62D65389ED38BC0366"}
2018-11-05T13:19:30.416Z [[32minfo[39m] 	20 Sending GET request to http://localhost:9516/session/f71388c1915fedad077e301c3c3674d7/window_handles:  {}
2018-11-05T13:19:30.442Z [[32minfo[39m] 	21 Sending POST request to http://localhost:9516/session/f71388c1915fedad077e301c3c3674d7/goog/cdp/execute:  {"cmd":"Network.clearBrowserCookies","params":{}}
2018-11-05T13:19:30.463Z [[32minfo[39m] 	22 Sending POST request to http://localhost:9516/session/f71388c1915fedad077e301c3c3674d7/url:  {"url":"about:blank"}
2018-11-05T13:19:30.592Z [[32minfo[39m] 	23 Sending elements request to http://localhost:9516/session/f71388c1915fedad077e301c3c3674d7:  {"using":"xpath","value":"/html/body/*"}
2018-11-05T13:19:30.592Z [[32minfo[39m] 	23 Elements locator: {"value":"/html/body/*","using":"xpath"}
2018-11-05T13:19:30.602Z [[32minfo[39m] 	23 Elements response: {"sessionId":"f71388c1915fedad077e301c3c3674d7","status":0,"value":[]}
2018-11-05T13:19:30.608Z [[32minfo[39m] 	24 Sending DELETE request to http://localhost:9516/session/f71388c1915fedad077e301c3c3674d7:  {}
2018-11-05T13:19:30.671Z [[32minfo[39m] 	Sync elements
2018-11-05T13:19:31.377Z [[32minfo[39m] 	Stopping driver
