2018-11-05T13:18:50.290Z [[32minfo[39m] 	Starting TrueAutomation.IO client
2018-11-05T13:18:50.290Z [[32minfo[39m] 	API key: 44c69a48-ba10-4fb0-b4a2-b07e2da25af9
2018-11-05T13:18:50.291Z [[32minfo[39m] 	Project name: capybaraTest
2018-11-05T13:18:50.291Z [[32minfo[39m] 	Cloud server: https://app.trueautomation.io
2018-11-05T13:18:50.291Z [[32minfo[39m] 	Starting chromeDriver /Users/true/.trueautomation/chromedriver/chromedriver_mac64_2.43 on port 9516...
2018-11-05T13:18:50.806Z [[32minfo[39m] 	TrueAutomation.IO Client is listening on port 9515
2018-11-05T13:18:52.151Z [[32minfo[39m] 	0 Create session response: {"sessionId":"9623dd194bc8d263ec52ba6d619cb4c8","status":0,"value":{"acceptInsecureCerts":false,"acceptSslCerts":false,"applicationCacheEnabled":false,"browserConnectionEnabled":false,"browserName":"chrome","chrome":{"chromedriverVersion":"2.43.600229 (3fae4d0cda5334b4f533bede5a4787f7b832d052)","userDataDir":"/var/folders/h_/pvcns8sj7sj5v8df934tz8dm0000gq/T/.org.chromium.Chromium.COX7Mu"},"cssSelectorsEnabled":true,"databaseEnabled":false,"goog:chromeOptions":{"debuggerAddress":"localhost:50309"},"handlesAlerts":true,"hasTouchScreen":true,"javascriptEnabled":true,"locationContextEnabled":true,"mobileEmulationEnabled":true,"nativeEvents":true,"networkConnectionEnabled":false,"pageLoadStrategy":"normal","platform":"Mac OS X","rotatable":false,"setWindowRect":true,"takesHeapSnapshot":true,"takesScreenshot":true,"unexpectedAlertBehaviour":"","version":"70.0.3538.77","webStorageEnabled":true}}
2018-11-05T13:18:52.170Z [[32minfo[39m] 	1 Sending POST request to http://localhost:9516/session/9623dd194bc8d263ec52ba6d619cb4c8/url:  {"url":"http://annieselke.com"}
2018-11-05T13:18:58.077Z [[32minfo[39m] 	2 Sending elements request to http://localhost:9516/session/9623dd194bc8d263ec52ba6d619cb4c8:  {"using":"xpath","value":"//div[@data-page=\"Home\"]__ta__taHome__ta__"}
2018-11-05T13:18:58.415Z [[32minfo[39m] 	2 Enum nodes response:  {"sessionId":"9623dd194bc8d263ec52ba6d61
2018-11-05T13:18:58.589Z [[32minfo[39m] 	2 Elements locator: {"value":"/*[1]/*[2]/*[2]/*[1]/*[3]/*[2]","using":"xpath"}
2018-11-05T13:18:58.607Z [[32minfo[39m] 	2 Elements response: {"sessionId":"9623dd194bc8d263ec52ba6d619cb4c8","status":0,"value":[{"ELEMENT":"0.11730152071897493-1"}]}
2018-11-05T13:18:58.611Z [[32minfo[39m] 	3 Sending GET request to http://localhost:9516/session/9623dd194bc8d263ec52ba6d619cb4c8/element/0.11730152071897493-1/displayed:  {}
2018-11-05T13:18:58.630Z [[32minfo[39m] 	4 Sending POST request to http://localhost:9516/session/9623dd194bc8d263ec52ba6d619cb4c8/element/0.11730152071897493-1/click:  {}
2018-11-05T13:19:01.729Z [[32minfo[39m] 	5 Sending GET request to http://localhost:9516/session/9623dd194bc8d263ec52ba6d619cb4c8/window_handles:  {}
2018-11-05T13:19:01.739Z [[32minfo[39m] 	6 Sending POST request to http://localhost:9516/session/9623dd194bc8d263ec52ba6d619cb4c8/window:  {"name":"CDwindow-682A29087A81391154F638C68DB37EED"}
2018-11-05T13:19:01.749Z [[32minfo[39m] 	7 Sending GET request to http://localhost:9516/session/9623dd194bc8d263ec52ba6d619cb4c8/window_handles:  {}
2018-11-05T13:19:01.758Z [[32minfo[39m] 	8 Sending POST request to http://localhost:9516/session/9623dd194bc8d263ec52ba6d619cb4c8/goog/cdp/execute:  {"cmd":"Network.clearBrowserCookies","params":{}}
2018-11-05T13:19:01.779Z [[32minfo[39m] 	9 Sending POST request to http://localhost:9516/session/9623dd194bc8d263ec52ba6d619cb4c8/url:  {"url":"about:blank"}
2018-11-05T13:19:02.156Z [[32minfo[39m] 	10 Sending elements request to http://localhost:9516/session/9623dd194bc8d263ec52ba6d619cb4c8:  {"using":"xpath","value":"/html/body/*"}
2018-11-05T13:19:02.157Z [[32minfo[39m] 	10 Elements locator: {"value":"/html/body/*","using":"xpath"}
2018-11-05T13:19:02.176Z [[32minfo[39m] 	10 Elements response: {"sessionId":"9623dd194bc8d263ec52ba6d619cb4c8","status":0,"value":[]}
2018-11-05T13:19:02.183Z [[32minfo[39m] 	11 Sending POST request to http://localhost:9516/session/9623dd194bc8d263ec52ba6d619cb4c8/url:  {"url":"http://annieselke.com"}
2018-11-05T13:19:03.624Z [[32minfo[39m] 	12 Sending elements request to http://localhost:9516/session/9623dd194bc8d263ec52ba6d619cb4c8:  {"using":"xpath","value":"//button//span//a[contains(text(),\"Rugs\")]__ta__taCategory__ta__"}
2018-11-05T13:19:03.742Z [[32minfo[39m] 	12 Enum nodes response:  {"sessionId":"9623dd194bc8d263ec52ba6d61
2018-11-05T13:19:03.905Z [[32minfo[39m] 	12 Elements locator: {"value":"/*[1]/*[2]/*[2]/*[1]/*[2]/*[1]/*[2]/*[2]/*[1]/*[1]/*[1]/*[1]/*[1]/*[1]","using":"xpath"}
2018-11-05T13:19:03.922Z [[32minfo[39m] 	12 Elements response: {"sessionId":"9623dd194bc8d263ec52ba6d619cb4c8","status":0,"value":[{"ELEMENT":"0.5788541380416681-1"}]}
2018-11-05T13:19:03.927Z [[32minfo[39m] 	13 Sending GET request to http://localhost:9516/session/9623dd194bc8d263ec52ba6d619cb4c8/element/0.5788541380416681-1/displayed:  {}
2018-11-05T13:19:03.946Z [[32minfo[39m] 	14 Sending POST request to http://localhost:9516/session/9623dd194bc8d263ec52ba6d619cb4c8/element/0.5788541380416681-1/click:  {}
2018-11-05T13:19:04.082Z [[32minfo[39m] 	15 Sending elements request to http://localhost:9516/session/9623dd194bc8d263ec52ba6d619cb4c8:  {"using":"xpath","value":"//div[@data-page=\"Subcategory\"]__ta__taCategoryPage__ta__"}
2018-11-05T13:19:04.247Z [[32minfo[39m] 	15 Enum nodes response:  {"sessionId":"9623dd194bc8d263ec52ba6d61
2018-11-05T13:19:04.472Z [[32minfo[39m] 	15 Elements locator: {"value":"/*[1]/*[2]/*[2]/*[1]/*[3]/*[2]","using":"xpath"}
2018-11-05T13:19:04.623Z [[32minfo[39m] 	15 Elements response: {"sessionId":"9623dd194bc8d263ec52ba6d619cb4c8","status":0,"value":[{"ELEMENT":"0.5788541380416681-2"}]}
2018-11-05T13:19:04.627Z [[32minfo[39m] 	16 Sending GET request to http://localhost:9516/session/9623dd194bc8d263ec52ba6d619cb4c8/element/0.5788541380416681-2/displayed:  {}
2018-11-05T13:19:04.646Z [[32minfo[39m] 	17 Sending POST request to http://localhost:9516/session/9623dd194bc8d263ec52ba6d619cb4c8/element/0.5788541380416681-2/click:  {}
2018-11-05T13:19:07.706Z [[32minfo[39m] 	18 Sending GET request to http://localhost:9516/session/9623dd194bc8d263ec52ba6d619cb4c8/window_handles:  {}
2018-11-05T13:19:07.717Z [[32minfo[39m] 	19 Sending POST request to http://localhost:9516/session/9623dd194bc8d263ec52ba6d619cb4c8/window:  {"name":"CDwindow-682A29087A81391154F638C68DB37EED"}
2018-11-05T13:19:07.725Z [[32minfo[39m] 	20 Sending GET request to http://localhost:9516/session/9623dd194bc8d263ec52ba6d619cb4c8/window_handles:  {}
2018-11-05T13:19:07.734Z [[32minfo[39m] 	21 Sending POST request to http://localhost:9516/session/9623dd194bc8d263ec52ba6d619cb4c8/goog/cdp/execute:  {"cmd":"Network.clearBrowserCookies","params":{}}
2018-11-05T13:19:07.748Z [[32minfo[39m] 	22 Sending POST request to http://localhost:9516/session/9623dd194bc8d263ec52ba6d619cb4c8/url:  {"url":"about:blank"}
2018-11-05T13:19:07.835Z [[32minfo[39m] 	23 Sending elements request to http://localhost:9516/session/9623dd194bc8d263ec52ba6d619cb4c8:  {"using":"xpath","value":"/html/body/*"}
2018-11-05T13:19:07.835Z [[32minfo[39m] 	23 Elements locator: {"value":"/html/body/*","using":"xpath"}
2018-11-05T13:19:07.847Z [[32minfo[39m] 	23 Elements response: {"sessionId":"9623dd194bc8d263ec52ba6d619cb4c8","status":0,"value":[]}
2018-11-05T13:19:07.851Z [[32minfo[39m] 	24 Sending DELETE request to http://localhost:9516/session/9623dd194bc8d263ec52ba6d619cb4c8:  {}
2018-11-05T13:19:07.913Z [[32minfo[39m] 	Sync elements
2018-11-05T13:19:08.623Z [[32minfo[39m] 	Stopping driver
