2018-11-05T10:30:14.842Z [[32minfo[39m] 	Starting TrueAutomation.IO client
2018-11-05T10:30:14.843Z [[32minfo[39m] 	API key: 44c69a48-ba10-4fb0-b4a2-b07e2da25af9
2018-11-05T10:30:14.843Z [[32minfo[39m] 	Project name: capybaraTest
2018-11-05T10:30:14.843Z [[32minfo[39m] 	Cloud server: https://app.trueautomation.io
2018-11-05T10:30:14.843Z [[32minfo[39m] 	Starting chromeDriver /Users/true/.trueautomation/chromedriver/chromedriver_mac64_2.43 on port 9516...
2018-11-05T10:30:15.358Z [[32minfo[39m] 	TrueAutomation.IO Client is listening on port 9515
2018-11-05T10:30:16.645Z [[32minfo[39m] 	0 Create session response: {"sessionId":"c8b70c5035d180ef6a250df5c0b94dac","status":0,"value":{"acceptInsecureCerts":false,"acceptSslCerts":false,"applicationCacheEnabled":false,"browserConnectionEnabled":false,"browserName":"chrome","chrome":{"chromedriverVersion":"2.43.600229 (3fae4d0cda5334b4f533bede5a4787f7b832d052)","userDataDir":"/var/folders/h_/pvcns8sj7sj5v8df934tz8dm0000gq/T/.org.chromium.Chromium.gEzk26"},"cssSelectorsEnabled":true,"databaseEnabled":false,"goog:chromeOptions":{"debuggerAddress":"localhost:58902"},"handlesAlerts":true,"hasTouchScreen":true,"javascriptEnabled":true,"locationContextEnabled":true,"mobileEmulationEnabled":true,"nativeEvents":true,"networkConnectionEnabled":false,"pageLoadStrategy":"normal","platform":"Mac OS X","rotatable":false,"setWindowRect":true,"takesHeapSnapshot":true,"takesScreenshot":true,"unexpectedAlertBehaviour":"","version":"70.0.3538.77","webStorageEnabled":true}}
2018-11-05T10:30:16.662Z [[32minfo[39m] 	1 Sending POST request to http://localhost:9516/session/c8b70c5035d180ef6a250df5c0b94dac/url:  {"url":"http://annieselke.com"}
2018-11-05T10:30:22.515Z [[32minfo[39m] 	2 Sending elements request to http://localhost:9516/session/c8b70c5035d180ef6a250df5c0b94dac:  {"using":"xpath","value":"//div[@data-page=\"Home\"]__ta__taHome__ta__"}
2018-11-05T10:30:23.150Z [[32minfo[39m] 	2 Element record result: {"entity":"{\"tag\":\"DIV\",\"class\":null,\"id\":null,\"attrs\":{\"style\":\"display:block\",\"data-page\":\"Home\"},\"addr\":\"0.1.1.0.2.1\",\"content\":[],\"css\":{\"display\":\"block\",\"textTransform\":\"none\",\"maxWidth\":\"none\",\"paddingLeft\":\"0px\",\"visibility\":\"visible\",\"backgroundImage\":\"none\",\"border\":\"0px none rgb(108, 104, 100)\",\"paddingBottom\":\"0px\",\"justifyContent\":\"normal\",\"borderWidth\":\"0px\",\"position\":\"static\",\"textShadow\":\"none\",\"zIndex\":\"auto\",\"borderBottom\":\"0px none rgb(108, 104, 100)\",\"height\":\"3418.03px\",\"borderLeft\":\"0px none rgb(108, 104, 100)\",\"borderColor\":\"rgb(108, 104, 100)\",\"color\":\"rgb(108, 104, 100)\",\"borderTop\":\"0px none rgb(108, 104, 100)\",\"borderRight\":\"0px none rgb(108, 104, 100)\",\"overflow\":\"visible\",\"textAlign\":\"start\",\"width\":\"360px\",\"fontWeight\":\"400\",\"backgroundColor\":\"rgba(0, 0, 0, 0)\",\"padding\":\"0px\",\"paddingRight\":\"0px\",\"outline\":\"rgb(108, 104, 100) none 0px\",\"content\":\"normal\",\"font\":\"normal normal 400 normal 14px / normal \\\"Avenir Book\\\", sans-serif\",\"paddingTop\":\"0px\",\"fontFamily\":\"\\\"Avenir Book\\\", sans-serif\",\"borderRadius\":\"0px\",\"background\":\"rgba(0, 0, 0, 0) none repeat scroll 0% 0% / auto padding-box border-box\",\"maxHeight\":\"none\",\"opacity\":\"1\",\"lineHeight\":\"normal\"}}","locator":"//div[@data-page=\"Home\"]","locatorType":"xpath","name":"taHome","uuid":"taHome2//div[@data-page=\"Home\"]","meta":{"revision":0,"created":1541413823150,"version":0},"$loki":1}
2018-11-05T10:30:23.150Z [[32minfo[39m] 	2 Elements locator: {"value":"//div[@data-page=\"Home\"]","using":"xpath"}
2018-11-05T10:30:23.167Z [[32minfo[39m] 	2 Elements response: {"sessionId":"c8b70c5035d180ef6a250df5c0b94dac","status":0,"value":[{"ELEMENT":"0.9944254982104526-1"}]}
2018-11-05T10:30:23.196Z [[32minfo[39m] 	3 Sending GET request to http://localhost:9516/session/c8b70c5035d180ef6a250df5c0b94dac/element/0.9944254982104526-1/displayed:  {}
2018-11-05T10:30:23.216Z [[32minfo[39m] 	4 Sending POST request to http://localhost:9516/session/c8b70c5035d180ef6a250df5c0b94dac/element/0.9944254982104526-1/click:  {}
2018-11-05T10:30:26.331Z [[32minfo[39m] 	5 Sending GET request to http://localhost:9516/session/c8b70c5035d180ef6a250df5c0b94dac/window_handles:  {}
2018-11-05T10:30:26.345Z [[32minfo[39m] 	6 Sending POST request to http://localhost:9516/session/c8b70c5035d180ef6a250df5c0b94dac/window:  {"name":"CDwindow-22E9D05824E2706072BEDFE11CEDFBE9"}
2018-11-05T10:30:26.364Z [[32minfo[39m] 	7 Sending GET request to http://localhost:9516/session/c8b70c5035d180ef6a250df5c0b94dac/window_handles:  {}
2018-11-05T10:30:26.398Z [[32minfo[39m] 	8 Sending POST request to http://localhost:9516/session/c8b70c5035d180ef6a250df5c0b94dac/goog/cdp/execute:  {"cmd":"Network.clearBrowserCookies","params":{}}
2018-11-05T10:30:26.422Z [[32minfo[39m] 	9 Sending POST request to http://localhost:9516/session/c8b70c5035d180ef6a250df5c0b94dac/url:  {"url":"about:blank"}
2018-11-05T10:30:26.567Z [[32minfo[39m] 	10 Sending elements request to http://localhost:9516/session/c8b70c5035d180ef6a250df5c0b94dac:  {"using":"xpath","value":"/html/body/*"}
2018-11-05T10:30:26.568Z [[32minfo[39m] 	10 Elements locator: {"value":"/html/body/*","using":"xpath"}
2018-11-05T10:30:26.589Z [[32minfo[39m] 	10 Elements response: {"sessionId":"c8b70c5035d180ef6a250df5c0b94dac","status":0,"value":[]}
2018-11-05T10:30:26.597Z [[32minfo[39m] 	11 Sending POST request to http://localhost:9516/session/c8b70c5035d180ef6a250df5c0b94dac/url:  {"url":"http://annieselke.com"}
2018-11-05T10:30:28.306Z [[32minfo[39m] 	12 Sending elements request to http://localhost:9516/session/c8b70c5035d180ef6a250df5c0b94dac:  {"using":"xpath","value":"//button//span//a[contains(text(),\"Rugs\")]__ta__taCategory__ta__"}
2018-11-05T10:30:28.597Z [[32minfo[39m] 	12 Element record result: {"entity":"{\"tag\":\"A\",\"class\":null,\"id\":null,\"attrs\":{\"data-moov-link\":\"on\",\"data-moov-rel\":\"prefetch\",\"class\":\"jss57 jss126\",\"href\":\"https://annieselke.com/Rugs/c/rugs\"},\"addr\":\"0.1.1.0.1.0.1.1.0.0.0.0.0.0\",\"content\":[],\"css\":{\"borderLeft\":\"0px none rgb(108, 104, 100)\",\"borderWidth\":\"0px\",\"backgroundColor\":\"rgba(0, 0, 0, 0)\",\"padding\":\"0px\",\"background\":\"rgba(0, 0, 0, 0) none repeat scroll 0% 0% / auto padding-box border-box\",\"border\":\"0px none rgb(108, 104, 100)\",\"borderTop\":\"0px none rgb(108, 104, 100)\",\"borderColor\":\"rgb(108, 104, 100)\",\"visibility\":\"visible\",\"textTransform\":\"uppercase\",\"lineHeight\":\"normal\",\"height\":\"19px\",\"font\":\"normal normal 300 normal 14px / normal \\\"Avenir Book\\\", sans-serif\",\"paddingRight\":\"0px\",\"color\":\"rgb(108, 104, 100)\",\"borderRadius\":\"0px\",\"backgroundImage\":\"none\",\"width\":\"36.5938px\",\"borderRight\":\"0px none rgb(108, 104, 100)\",\"paddingBottom\":\"0px\",\"maxHeight\":\"none\",\"outline\":\"rgb(108, 104, 100) none 0px\",\"fontWeight\":\"300\",\"overflow\":\"visible\",\"borderBottom\":\"0px none rgb(108, 104, 100)\",\"zIndex\":\"auto\",\"opacity\":\"1\",\"display\":\"block\",\"position\":\"static\",\"paddingLeft\":\"0px\",\"justifyContent\":\"normal\",\"paddingTop\":\"0px\",\"textShadow\":\"none\",\"textAlign\":\"center\",\"fontFamily\":\"\\\"Avenir Book\\\", sans-serif\",\"content\":\"normal\",\"maxWidth\":\"none\"}}","locator":"//button//span//a[contains(text(),\"Rugs\")]","locatorType":"xpath","name":"taCategory","uuid":"taCategory12//button//span//a[contains(text(),\"Rugs\")]","meta":{"revision":0,"created":1541413828596,"version":0},"$loki":2}
2018-11-05T10:30:28.597Z [[32minfo[39m] 	12 Elements locator: {"value":"//button//span//a[contains(text(),\"Rugs\")]","using":"xpath"}
2018-11-05T10:30:28.613Z [[32minfo[39m] 	12 Elements response: {"sessionId":"c8b70c5035d180ef6a250df5c0b94dac","status":0,"value":[{"ELEMENT":"0.09373358447035551-1"}]}
2018-11-05T10:30:28.618Z [[32minfo[39m] 	13 Sending GET request to http://localhost:9516/session/c8b70c5035d180ef6a250df5c0b94dac/element/0.09373358447035551-1/displayed:  {}
2018-11-05T10:30:28.638Z [[32minfo[39m] 	14 Sending POST request to http://localhost:9516/session/c8b70c5035d180ef6a250df5c0b94dac/element/0.09373358447035551-1/click:  {}
2018-11-05T10:30:28.775Z [[32minfo[39m] 	15 Sending elements request to http://localhost:9516/session/c8b70c5035d180ef6a250df5c0b94dac:  {"using":"xpath","value":"//div[@data-page=\"Subcategory\"]__ta__taCategoryPage__ta__"}
2018-11-05T10:30:29.157Z [[32minfo[39m] 	15 Element record result: {"entity":"{\"tag\":\"DIV\",\"class\":null,\"id\":null,\"attrs\":{\"data-page\":\"Subcategory\",\"style\":\"display: none;\"},\"addr\":\"0.1.1.0.2.2\",\"content\":[],\"css\":{\"border\":\"0px none rgb(108, 104, 100)\",\"borderTop\":\"0px none rgb(108, 104, 100)\",\"visibility\":\"visible\",\"borderRight\":\"0px none rgb(108, 104, 100)\",\"maxHeight\":\"none\",\"maxWidth\":\"none\",\"textShadow\":\"none\",\"fontFamily\":\"\\\"Avenir Book\\\", sans-serif\",\"borderRadius\":\"0px\",\"justifyContent\":\"normal\",\"textTransform\":\"none\",\"position\":\"static\",\"width\":\"auto\",\"padding\":\"0px\",\"backgroundImage\":\"none\",\"borderLeft\":\"0px none rgb(108, 104, 100)\",\"textAlign\":\"start\",\"color\":\"rgb(108, 104, 100)\",\"lineHeight\":\"normal\",\"borderBottom\":\"0px none rgb(108, 104, 100)\",\"paddingLeft\":\"0px\",\"content\":\"normal\",\"overflow\":\"visible\",\"fontWeight\":\"400\",\"opacity\":\"1\",\"background\":\"rgba(0, 0, 0, 0) none repeat scroll 0% 0% / auto padding-box border-box\",\"backgroundColor\":\"rgba(0, 0, 0, 0)\",\"display\":\"none\",\"outline\":\"rgb(108, 104, 100) none 0px\",\"paddingRight\":\"0px\",\"font\":\"normal normal 400 normal 14px / normal \\\"Avenir Book\\\", sans-serif\",\"paddingTop\":\"0px\",\"borderColor\":\"rgb(108, 104, 100)\",\"paddingBottom\":\"0px\",\"borderWidth\":\"0px\",\"zIndex\":\"auto\",\"height\":\"auto\"}}","locator":"//div[@data-page=\"Subcategory\"]","locatorType":"xpath","name":"taCategoryPage","uuid":"taCategoryPage15//div[@data-page=\"Subcategory\"]","meta":{"revision":0,"created":1541413829157,"version":0},"$loki":3}
2018-11-05T10:30:29.157Z [[32minfo[39m] 	15 Elements locator: {"value":"//div[@data-page=\"Subcategory\"]","using":"xpath"}
2018-11-05T10:30:29.269Z [[32minfo[39m] 	15 Elements response: {"sessionId":"c8b70c5035d180ef6a250df5c0b94dac","status":0,"value":[{"ELEMENT":"0.09373358447035551-2"}]}
2018-11-05T10:30:29.275Z [[32minfo[39m] 	16 Sending GET request to http://localhost:9516/session/c8b70c5035d180ef6a250df5c0b94dac/element/0.09373358447035551-2/displayed:  {}
2018-11-05T10:30:29.295Z [[32minfo[39m] 	17 Sending POST request to http://localhost:9516/session/c8b70c5035d180ef6a250df5c0b94dac/element/0.09373358447035551-2/click:  {}
2018-11-05T10:30:32.354Z [[32minfo[39m] 	18 Sending GET request to http://localhost:9516/session/c8b70c5035d180ef6a250df5c0b94dac/window_handles:  {}
2018-11-05T10:30:32.364Z [[32minfo[39m] 	19 Sending POST request to http://localhost:9516/session/c8b70c5035d180ef6a250df5c0b94dac/window:  {"name":"CDwindow-22E9D05824E2706072BEDFE11CEDFBE9"}
2018-11-05T10:30:32.373Z [[32minfo[39m] 	20 Sending GET request to http://localhost:9516/session/c8b70c5035d180ef6a250df5c0b94dac/window_handles:  {}
2018-11-05T10:30:32.384Z [[32minfo[39m] 	21 Sending POST request to http://localhost:9516/session/c8b70c5035d180ef6a250df5c0b94dac/goog/cdp/execute:  {"cmd":"Network.clearBrowserCookies","params":{}}
2018-11-05T10:30:32.398Z [[32minfo[39m] 	22 Sending POST request to http://localhost:9516/session/c8b70c5035d180ef6a250df5c0b94dac/url:  {"url":"about:blank"}
2018-11-05T10:30:32.468Z [[32minfo[39m] 	23 Sending elements request to http://localhost:9516/session/c8b70c5035d180ef6a250df5c0b94dac:  {"using":"xpath","value":"/html/body/*"}
2018-11-05T10:30:32.469Z [[32minfo[39m] 	23 Elements locator: {"value":"/html/body/*","using":"xpath"}
2018-11-05T10:30:32.480Z [[32minfo[39m] 	23 Elements response: {"sessionId":"c8b70c5035d180ef6a250df5c0b94dac","status":0,"value":[]}
2018-11-05T10:30:32.485Z [[32minfo[39m] 	24 Sending DELETE request to http://localhost:9516/session/c8b70c5035d180ef6a250df5c0b94dac:  {}
2018-11-05T10:30:32.550Z [[32minfo[39m] 	Sync elements
2018-11-05T10:30:33.277Z [[32minfo[39m] 	Stopping driver
