2018-11-05T11:19:51.949Z [[32minfo[39m] 	Starting TrueAutomation.IO client
2018-11-05T11:19:51.950Z [[32minfo[39m] 	API key: 44c69a48-ba10-4fb0-b4a2-b07e2da25af9
2018-11-05T11:19:51.950Z [[32minfo[39m] 	Project name: capybaraTest
2018-11-05T11:19:51.951Z [[32minfo[39m] 	Cloud server: https://app.trueautomation.io
2018-11-05T11:19:51.951Z [[32minfo[39m] 	Starting chromeDriver /Users/true/.trueautomation/chromedriver/chromedriver_mac64_2.43 on port 9516...
2018-11-05T11:19:52.487Z [[32minfo[39m] 	TrueAutomation.IO Client is listening on port 9515
2018-11-05T11:19:53.669Z [[32minfo[39m] 	0 Create session response: {"sessionId":"9ca05f4bef8525efeefc12570aa44d09","status":0,"value":{"acceptInsecureCerts":false,"acceptSslCerts":false,"applicationCacheEnabled":false,"browserConnectionEnabled":false,"browserName":"chrome","chrome":{"chromedriverVersion":"2.43.600229 (3fae4d0cda5334b4f533bede5a4787f7b832d052)","userDataDir":"/var/folders/h_/pvcns8sj7sj5v8df934tz8dm0000gq/T/.org.chromium.Chromium.DQXmIa"},"cssSelectorsEnabled":true,"databaseEnabled":false,"goog:chromeOptions":{"debuggerAddress":"localhost:60642"},"handlesAlerts":true,"hasTouchScreen":false,"javascriptEnabled":true,"locationContextEnabled":true,"mobileEmulationEnabled":false,"nativeEvents":true,"networkConnectionEnabled":false,"pageLoadStrategy":"normal","platform":"Mac OS X","rotatable":false,"setWindowRect":true,"takesHeapSnapshot":true,"takesScreenshot":true,"unexpectedAlertBehaviour":"","version":"70.0.3538.77","webStorageEnabled":true}}
2018-11-05T11:19:53.686Z [[32minfo[39m] 	1 Sending POST request to http://localhost:9516/session/9ca05f4bef8525efeefc12570aa44d09/url:  {"url":"http://annieselke.com"}
2018-11-05T11:19:56.734Z [[32minfo[39m] 	2 Sending elements request to http://localhost:9516/session/9ca05f4bef8525efeefc12570aa44d09:  {"using":"xpath","value":"//div[@data-page=\"Home\"]__ta__taHome__ta__"}
2018-11-05T11:19:58.065Z [[32minfo[39m] 	2 Enum nodes response:  {"sessionId":"9ca05f4bef8525efeefc12570a
2018-11-05T11:19:59.633Z [[32minfo[39m] 	2 Elements locator: {"value":"/*[1]/*[4]/*[2]/*[1]/*[1]","using":"xpath"}
2018-11-05T11:19:59.817Z [[32minfo[39m] 	2 Elements response: {"sessionId":"9ca05f4bef8525efeefc12570aa44d09","status":0,"value":[]}
2018-11-05T11:19:59.875Z [[32minfo[39m] 	3 Sending elements request to http://localhost:9516/session/9ca05f4bef8525efeefc12570aa44d09:  {"using":"xpath","value":"//div[@data-page=\"Home\"]__ta__taHome__ta__"}
2018-11-05T11:20:00.244Z [[32minfo[39m] 	3 Enum nodes response:  {"sessionId":"9ca05f4bef8525efeefc12570a
2018-11-05T11:20:00.731Z [[32minfo[39m] 	3 Elements locator: {"value":"/*[1]/*[2]/*[2]/*[1]/*[3]/*[2]","using":"xpath"}
2018-11-05T11:20:00.767Z [[32minfo[39m] 	3 Elements response: {"sessionId":"9ca05f4bef8525efeefc12570aa44d09","status":0,"value":[{"ELEMENT":"0.7649419172637697-1"}]}
2018-11-05T11:20:00.772Z [[32minfo[39m] 	4 Sending GET request to http://localhost:9516/session/9ca05f4bef8525efeefc12570aa44d09/element/0.7649419172637697-1/displayed:  {}
2018-11-05T11:20:00.846Z [[32minfo[39m] 	5 Sending elements request to http://localhost:9516/session/9ca05f4bef8525efeefc12570aa44d09:  {"using":"xpath","value":"//div[@data-page=\"Home\"]__ta__taHome__ta__"}
2018-11-05T11:20:01.138Z [[32minfo[39m] 	5 Enum nodes response:  {"sessionId":"9ca05f4bef8525efeefc12570a
2018-11-05T11:20:01.604Z [[32minfo[39m] 	5 Elements locator: {"value":"/*[1]/*[2]/*[2]/*[1]/*[3]/*[2]","using":"xpath"}
2018-11-05T11:20:01.625Z [[32minfo[39m] 	5 Elements response: {"sessionId":"9ca05f4bef8525efeefc12570aa44d09","status":0,"value":[{"ELEMENT":"0.7649419172637697-1"}]}
2018-11-05T11:20:01.629Z [[32minfo[39m] 	6 Sending GET request to http://localhost:9516/session/9ca05f4bef8525efeefc12570aa44d09/element/0.7649419172637697-1/displayed:  {}
2018-11-05T11:20:01.700Z [[32minfo[39m] 	7 Sending elements request to http://localhost:9516/session/9ca05f4bef8525efeefc12570aa44d09:  {"using":"xpath","value":"//div[@data-page=\"Home\"]__ta__taHome__ta__"}
2018-11-05T11:20:01.985Z [[32minfo[39m] 	7 Enum nodes response:  {"sessionId":"9ca05f4bef8525efeefc12570a
2018-11-05T11:20:02.448Z [[32minfo[39m] 	7 Elements locator: {"value":"/*[1]/*[2]/*[2]/*[1]/*[3]/*[2]","using":"xpath"}
2018-11-05T11:20:02.470Z [[32minfo[39m] 	7 Elements response: {"sessionId":"9ca05f4bef8525efeefc12570aa44d09","status":0,"value":[{"ELEMENT":"0.7649419172637697-1"}]}
2018-11-05T11:20:02.475Z [[32minfo[39m] 	8 Sending GET request to http://localhost:9516/session/9ca05f4bef8525efeefc12570aa44d09/element/0.7649419172637697-1/displayed:  {}
2018-11-05T11:20:02.488Z [[32minfo[39m] 	9 Sending GET request to http://localhost:9516/session/9ca05f4bef8525efeefc12570aa44d09/window_handles:  {}
2018-11-05T11:20:02.498Z [[32minfo[39m] 	10 Sending POST request to http://localhost:9516/session/9ca05f4bef8525efeefc12570aa44d09/window:  {"name":"CDwindow-655F4B14EBD0330760DF28F48022CAA7"}
2018-11-05T11:20:02.507Z [[32minfo[39m] 	11 Sending GET request to http://localhost:9516/session/9ca05f4bef8525efeefc12570aa44d09/window_handles:  {}
2018-11-05T11:20:02.518Z [[32minfo[39m] 	12 Sending POST request to http://localhost:9516/session/9ca05f4bef8525efeefc12570aa44d09/goog/cdp/execute:  {"cmd":"Network.clearBrowserCookies","params":{}}
2018-11-05T11:20:02.533Z [[32minfo[39m] 	13 Sending POST request to http://localhost:9516/session/9ca05f4bef8525efeefc12570aa44d09/url:  {"url":"about:blank"}
2018-11-05T11:20:02.626Z [[32minfo[39m] 	14 Sending elements request to http://localhost:9516/session/9ca05f4bef8525efeefc12570aa44d09:  {"using":"xpath","value":"/html/body/*"}
2018-11-05T11:20:02.626Z [[32minfo[39m] 	14 Elements locator: {"value":"/html/body/*","using":"xpath"}
2018-11-05T11:20:02.643Z [[32minfo[39m] 	14 Elements response: {"sessionId":"9ca05f4bef8525efeefc12570aa44d09","status":0,"value":[]}
2018-11-05T11:20:02.648Z [[32minfo[39m] 	15 Sending POST request to http://localhost:9516/session/9ca05f4bef8525efeefc12570aa44d09/url:  {"url":"http://annieselke.com"}
2018-11-05T11:20:04.193Z [[32minfo[39m] 	16 Sending elements request to http://localhost:9516/session/9ca05f4bef8525efeefc12570aa44d09:  {"using":"xpath","value":"//button//span//a[contains(text(),\"Rugs\")]__ta__taCategory__ta__"}
2018-11-05T11:20:05.578Z [[32minfo[39m] 	16 Enum nodes response:  {"sessionId":"9ca05f4bef8525efeefc12570a
2018-11-05T11:20:06.967Z [[32minfo[39m] 	16 Elements locator: {"value":"/*[1]/*[4]/*[7]/*[1]/*[1]/*[3]/*[1]/*[1]/*[1]/*[1]","using":"xpath"}
2018-11-05T11:20:06.985Z [[32minfo[39m] 	16 Elements response: {"sessionId":"9ca05f4bef8525efeefc12570aa44d09","status":0,"value":[{"ELEMENT":"0.7280249073622431-1"}]}
2018-11-05T11:20:06.989Z [[32minfo[39m] 	17 Sending GET request to http://localhost:9516/session/9ca05f4bef8525efeefc12570aa44d09/element/0.7280249073622431-1/displayed:  {}
2018-11-05T11:20:07.008Z [[32minfo[39m] 	18 Sending POST request to http://localhost:9516/session/9ca05f4bef8525efeefc12570aa44d09/element/0.7280249073622431-1/click:  {}
2018-11-05T11:20:10.917Z [[32minfo[39m] 	19 Sending elements request to http://localhost:9516/session/9ca05f4bef8525efeefc12570aa44d09:  {"using":"xpath","value":"//div[@data-page=\"Subcategory\"]__ta__taCategoryPage__ta__"}
2018-11-05T11:20:11.325Z [[32minfo[39m] 	19 Enum nodes response:  {"sessionId":"9ca05f4bef8525efeefc12570a
2018-11-05T11:20:12.595Z [[32minfo[39m] 	19 Elements locator: {"value":"/*[1]/*[4]/*[2]/*[1]/*[1]","using":"xpath"}
2018-11-05T11:20:12.625Z [[32minfo[39m] 	19 Elements response: {"sessionId":"9ca05f4bef8525efeefc12570aa44d09","status":0,"value":[]}
2018-11-05T11:20:12.683Z [[32minfo[39m] 	20 Sending elements request to http://localhost:9516/session/9ca05f4bef8525efeefc12570aa44d09:  {"using":"xpath","value":"//div[@data-page=\"Subcategory\"]__ta__taCategoryPage__ta__"}
2018-11-05T11:20:12.966Z [[32minfo[39m] 	20 Enum nodes response:  {"sessionId":"9ca05f4bef8525efeefc12570a
2018-11-05T11:20:13.393Z [[32minfo[39m] 	20 Elements locator: {"value":"/*[1]/*[2]/*[2]/*[1]/*[3]/*[3]","using":"xpath"}
2018-11-05T11:20:13.422Z [[32minfo[39m] 	20 Elements response: {"sessionId":"9ca05f4bef8525efeefc12570aa44d09","status":0,"value":[{"ELEMENT":"0.9560925646445635-1"}]}
2018-11-05T11:20:13.428Z [[32minfo[39m] 	21 Sending GET request to http://localhost:9516/session/9ca05f4bef8525efeefc12570aa44d09/element/0.9560925646445635-1/displayed:  {}
2018-11-05T11:20:13.501Z [[32minfo[39m] 	22 Sending elements request to http://localhost:9516/session/9ca05f4bef8525efeefc12570aa44d09:  {"using":"xpath","value":"//div[@data-page=\"Subcategory\"]__ta__taCategoryPage__ta__"}
2018-11-05T11:20:13.745Z [[32minfo[39m] 	22 Enum nodes response:  {"sessionId":"9ca05f4bef8525efeefc12570a
2018-11-05T11:20:14.171Z [[32minfo[39m] 	22 Elements locator: {"value":"/*[1]/*[2]/*[2]/*[1]/*[3]/*[3]","using":"xpath"}
2018-11-05T11:20:14.198Z [[32minfo[39m] 	22 Elements response: {"sessionId":"9ca05f4bef8525efeefc12570aa44d09","status":0,"value":[{"ELEMENT":"0.9560925646445635-1"}]}
2018-11-05T11:20:14.203Z [[32minfo[39m] 	23 Sending GET request to http://localhost:9516/session/9ca05f4bef8525efeefc12570aa44d09/element/0.9560925646445635-1/displayed:  {}
2018-11-05T11:20:14.274Z [[32minfo[39m] 	24 Sending elements request to http://localhost:9516/session/9ca05f4bef8525efeefc12570aa44d09:  {"using":"xpath","value":"//div[@data-page=\"Subcategory\"]__ta__taCategoryPage__ta__"}
2018-11-05T11:20:14.527Z [[32minfo[39m] 	24 Enum nodes response:  {"sessionId":"9ca05f4bef8525efeefc12570a
2018-11-05T11:20:14.965Z [[32minfo[39m] 	24 Elements locator: {"value":"/*[1]/*[2]/*[2]/*[1]/*[3]/*[3]","using":"xpath"}
2018-11-05T11:20:14.992Z [[32minfo[39m] 	24 Elements response: {"sessionId":"9ca05f4bef8525efeefc12570aa44d09","status":0,"value":[{"ELEMENT":"0.9560925646445635-1"}]}
2018-11-05T11:20:14.998Z [[32minfo[39m] 	25 Sending GET request to http://localhost:9516/session/9ca05f4bef8525efeefc12570aa44d09/element/0.9560925646445635-1/displayed:  {}
2018-11-05T11:20:15.066Z [[32minfo[39m] 	26 Sending elements request to http://localhost:9516/session/9ca05f4bef8525efeefc12570aa44d09:  {"using":"xpath","value":"//div[@data-page=\"Subcategory\"]__ta__taCategoryPage__ta__"}
2018-11-05T11:20:15.319Z [[32minfo[39m] 	26 Enum nodes response:  {"sessionId":"9ca05f4bef8525efeefc12570a
2018-11-05T11:20:15.739Z [[32minfo[39m] 	26 Elements locator: {"value":"/*[1]/*[2]/*[2]/*[1]/*[3]/*[3]","using":"xpath"}
2018-11-05T11:20:15.767Z [[32minfo[39m] 	26 Elements response: {"sessionId":"9ca05f4bef8525efeefc12570aa44d09","status":0,"value":[{"ELEMENT":"0.9560925646445635-1"}]}
2018-11-05T11:20:15.773Z [[32minfo[39m] 	27 Sending GET request to http://localhost:9516/session/9ca05f4bef8525efeefc12570aa44d09/element/0.9560925646445635-1/displayed:  {}
2018-11-05T11:20:15.839Z [[32minfo[39m] 	28 Sending elements request to http://localhost:9516/session/9ca05f4bef8525efeefc12570aa44d09:  {"using":"xpath","value":"//div[@data-page=\"Subcategory\"]__ta__taCategoryPage__ta__"}
2018-11-05T11:20:16.147Z [[32minfo[39m] 	28 Enum nodes response:  {"sessionId":"9ca05f4bef8525efeefc12570a
2018-11-05T11:20:16.574Z [[32minfo[39m] 	28 Elements locator: {"value":"/*[1]/*[2]/*[2]/*[1]/*[3]/*[3]","using":"xpath"}
2018-11-05T11:20:16.601Z [[32minfo[39m] 	28 Elements response: {"sessionId":"9ca05f4bef8525efeefc12570aa44d09","status":0,"value":[{"ELEMENT":"0.9560925646445635-1"}]}
2018-11-05T11:20:16.606Z [[32minfo[39m] 	29 Sending GET request to http://localhost:9516/session/9ca05f4bef8525efeefc12570aa44d09/element/0.9560925646445635-1/displayed:  {}
2018-11-05T11:20:16.619Z [[32minfo[39m] 	30 Sending GET request to http://localhost:9516/session/9ca05f4bef8525efeefc12570aa44d09/window_handles:  {}
2018-11-05T11:20:16.628Z [[32minfo[39m] 	31 Sending POST request to http://localhost:9516/session/9ca05f4bef8525efeefc12570aa44d09/window:  {"name":"CDwindow-655F4B14EBD0330760DF28F48022CAA7"}
2018-11-05T11:20:16.637Z [[32minfo[39m] 	32 Sending GET request to http://localhost:9516/session/9ca05f4bef8525efeefc12570aa44d09/window_handles:  {}
2018-11-05T11:20:16.647Z [[32minfo[39m] 	33 Sending POST request to http://localhost:9516/session/9ca05f4bef8525efeefc12570aa44d09/goog/cdp/execute:  {"cmd":"Network.clearBrowserCookies","params":{}}
2018-11-05T11:20:16.662Z [[32minfo[39m] 	34 Sending POST request to http://localhost:9516/session/9ca05f4bef8525efeefc12570aa44d09/url:  {"url":"about:blank"}
2018-11-05T11:20:16.717Z [[32minfo[39m] 	35 Sending elements request to http://localhost:9516/session/9ca05f4bef8525efeefc12570aa44d09:  {"using":"xpath","value":"/html/body/*"}
2018-11-05T11:20:16.717Z [[32minfo[39m] 	35 Elements locator: {"value":"/html/body/*","using":"xpath"}
2018-11-05T11:20:16.733Z [[32minfo[39m] 	35 Elements response: {"sessionId":"9ca05f4bef8525efeefc12570aa44d09","status":0,"value":[]}
2018-11-05T11:20:16.761Z [[32minfo[39m] 	36 Sending DELETE request to http://localhost:9516/session/9ca05f4bef8525efeefc12570aa44d09:  {}
2018-11-05T11:20:16.824Z [[32minfo[39m] 	Sync elements
2018-11-05T11:20:17.558Z [[32minfo[39m] 	Stopping driver
