2018-11-05T10:15:03.390Z [[32minfo[39m] 	Starting TrueAutomation.IO client
2018-11-05T10:15:03.391Z [[32minfo[39m] 	API key: 44c69a48-ba10-4fb0-b4a2-b07e2da25af9
2018-11-05T10:15:03.391Z [[32minfo[39m] 	Project name: capybaraTest
2018-11-05T10:15:03.391Z [[32minfo[39m] 	Cloud server: https://app.trueautomation.io
2018-11-05T10:15:03.391Z [[32minfo[39m] 	Starting chromeDriver /Users/true/.trueautomation/chromedriver/chromedriver_mac64_2.43 on port 9516...
2018-11-05T10:15:03.846Z [[32minfo[39m] 	TrueAutomation.IO Client is listening on port 9515
2018-11-05T10:15:04.915Z [[32minfo[39m] 	0 Create session response: {"sessionId":"2cfadf96100b0463dbcaa82c9a199a75","status":0,"value":{"acceptInsecureCerts":false,"acceptSslCerts":false,"applicationCacheEnabled":false,"browserConnectionEnabled":false,"browserName":"chrome","chrome":{"chromedriverVersion":"2.43.600229 (3fae4d0cda5334b4f533bede5a4787f7b832d052)","userDataDir":"/var/folders/h_/pvcns8sj7sj5v8df934tz8dm0000gq/T/.org.chromium.Chromium.tx5kIP"},"cssSelectorsEnabled":true,"databaseEnabled":false,"goog:chromeOptions":{"debuggerAddress":"localhost:57139"},"handlesAlerts":true,"hasTouchScreen":true,"javascriptEnabled":true,"locationContextEnabled":true,"mobileEmulationEnabled":true,"nativeEvents":true,"networkConnectionEnabled":false,"pageLoadStrategy":"normal","platform":"Mac OS X","rotatable":false,"setWindowRect":true,"takesHeapSnapshot":true,"takesScreenshot":true,"unexpectedAlertBehaviour":"","version":"70.0.3538.77","webStorageEnabled":true}}
2018-11-05T10:15:04.932Z [[32minfo[39m] 	1 Sending POST request to http://localhost:9516/session/2cfadf96100b0463dbcaa82c9a199a75/url:  {"url":"http://annieselke.com"}
2018-11-05T10:15:11.619Z [[32minfo[39m] 	2 Sending elements request to http://localhost:9516/session/2cfadf96100b0463dbcaa82c9a199a75:  {"using":"xpath","value":"//div[@data-page=\"Home\"]__ta__taHome__ta__"}
2018-11-05T10:15:12.015Z [[32minfo[39m] 	2 Enum nodes response:  {"sessionId":"2cfadf96100b0463dbcaa82c9a
2018-11-05T10:15:12.312Z [[32minfo[39m] 	2 Elements locator: {"value":"/*[1]/*[2]/*[2]/*[1]/*[3]/*[2]","using":"xpath"}
2018-11-05T10:15:12.328Z [[32minfo[39m] 	2 Elements response: {"sessionId":"2cfadf96100b0463dbcaa82c9a199a75","status":0,"value":[{"ELEMENT":"0.26160485167715053-1"}]}
2018-11-05T10:15:12.333Z [[32minfo[39m] 	3 Sending GET request to http://localhost:9516/session/2cfadf96100b0463dbcaa82c9a199a75/element/0.26160485167715053-1/displayed:  {}
2018-11-05T10:15:12.352Z [[32minfo[39m] 	4 Sending POST request to http://localhost:9516/session/2cfadf96100b0463dbcaa82c9a199a75/element/0.26160485167715053-1/click:  {}
2018-11-05T10:15:12.459Z [[32minfo[39m] 	5 Sending elements request to http://localhost:9516/session/2cfadf96100b0463dbcaa82c9a199a75:  {"using":"xpath","value":"//button//span//a[contains(text(),\"Rugs\")]__ta__taCategory__ta__"}
2018-11-05T10:15:12.595Z [[32minfo[39m] 	5 Enum nodes response:  {"sessionId":"2cfadf96100b0463dbcaa82c9a
2018-11-05T10:15:12.786Z [[32minfo[39m] 	5 Elements locator: {"value":"/*[1]/*[2]/*[2]/*[1]/*[2]/*[1]/*[2]/*[2]/*[1]/*[1]/*[1]/*[1]/*[1]/*[1]","using":"xpath"}
2018-11-05T10:15:12.822Z [[32minfo[39m] 	5 Elements response: {"sessionId":"2cfadf96100b0463dbcaa82c9a199a75","status":0,"value":[{"ELEMENT":"0.26160485167715053-2"}]}
2018-11-05T10:15:12.826Z [[32minfo[39m] 	6 Sending GET request to http://localhost:9516/session/2cfadf96100b0463dbcaa82c9a199a75/element/0.26160485167715053-2/displayed:  {}
2018-11-05T10:15:12.847Z [[32minfo[39m] 	7 Sending POST request to http://localhost:9516/session/2cfadf96100b0463dbcaa82c9a199a75/element/0.26160485167715053-2/click:  {}
2018-11-05T10:15:13.543Z [[32minfo[39m] 	8 Sending elements request to http://localhost:9516/session/2cfadf96100b0463dbcaa82c9a199a75:  {"using":"xpath","value":"//div[@data-page=\"Subcategory\"]__ta__taCategoryPage__ta__"}
2018-11-05T10:15:13.800Z [[32minfo[39m] 	8 Enum nodes response:  {"sessionId":"2cfadf96100b0463dbcaa82c9a
2018-11-05T10:15:15.055Z [[32minfo[39m] 	8 Elements locator: {"value":"/*[1]/*[2]/*[2]/*[1]/*[3]/*[1]","using":"xpath"}
2018-11-05T10:15:15.093Z [[32minfo[39m] 	8 Elements response: {"sessionId":"2cfadf96100b0463dbcaa82c9a199a75","status":0,"value":[{"ELEMENT":"0.26160485167715053-1"}]}
2018-11-05T10:15:15.099Z [[32minfo[39m] 	9 Sending GET request to http://localhost:9516/session/2cfadf96100b0463dbcaa82c9a199a75/element/0.26160485167715053-1/displayed:  {}
2018-11-05T10:15:15.170Z [[32minfo[39m] 	10 Sending elements request to http://localhost:9516/session/2cfadf96100b0463dbcaa82c9a199a75:  {"using":"xpath","value":"//div[@data-page=\"Subcategory\"]__ta__taCategoryPage__ta__"}
2018-11-05T10:15:15.393Z [[32minfo[39m] 	10 Enum nodes response:  {"sessionId":"2cfadf96100b0463dbcaa82c9a
2018-11-05T10:15:16.612Z [[32minfo[39m] 	10 Elements locator: {"value":"/*[1]/*[2]/*[2]/*[1]/*[3]/*[1]","using":"xpath"}
2018-11-05T10:15:16.639Z [[32minfo[39m] 	10 Elements response: {"sessionId":"2cfadf96100b0463dbcaa82c9a199a75","status":0,"value":[{"ELEMENT":"0.26160485167715053-1"}]}
2018-11-05T10:15:16.645Z [[32minfo[39m] 	11 Sending GET request to http://localhost:9516/session/2cfadf96100b0463dbcaa82c9a199a75/element/0.26160485167715053-1/displayed:  {}
2018-11-05T10:15:16.715Z [[32minfo[39m] 	12 Sending elements request to http://localhost:9516/session/2cfadf96100b0463dbcaa82c9a199a75:  {"using":"xpath","value":"//div[@data-page=\"Subcategory\"]__ta__taCategoryPage__ta__"}
2018-11-05T10:15:16.928Z [[32minfo[39m] 	12 Enum nodes response:  {"sessionId":"2cfadf96100b0463dbcaa82c9a
2018-11-05T10:15:18.083Z [[32minfo[39m] 	12 Elements locator: {"value":"/*[1]/*[2]/*[2]/*[1]/*[3]/*[1]","using":"xpath"}
2018-11-05T10:15:18.113Z [[32minfo[39m] 	12 Elements response: {"sessionId":"2cfadf96100b0463dbcaa82c9a199a75","status":0,"value":[{"ELEMENT":"0.26160485167715053-1"}]}
2018-11-05T10:15:18.118Z [[32minfo[39m] 	13 Sending GET request to http://localhost:9516/session/2cfadf96100b0463dbcaa82c9a199a75/element/0.26160485167715053-1/displayed:  {}
2018-11-05T10:15:18.187Z [[32minfo[39m] 	14 Sending elements request to http://localhost:9516/session/2cfadf96100b0463dbcaa82c9a199a75:  {"using":"xpath","value":"//div[@data-page=\"Subcategory\"]__ta__taCategoryPage__ta__"}
2018-11-05T10:15:18.397Z [[32minfo[39m] 	14 Enum nodes response:  {"sessionId":"2cfadf96100b0463dbcaa82c9a
2018-11-05T10:15:19.533Z [[32minfo[39m] 	14 Elements locator: {"value":"/*[1]/*[2]/*[2]/*[1]/*[3]/*[1]","using":"xpath"}
2018-11-05T10:15:19.561Z [[32minfo[39m] 	14 Elements response: {"sessionId":"2cfadf96100b0463dbcaa82c9a199a75","status":0,"value":[{"ELEMENT":"0.26160485167715053-1"}]}
2018-11-05T10:15:19.567Z [[32minfo[39m] 	15 Sending GET request to http://localhost:9516/session/2cfadf96100b0463dbcaa82c9a199a75/element/0.26160485167715053-1/displayed:  {}
2018-11-05T10:15:19.581Z [[32minfo[39m] 	16 Sending GET request to http://localhost:9516/session/2cfadf96100b0463dbcaa82c9a199a75/window_handles:  {}
2018-11-05T10:15:19.590Z [[32minfo[39m] 	17 Sending POST request to http://localhost:9516/session/2cfadf96100b0463dbcaa82c9a199a75/window:  {"name":"CDwindow-071FB601531F738095D3B6F9235DF7E9"}
2018-11-05T10:15:19.601Z [[32minfo[39m] 	18 Sending GET request to http://localhost:9516/session/2cfadf96100b0463dbcaa82c9a199a75/window_handles:  {}
2018-11-05T10:15:19.611Z [[32minfo[39m] 	19 Sending POST request to http://localhost:9516/session/2cfadf96100b0463dbcaa82c9a199a75/goog/cdp/execute:  {"cmd":"Network.clearBrowserCookies","params":{}}
2018-11-05T10:15:19.623Z [[32minfo[39m] 	20 Sending POST request to http://localhost:9516/session/2cfadf96100b0463dbcaa82c9a199a75/url:  {"url":"about:blank"}
2018-11-05T10:15:19.737Z [[32minfo[39m] 	21 Sending elements request to http://localhost:9516/session/2cfadf96100b0463dbcaa82c9a199a75:  {"using":"xpath","value":"/html/body/*"}
2018-11-05T10:15:19.737Z [[32minfo[39m] 	21 Elements locator: {"value":"/html/body/*","using":"xpath"}
2018-11-05T10:15:19.753Z [[32minfo[39m] 	21 Elements response: {"sessionId":"2cfadf96100b0463dbcaa82c9a199a75","status":0,"value":[]}
2018-11-05T10:15:19.818Z [[32minfo[39m] 	22 Sending DELETE request to http://localhost:9516/session/2cfadf96100b0463dbcaa82c9a199a75:  {}
2018-11-05T10:15:19.899Z [[32minfo[39m] 	Sync elements
2018-11-05T10:15:20.472Z [[32minfo[39m] 	Stopping driver
