2018-11-05T13:19:52.021Z [[32minfo[39m] 	Starting TrueAutomation.IO client
2018-11-05T13:19:52.022Z [[32minfo[39m] 	API key: 44c69a48-ba10-4fb0-b4a2-b07e2da25af9
2018-11-05T13:19:52.022Z [[32minfo[39m] 	Project name: capybaraTest
2018-11-05T13:19:52.022Z [[32minfo[39m] 	Cloud server: https://app.trueautomation.io
2018-11-05T13:19:52.022Z [[32minfo[39m] 	Starting chromeDriver /Users/true/.trueautomation/chromedriver/chromedriver_mac64_2.43 on port 9516...
2018-11-05T13:19:52.552Z [[32minfo[39m] 	TrueAutomation.IO Client is listening on port 9515
2018-11-05T13:19:53.907Z [[32minfo[39m] 	0 Create session response: {"sessionId":"8585ed89c2f80c13b62299d2c2dfd879","status":0,"value":{"acceptInsecureCerts":false,"acceptSslCerts":false,"applicationCacheEnabled":false,"browserConnectionEnabled":false,"browserName":"chrome","chrome":{"chromedriverVersion":"2.43.600229 (3fae4d0cda5334b4f533bede5a4787f7b832d052)","userDataDir":"/var/folders/h_/pvcns8sj7sj5v8df934tz8dm0000gq/T/.org.chromium.Chromium.nNTTSn"},"cssSelectorsEnabled":true,"databaseEnabled":false,"goog:chromeOptions":{"debuggerAddress":"localhost:50850"},"handlesAlerts":true,"hasTouchScreen":true,"javascriptEnabled":true,"locationContextEnabled":true,"mobileEmulationEnabled":true,"nativeEvents":true,"networkConnectionEnabled":false,"pageLoadStrategy":"normal","platform":"Mac OS X","rotatable":false,"setWindowRect":true,"takesHeapSnapshot":true,"takesScreenshot":true,"unexpectedAlertBehaviour":"","version":"70.0.3538.77","webStorageEnabled":true}}
2018-11-05T13:19:53.925Z [[32minfo[39m] 	1 Sending POST request to http://localhost:9516/session/8585ed89c2f80c13b62299d2c2dfd879/url:  {"url":"http://annieselke.com"}
2018-11-05T13:19:59.222Z [[32minfo[39m] 	2 Sending elements request to http://localhost:9516/session/8585ed89c2f80c13b62299d2c2dfd879:  {"using":"xpath","value":"//div[@data-page=\"Home\"]__ta__taHome__ta__"}
2018-11-05T13:19:59.735Z [[32minfo[39m] 	2 Element record result: {"entity":"{\"tag\":\"DIV\",\"class\":null,\"id\":null,\"attrs\":{\"data-page\":\"Home\",\"style\":\"display:block\"},\"addr\":\"0.1.1.0.2.1\",\"content\":[],\"css\":{\"outline\":\"rgb(108, 104, 100) none 0px\",\"overflow\":\"visible\",\"zIndex\":\"auto\",\"borderRight\":\"0px none rgb(108, 104, 100)\",\"opacity\":\"1\",\"backgroundColor\":\"rgba(0, 0, 0, 0)\",\"paddingLeft\":\"0px\",\"fontFamily\":\"\\\"Avenir Book\\\", sans-serif\",\"backgroundImage\":\"none\",\"borderBottom\":\"0px none rgb(108, 104, 100)\",\"visibility\":\"visible\",\"textTransform\":\"none\",\"borderColor\":\"rgb(108, 104, 100)\",\"position\":\"static\",\"borderTop\":\"0px none rgb(108, 104, 100)\",\"display\":\"block\",\"borderRadius\":\"0px\",\"color\":\"rgb(108, 104, 100)\",\"content\":\"normal\",\"font\":\"normal normal 400 normal 14px / normal \\\"Avenir Book\\\", sans-serif\",\"fontWeight\":\"400\",\"paddingTop\":\"0px\",\"textShadow\":\"none\",\"paddingRight\":\"0px\",\"maxWidth\":\"none\",\"paddingBottom\":\"0px\",\"lineHeight\":\"normal\",\"width\":\"360px\",\"border\":\"0px none rgb(108, 104, 100)\",\"borderWidth\":\"0px\",\"background\":\"rgba(0, 0, 0, 0) none repeat scroll 0% 0% / auto padding-box border-box\",\"padding\":\"0px\",\"maxHeight\":\"none\",\"borderLeft\":\"0px none rgb(108, 104, 100)\",\"textAlign\":\"start\",\"height\":\"3418.03px\",\"justifyContent\":\"normal\"}}","locator":"//div[@data-page=\"Home\"]","locatorType":"xpath","name":"taHome","uuid":"taHome2//div[@data-page=\"Home\"]","meta":{"revision":0,"created":1541423999735,"version":0},"$loki":1}
2018-11-05T13:19:59.736Z [[32minfo[39m] 	2 Elements locator: {"value":"//div[@data-page=\"Home\"]","using":"xpath"}
2018-11-05T13:19:59.752Z [[32minfo[39m] 	2 Elements response: {"sessionId":"8585ed89c2f80c13b62299d2c2dfd879","status":0,"value":[{"ELEMENT":"0.535841153534131-1"}]}
2018-11-05T13:19:59.757Z [[32minfo[39m] 	3 Sending GET request to http://localhost:9516/session/8585ed89c2f80c13b62299d2c2dfd879/element/0.535841153534131-1/displayed:  {}
2018-11-05T13:19:59.777Z [[32minfo[39m] 	4 Sending POST request to http://localhost:9516/session/8585ed89c2f80c13b62299d2c2dfd879/element/0.535841153534131-1/click:  {}
2018-11-05T13:20:02.882Z [[32minfo[39m] 	5 Sending GET request to http://localhost:9516/session/8585ed89c2f80c13b62299d2c2dfd879/window_handles:  {}
2018-11-05T13:20:02.893Z [[32minfo[39m] 	6 Sending POST request to http://localhost:9516/session/8585ed89c2f80c13b62299d2c2dfd879/window:  {"name":"CDwindow-54CAC94181D315DD46F123768E4A94E3"}
2018-11-05T13:20:02.903Z [[32minfo[39m] 	7 Sending GET request to http://localhost:9516/session/8585ed89c2f80c13b62299d2c2dfd879/window_handles:  {}
2018-11-05T13:20:02.911Z [[32minfo[39m] 	8 Sending POST request to http://localhost:9516/session/8585ed89c2f80c13b62299d2c2dfd879/goog/cdp/execute:  {"cmd":"Network.clearBrowserCookies","params":{}}
2018-11-05T13:20:02.931Z [[32minfo[39m] 	9 Sending POST request to http://localhost:9516/session/8585ed89c2f80c13b62299d2c2dfd879/url:  {"url":"about:blank"}
2018-11-05T13:20:03.043Z [[32minfo[39m] 	10 Sending elements request to http://localhost:9516/session/8585ed89c2f80c13b62299d2c2dfd879:  {"using":"xpath","value":"/html/body/*"}
2018-11-05T13:20:03.043Z [[32minfo[39m] 	10 Elements locator: {"value":"/html/body/*","using":"xpath"}
2018-11-05T13:20:03.057Z [[32minfo[39m] 	10 Elements response: {"sessionId":"8585ed89c2f80c13b62299d2c2dfd879","status":0,"value":[]}
2018-11-05T13:20:03.062Z [[32minfo[39m] 	11 Sending POST request to http://localhost:9516/session/8585ed89c2f80c13b62299d2c2dfd879/url:  {"url":"http://annieselke.com"}
2018-11-05T13:20:04.569Z [[32minfo[39m] 	12 Sending elements request to http://localhost:9516/session/8585ed89c2f80c13b62299d2c2dfd879:  {"using":"xpath","value":"//button//span//a[contains(text(),\"Rugs\")]__ta__taCategory__ta__"}
2018-11-05T13:20:04.851Z [[32minfo[39m] 	12 Element record result: {"entity":"{\"tag\":\"A\",\"class\":null,\"id\":null,\"attrs\":{\"data-moov-link\":\"on\",\"class\":\"jss57 jss126\",\"data-moov-rel\":\"prefetch\",\"href\":\"https://annieselke.com/Rugs/c/rugs\"},\"addr\":\"0.1.1.0.1.0.1.1.0.0.0.0.0.0\",\"content\":[],\"css\":{\"visibility\":\"visible\",\"borderWidth\":\"0px\",\"position\":\"static\",\"justifyContent\":\"normal\",\"zIndex\":\"auto\",\"borderTop\":\"0px none rgb(108, 104, 100)\",\"overflow\":\"visible\",\"textShadow\":\"none\",\"fontWeight\":\"300\",\"lineHeight\":\"normal\",\"border\":\"0px none rgb(108, 104, 100)\",\"borderRight\":\"0px none rgb(108, 104, 100)\",\"height\":\"19px\",\"padding\":\"0px\",\"outline\":\"rgb(108, 104, 100) none 0px\",\"borderBottom\":\"0px none rgb(108, 104, 100)\",\"paddingBottom\":\"0px\",\"color\":\"rgb(108, 104, 100)\",\"maxWidth\":\"none\",\"width\":\"36.5938px\",\"borderLeft\":\"0px none rgb(108, 104, 100)\",\"content\":\"normal\",\"paddingRight\":\"0px\",\"textTransform\":\"uppercase\",\"borderColor\":\"rgb(108, 104, 100)\",\"paddingTop\":\"0px\",\"background\":\"rgba(0, 0, 0, 0) none repeat scroll 0% 0% / auto padding-box border-box\",\"maxHeight\":\"none\",\"borderRadius\":\"0px\",\"textAlign\":\"center\",\"backgroundColor\":\"rgba(0, 0, 0, 0)\",\"backgroundImage\":\"none\",\"font\":\"normal normal 300 normal 14px / normal \\\"Avenir Book\\\", sans-serif\",\"opacity\":\"1\",\"paddingLeft\":\"0px\",\"display\":\"block\",\"fontFamily\":\"\\\"Avenir Book\\\", sans-serif\"}}","locator":"//button//span//a[contains(text(),\"Rugs\")]","locatorType":"xpath","name":"taCategory","uuid":"taCategory12//button//span//a[contains(text(),\"Rugs\")]","meta":{"revision":0,"created":1541424004851,"version":0},"$loki":2}
2018-11-05T13:20:04.852Z [[32minfo[39m] 	12 Elements locator: {"value":"//button//span//a[contains(text(),\"Rugs\")]","using":"xpath"}
2018-11-05T13:20:04.867Z [[32minfo[39m] 	12 Elements response: {"sessionId":"8585ed89c2f80c13b62299d2c2dfd879","status":0,"value":[{"ELEMENT":"0.44994130199595195-1"}]}
2018-11-05T13:20:04.871Z [[32minfo[39m] 	13 Sending GET request to http://localhost:9516/session/8585ed89c2f80c13b62299d2c2dfd879/element/0.44994130199595195-1/displayed:  {}
2018-11-05T13:20:04.891Z [[32minfo[39m] 	14 Sending POST request to http://localhost:9516/session/8585ed89c2f80c13b62299d2c2dfd879/element/0.44994130199595195-1/click:  {}
2018-11-05T13:20:05.017Z [[32minfo[39m] 	15 Sending elements request to http://localhost:9516/session/8585ed89c2f80c13b62299d2c2dfd879:  {"using":"xpath","value":"//div[@data-page=\"Subcategory\"]__ta__taCategoryPage__ta__"}
2018-11-05T13:20:05.397Z [[32minfo[39m] 	15 Element record result: {"entity":"{\"tag\":\"DIV\",\"class\":null,\"id\":null,\"attrs\":{\"data-page\":\"Subcategory\",\"style\":\"display: none;\"},\"addr\":\"0.1.1.0.2.2\",\"content\":[],\"css\":{\"paddingRight\":\"0px\",\"font\":\"normal normal 400 normal 14px / normal \\\"Avenir Book\\\", sans-serif\",\"textShadow\":\"none\",\"outline\":\"rgb(108, 104, 100) none 0px\",\"visibility\":\"visible\",\"justifyContent\":\"normal\",\"color\":\"rgb(108, 104, 100)\",\"overflow\":\"visible\",\"padding\":\"0px\",\"backgroundColor\":\"rgba(0, 0, 0, 0)\",\"paddingBottom\":\"0px\",\"borderBottom\":\"0px none rgb(108, 104, 100)\",\"fontWeight\":\"400\",\"borderColor\":\"rgb(108, 104, 100)\",\"border\":\"0px none rgb(108, 104, 100)\",\"borderRight\":\"0px none rgb(108, 104, 100)\",\"paddingTop\":\"0px\",\"zIndex\":\"auto\",\"borderLeft\":\"0px none rgb(108, 104, 100)\",\"opacity\":\"1\",\"width\":\"auto\",\"position\":\"static\",\"borderWidth\":\"0px\",\"maxHeight\":\"none\",\"backgroundImage\":\"none\",\"content\":\"normal\",\"maxWidth\":\"none\",\"borderTop\":\"0px none rgb(108, 104, 100)\",\"fontFamily\":\"\\\"Avenir Book\\\", sans-serif\",\"borderRadius\":\"0px\",\"height\":\"auto\",\"textAlign\":\"start\",\"lineHeight\":\"normal\",\"background\":\"rgba(0, 0, 0, 0) none repeat scroll 0% 0% / auto padding-box border-box\",\"textTransform\":\"none\",\"display\":\"none\",\"paddingLeft\":\"0px\"}}","locator":"//div[@data-page=\"Subcategory\"]","locatorType":"xpath","name":"taCategoryPage","uuid":"taCategoryPage15//div[@data-page=\"Subcategory\"]","meta":{"revision":0,"created":1541424005397,"version":0},"$loki":3}
2018-11-05T13:20:05.397Z [[32minfo[39m] 	15 Elements locator: {"value":"//div[@data-page=\"Subcategory\"]","using":"xpath"}
2018-11-05T13:20:05.549Z [[32minfo[39m] 	15 Elements response: {"sessionId":"8585ed89c2f80c13b62299d2c2dfd879","status":0,"value":[{"ELEMENT":"0.44994130199595195-2"}]}
2018-11-05T13:20:05.555Z [[32minfo[39m] 	16 Sending GET request to http://localhost:9516/session/8585ed89c2f80c13b62299d2c2dfd879/element/0.44994130199595195-2/displayed:  {}
2018-11-05T13:20:05.573Z [[32minfo[39m] 	17 Sending POST request to http://localhost:9516/session/8585ed89c2f80c13b62299d2c2dfd879/element/0.44994130199595195-2/click:  {}
2018-11-05T13:20:08.630Z [[32minfo[39m] 	18 Sending GET request to http://localhost:9516/session/8585ed89c2f80c13b62299d2c2dfd879/window_handles:  {}
2018-11-05T13:20:08.640Z [[32minfo[39m] 	19 Sending POST request to http://localhost:9516/session/8585ed89c2f80c13b62299d2c2dfd879/window:  {"name":"CDwindow-54CAC94181D315DD46F123768E4A94E3"}
2018-11-05T13:20:08.650Z [[32minfo[39m] 	20 Sending GET request to http://localhost:9516/session/8585ed89c2f80c13b62299d2c2dfd879/window_handles:  {}
2018-11-05T13:20:08.660Z [[32minfo[39m] 	21 Sending POST request to http://localhost:9516/session/8585ed89c2f80c13b62299d2c2dfd879/goog/cdp/execute:  {"cmd":"Network.clearBrowserCookies","params":{}}
2018-11-05T13:20:08.674Z [[32minfo[39m] 	22 Sending POST request to http://localhost:9516/session/8585ed89c2f80c13b62299d2c2dfd879/url:  {"url":"about:blank"}
2018-11-05T13:20:08.757Z [[32minfo[39m] 	23 Sending elements request to http://localhost:9516/session/8585ed89c2f80c13b62299d2c2dfd879:  {"using":"xpath","value":"/html/body/*"}
2018-11-05T13:20:08.758Z [[32minfo[39m] 	23 Elements locator: {"value":"/html/body/*","using":"xpath"}
2018-11-05T13:20:08.767Z [[32minfo[39m] 	23 Elements response: {"sessionId":"8585ed89c2f80c13b62299d2c2dfd879","status":0,"value":[]}
2018-11-05T13:20:08.773Z [[32minfo[39m] 	24 Sending DELETE request to http://localhost:9516/session/8585ed89c2f80c13b62299d2c2dfd879:  {}
2018-11-05T13:20:08.836Z [[32minfo[39m] 	Sync elements
2018-11-05T13:20:09.533Z [[32minfo[39m] 	Stopping driver
