2018-11-05T11:16:37.072Z [[32minfo[39m] 	Starting TrueAutomation.IO client
2018-11-05T11:16:37.073Z [[32minfo[39m] 	API key: 44c69a48-ba10-4fb0-b4a2-b07e2da25af9
2018-11-05T11:16:37.073Z [[32minfo[39m] 	Project name: capybaraTest
2018-11-05T11:16:37.073Z [[32minfo[39m] 	Cloud server: https://app.trueautomation.io
2018-11-05T11:16:37.073Z [[32minfo[39m] 	Starting chromeDriver /Users/true/.trueautomation/chromedriver/chromedriver_mac64_2.43 on port 9516...
2018-11-05T11:16:37.521Z [[32minfo[39m] 	TrueAutomation.IO Client is listening on port 9515
2018-11-05T11:16:38.889Z [[32minfo[39m] 	0 Create session response: {"sessionId":"7f1b49f52d66274267fced5243d36798","status":0,"value":{"acceptInsecureCerts":false,"acceptSslCerts":false,"applicationCacheEnabled":false,"browserConnectionEnabled":false,"browserName":"chrome","chrome":{"chromedriverVersion":"2.43.600229 (3fae4d0cda5334b4f533bede5a4787f7b832d052)","userDataDir":"/var/folders/h_/pvcns8sj7sj5v8df934tz8dm0000gq/T/.org.chromium.Chromium.aUF5fl"},"cssSelectorsEnabled":true,"databaseEnabled":false,"goog:chromeOptions":{"debuggerAddress":"localhost:60108"},"handlesAlerts":true,"hasTouchScreen":true,"javascriptEnabled":true,"locationContextEnabled":true,"mobileEmulationEnabled":true,"nativeEvents":true,"networkConnectionEnabled":false,"pageLoadStrategy":"normal","platform":"Mac OS X","rotatable":false,"setWindowRect":true,"takesHeapSnapshot":true,"takesScreenshot":true,"unexpectedAlertBehaviour":"","version":"70.0.3538.77","webStorageEnabled":true}}
2018-11-05T11:16:38.906Z [[32minfo[39m] 	1 Sending POST request to http://localhost:9516/session/7f1b49f52d66274267fced5243d36798/url:  {"url":"http://annieselke.com"}
2018-11-05T11:16:44.564Z [[32minfo[39m] 	2 Sending elements request to http://localhost:9516/session/7f1b49f52d66274267fced5243d36798:  {"using":"xpath","value":"//div[@data-page=\"Home\"]__ta__taHome__ta__"}
2018-11-05T11:16:45.235Z [[32minfo[39m] 	2 Element record result: {"entity":"{\"tag\":\"DIV\",\"class\":null,\"id\":null,\"attrs\":{\"style\":\"display:block\",\"data-page\":\"Home\"},\"addr\":\"0.1.1.0.2.1\",\"content\":[],\"css\":{\"backgroundImage\":\"none\",\"fontFamily\":\"\\\"Avenir Book\\\", sans-serif\",\"backgroundColor\":\"rgba(0, 0, 0, 0)\",\"borderTop\":\"0px none rgb(108, 104, 100)\",\"overflow\":\"visible\",\"visibility\":\"visible\",\"paddingBottom\":\"0px\",\"font\":\"normal normal 400 normal 14px / normal \\\"Avenir Book\\\", sans-serif\",\"border\":\"0px none rgb(108, 104, 100)\",\"position\":\"static\",\"height\":\"3418.03px\",\"color\":\"rgb(108, 104, 100)\",\"maxHeight\":\"none\",\"background\":\"rgba(0, 0, 0, 0) none repeat scroll 0% 0% / auto padding-box border-box\",\"borderBottom\":\"0px none rgb(108, 104, 100)\",\"zIndex\":\"auto\",\"borderColor\":\"rgb(108, 104, 100)\",\"justifyContent\":\"normal\",\"borderRight\":\"0px none rgb(108, 104, 100)\",\"outline\":\"rgb(108, 104, 100) none 0px\",\"textAlign\":\"start\",\"display\":\"block\",\"maxWidth\":\"none\",\"paddingTop\":\"0px\",\"content\":\"normal\",\"padding\":\"0px\",\"textTransform\":\"none\",\"paddingLeft\":\"0px\",\"borderLeft\":\"0px none rgb(108, 104, 100)\",\"borderRadius\":\"0px\",\"opacity\":\"1\",\"borderWidth\":\"0px\",\"paddingRight\":\"0px\",\"textShadow\":\"none\",\"lineHeight\":\"normal\",\"width\":\"360px\",\"fontWeight\":\"400\"}}","locator":"//div[@data-page=\"Home\"]","locatorType":"xpath","name":"taHome","uuid":"taHome2//div[@data-page=\"Home\"]","meta":{"revision":0,"created":1541416605235,"version":0},"$loki":1}
2018-11-05T11:16:45.235Z [[32minfo[39m] 	2 Elements locator: {"value":"//div[@data-page=\"Home\"]","using":"xpath"}
2018-11-05T11:16:45.252Z [[32minfo[39m] 	2 Elements response: {"sessionId":"7f1b49f52d66274267fced5243d36798","status":0,"value":[{"ELEMENT":"0.1564441652444699-1"}]}
2018-11-05T11:16:45.258Z [[32minfo[39m] 	3 Sending GET request to http://localhost:9516/session/7f1b49f52d66274267fced5243d36798/element/0.1564441652444699-1/displayed:  {}
2018-11-05T11:16:45.278Z [[32minfo[39m] 	4 Sending POST request to http://localhost:9516/session/7f1b49f52d66274267fced5243d36798/element/0.1564441652444699-1/click:  {}
2018-11-05T11:16:48.387Z [[32minfo[39m] 	5 Sending GET request to http://localhost:9516/session/7f1b49f52d66274267fced5243d36798/window_handles:  {}
2018-11-05T11:16:48.399Z [[32minfo[39m] 	6 Sending POST request to http://localhost:9516/session/7f1b49f52d66274267fced5243d36798/window:  {"name":"CDwindow-A5E463DDDAB2C751F81D2B197C76A5C6"}
2018-11-05T11:16:48.408Z [[32minfo[39m] 	7 Sending GET request to http://localhost:9516/session/7f1b49f52d66274267fced5243d36798/window_handles:  {}
2018-11-05T11:16:48.419Z [[32minfo[39m] 	8 Sending POST request to http://localhost:9516/session/7f1b49f52d66274267fced5243d36798/goog/cdp/execute:  {"cmd":"Network.clearBrowserCookies","params":{}}
2018-11-05T11:16:48.443Z [[32minfo[39m] 	9 Sending POST request to http://localhost:9516/session/7f1b49f52d66274267fced5243d36798/url:  {"url":"about:blank"}
2018-11-05T11:16:48.554Z [[32minfo[39m] 	10 Sending elements request to http://localhost:9516/session/7f1b49f52d66274267fced5243d36798:  {"using":"xpath","value":"/html/body/*"}
2018-11-05T11:16:48.554Z [[32minfo[39m] 	10 Elements locator: {"value":"/html/body/*","using":"xpath"}
2018-11-05T11:16:48.569Z [[32minfo[39m] 	10 Elements response: {"sessionId":"7f1b49f52d66274267fced5243d36798","status":0,"value":[]}
2018-11-05T11:16:48.575Z [[32minfo[39m] 	11 Sending POST request to http://localhost:9516/session/7f1b49f52d66274267fced5243d36798/url:  {"url":"http://annieselke.com"}
2018-11-05T11:16:50.356Z [[32minfo[39m] 	12 Sending elements request to http://localhost:9516/session/7f1b49f52d66274267fced5243d36798:  {"using":"xpath","value":"//button//span//a[contains(text(),\"Rugs\")]__ta__taCategory__ta__"}
2018-11-05T11:16:50.635Z [[32minfo[39m] 	12 Element record result: {"entity":"{\"tag\":\"A\",\"class\":null,\"id\":null,\"attrs\":{\"data-moov-rel\":\"prefetch\",\"href\":\"https://annieselke.com/Rugs/c/rugs\",\"data-moov-link\":\"on\",\"class\":\"jss57 jss126\"},\"addr\":\"0.1.1.0.1.0.1.1.0.0.0.0.0.0\",\"content\":[],\"css\":{\"maxWidth\":\"none\",\"fontFamily\":\"\\\"Avenir Book\\\", sans-serif\",\"opacity\":\"1\",\"textShadow\":\"none\",\"backgroundImage\":\"none\",\"borderRadius\":\"0px\",\"fontWeight\":\"300\",\"position\":\"static\",\"borderBottom\":\"0px none rgb(108, 104, 100)\",\"display\":\"block\",\"overflow\":\"visible\",\"paddingBottom\":\"0px\",\"zIndex\":\"auto\",\"font\":\"normal normal 300 normal 14px / normal \\\"Avenir Book\\\", sans-serif\",\"border\":\"0px none rgb(108, 104, 100)\",\"borderRight\":\"0px none rgb(108, 104, 100)\",\"borderWidth\":\"0px\",\"textTransform\":\"uppercase\",\"borderColor\":\"rgb(108, 104, 100)\",\"paddingTop\":\"0px\",\"maxHeight\":\"none\",\"padding\":\"0px\",\"paddingLeft\":\"0px\",\"paddingRight\":\"0px\",\"content\":\"normal\",\"outline\":\"rgb(108, 104, 100) none 0px\",\"backgroundColor\":\"rgba(0, 0, 0, 0)\",\"borderTop\":\"0px none rgb(108, 104, 100)\",\"color\":\"rgb(108, 104, 100)\",\"height\":\"19px\",\"justifyContent\":\"normal\",\"lineHeight\":\"normal\",\"width\":\"36.5938px\",\"background\":\"rgba(0, 0, 0, 0) none repeat scroll 0% 0% / auto padding-box border-box\",\"borderLeft\":\"0px none rgb(108, 104, 100)\",\"textAlign\":\"center\",\"visibility\":\"visible\"}}","locator":"//button//span//a[contains(text(),\"Rugs\")]","locatorType":"xpath","name":"taCategory","uuid":"taCategory12//button//span//a[contains(text(),\"Rugs\")]","meta":{"revision":0,"created":1541416610635,"version":0},"$loki":2}
2018-11-05T11:16:50.635Z [[32minfo[39m] 	12 Elements locator: {"value":"//button//span//a[contains(text(),\"Rugs\")]","using":"xpath"}
2018-11-05T11:16:50.651Z [[32minfo[39m] 	12 Elements response: {"sessionId":"7f1b49f52d66274267fced5243d36798","status":0,"value":[{"ELEMENT":"0.2196463536019797-1"}]}
2018-11-05T11:16:50.656Z [[32minfo[39m] 	13 Sending GET request to http://localhost:9516/session/7f1b49f52d66274267fced5243d36798/element/0.2196463536019797-1/displayed:  {}
2018-11-05T11:16:50.676Z [[32minfo[39m] 	14 Sending POST request to http://localhost:9516/session/7f1b49f52d66274267fced5243d36798/element/0.2196463536019797-1/click:  {}
2018-11-05T11:16:50.816Z [[32minfo[39m] 	15 Sending elements request to http://localhost:9516/session/7f1b49f52d66274267fced5243d36798:  {"using":"xpath","value":"//div[@data-page=\"Subcategory\"]__ta__taCategoryPage__ta__"}
2018-11-05T11:16:51.203Z [[32minfo[39m] 	15 Element record result: {"entity":"{\"tag\":\"DIV\",\"class\":null,\"id\":null,\"attrs\":{\"data-page\":\"Subcategory\",\"style\":\"display: none;\"},\"addr\":\"0.1.1.0.2.2\",\"content\":[],\"css\":{\"padding\":\"0px\",\"borderRight\":\"0px none rgb(108, 104, 100)\",\"borderTop\":\"0px none rgb(108, 104, 100)\",\"width\":\"auto\",\"borderWidth\":\"0px\",\"textShadow\":\"none\",\"fontFamily\":\"\\\"Avenir Book\\\", sans-serif\",\"backgroundImage\":\"none\",\"backgroundColor\":\"rgba(0, 0, 0, 0)\",\"borderBottom\":\"0px none rgb(108, 104, 100)\",\"textAlign\":\"start\",\"opacity\":\"1\",\"position\":\"static\",\"borderLeft\":\"0px none rgb(108, 104, 100)\",\"border\":\"0px none rgb(108, 104, 100)\",\"paddingBottom\":\"0px\",\"paddingLeft\":\"0px\",\"font\":\"normal normal 400 normal 14px / normal \\\"Avenir Book\\\", sans-serif\",\"justifyContent\":\"normal\",\"outline\":\"rgb(108, 104, 100) none 0px\",\"zIndex\":\"auto\",\"lineHeight\":\"normal\",\"color\":\"rgb(108, 104, 100)\",\"maxHeight\":\"none\",\"overflow\":\"visible\",\"textTransform\":\"none\",\"borderColor\":\"rgb(108, 104, 100)\",\"paddingRight\":\"0px\",\"display\":\"none\",\"maxWidth\":\"none\",\"background\":\"rgba(0, 0, 0, 0) none repeat scroll 0% 0% / auto padding-box border-box\",\"fontWeight\":\"400\",\"height\":\"auto\",\"paddingTop\":\"0px\",\"content\":\"normal\",\"borderRadius\":\"0px\",\"visibility\":\"visible\"}}","locator":"//div[@data-page=\"Subcategory\"]","locatorType":"xpath","name":"taCategoryPage","uuid":"taCategoryPage15//div[@data-page=\"Subcategory\"]","meta":{"revision":0,"created":1541416611203,"version":0},"$loki":3}
2018-11-05T11:16:51.203Z [[32minfo[39m] 	15 Elements locator: {"value":"//div[@data-page=\"Subcategory\"]","using":"xpath"}
2018-11-05T11:16:51.306Z [[32minfo[39m] 	15 Elements response: {"sessionId":"7f1b49f52d66274267fced5243d36798","status":0,"value":[{"ELEMENT":"0.2196463536019797-2"}]}
2018-11-05T11:16:51.311Z [[32minfo[39m] 	16 Sending GET request to http://localhost:9516/session/7f1b49f52d66274267fced5243d36798/element/0.2196463536019797-2/displayed:  {}
2018-11-05T11:16:51.332Z [[32minfo[39m] 	17 Sending POST request to http://localhost:9516/session/7f1b49f52d66274267fced5243d36798/element/0.2196463536019797-2/click:  {}
2018-11-05T11:16:54.392Z [[32minfo[39m] 	18 Sending GET request to http://localhost:9516/session/7f1b49f52d66274267fced5243d36798/window_handles:  {}
2018-11-05T11:16:54.402Z [[32minfo[39m] 	19 Sending POST request to http://localhost:9516/session/7f1b49f52d66274267fced5243d36798/window:  {"name":"CDwindow-A5E463DDDAB2C751F81D2B197C76A5C6"}
2018-11-05T11:16:54.410Z [[32minfo[39m] 	20 Sending GET request to http://localhost:9516/session/7f1b49f52d66274267fced5243d36798/window_handles:  {}
2018-11-05T11:16:54.418Z [[32minfo[39m] 	21 Sending POST request to http://localhost:9516/session/7f1b49f52d66274267fced5243d36798/goog/cdp/execute:  {"cmd":"Network.clearBrowserCookies","params":{}}
2018-11-05T11:16:54.430Z [[32minfo[39m] 	22 Sending POST request to http://localhost:9516/session/7f1b49f52d66274267fced5243d36798/url:  {"url":"about:blank"}
2018-11-05T11:16:54.512Z [[32minfo[39m] 	23 Sending elements request to http://localhost:9516/session/7f1b49f52d66274267fced5243d36798:  {"using":"xpath","value":"/html/body/*"}
2018-11-05T11:16:54.512Z [[32minfo[39m] 	23 Elements locator: {"value":"/html/body/*","using":"xpath"}
2018-11-05T11:16:54.522Z [[32minfo[39m] 	23 Elements response: {"sessionId":"7f1b49f52d66274267fced5243d36798","status":0,"value":[]}
2018-11-05T11:16:54.528Z [[32minfo[39m] 	24 Sending DELETE request to http://localhost:9516/session/7f1b49f52d66274267fced5243d36798:  {}
2018-11-05T11:16:54.594Z [[32minfo[39m] 	Sync elements
2018-11-05T11:16:55.306Z [[32minfo[39m] 	Stopping driver
