2018-11-05T10:22:37.906Z [[32minfo[39m] 	Starting TrueAutomation.IO client
2018-11-05T10:22:37.906Z [[32minfo[39m] 	API key: 44c69a48-ba10-4fb0-b4a2-b07e2da25af9
2018-11-05T10:22:37.907Z [[32minfo[39m] 	Project name: capybaraTest
2018-11-05T10:22:37.907Z [[32minfo[39m] 	Cloud server: https://app.trueautomation.io
2018-11-05T10:22:37.907Z [[32minfo[39m] 	Starting chromeDriver /Users/true/.trueautomation/chromedriver/chromedriver_mac64_2.43 on port 9516...
2018-11-05T10:22:38.331Z [[32minfo[39m] 	TrueAutomation.IO Client is listening on port 9515
2018-11-05T10:22:39.790Z [[32minfo[39m] 	0 Create session response: {"sessionId":"c941b748f310dd0decce8383d194a3ac","status":0,"value":{"acceptInsecureCerts":false,"acceptSslCerts":false,"applicationCacheEnabled":false,"browserConnectionEnabled":false,"browserName":"chrome","chrome":{"chromedriverVersion":"2.43.600229 (3fae4d0cda5334b4f533bede5a4787f7b832d052)","userDataDir":"/var/folders/h_/pvcns8sj7sj5v8df934tz8dm0000gq/T/.org.chromium.Chromium.LfvyCq"},"cssSelectorsEnabled":true,"databaseEnabled":false,"goog:chromeOptions":{"debuggerAddress":"localhost:58509"},"handlesAlerts":true,"hasTouchScreen":true,"javascriptEnabled":true,"locationContextEnabled":true,"mobileEmulationEnabled":true,"nativeEvents":true,"networkConnectionEnabled":false,"pageLoadStrategy":"normal","platform":"Mac OS X","rotatable":false,"setWindowRect":true,"takesHeapSnapshot":true,"takesScreenshot":true,"unexpectedAlertBehaviour":"","version":"70.0.3538.77","webStorageEnabled":true}}
2018-11-05T10:22:39.808Z [[32minfo[39m] 	1 Sending POST request to http://localhost:9516/session/c941b748f310dd0decce8383d194a3ac/url:  {"url":"http://annieselke.com"}
2018-11-05T10:22:44.640Z [[32minfo[39m] 	2 Sending elements request to http://localhost:9516/session/c941b748f310dd0decce8383d194a3ac:  {"using":"xpath","value":"//div[@data-page=\"Home\"]__ta__taHome__ta__"}
2018-11-05T10:22:45.156Z [[32minfo[39m] 	2 Element record result: {"entity":"{\"tag\":\"DIV\",\"class\":null,\"id\":null,\"attrs\":{\"style\":\"display:block\",\"data-page\":\"Home\"},\"addr\":\"0.1.1.0.2.1\",\"content\":[],\"css\":{\"font\":\"normal normal 400 normal 14px / normal \\\"Avenir Book\\\", sans-serif\",\"background\":\"rgba(0, 0, 0, 0) none repeat scroll 0% 0% / auto padding-box border-box\",\"borderBottom\":\"0px none rgb(108, 104, 100)\",\"display\":\"block\",\"position\":\"static\",\"borderColor\":\"rgb(108, 104, 100)\",\"fontWeight\":\"400\",\"maxWidth\":\"none\",\"visibility\":\"visible\",\"paddingTop\":\"0px\",\"width\":\"360px\",\"borderTop\":\"0px none rgb(108, 104, 100)\",\"borderWidth\":\"0px\",\"textAlign\":\"start\",\"paddingLeft\":\"0px\",\"content\":\"normal\",\"outline\":\"rgb(108, 104, 100) none 0px\",\"backgroundImage\":\"none\",\"opacity\":\"1\",\"textTransform\":\"none\",\"overflow\":\"visible\",\"paddingRight\":\"0px\",\"paddingBottom\":\"0px\",\"height\":\"3418.03px\",\"fontFamily\":\"\\\"Avenir Book\\\", sans-serif\",\"justifyContent\":\"normal\",\"padding\":\"0px\",\"textShadow\":\"none\",\"maxHeight\":\"none\",\"border\":\"0px none rgb(108, 104, 100)\",\"borderRight\":\"0px none rgb(108, 104, 100)\",\"borderRadius\":\"0px\",\"backgroundColor\":\"rgba(0, 0, 0, 0)\",\"lineHeight\":\"normal\",\"zIndex\":\"auto\",\"borderLeft\":\"0px none rgb(108, 104, 100)\",\"color\":\"rgb(108, 104, 100)\"}}","locator":"//div[@data-page=\"Home\"]","locatorType":"xpath","name":"taHome","uuid":"taHome2//div[@data-page=\"Home\"]","meta":{"revision":0,"created":1541413365156,"version":0},"$loki":1}
2018-11-05T10:22:45.156Z [[32minfo[39m] 	2 Elements locator: {"value":"//div[@data-page=\"Home\"]","using":"xpath"}
2018-11-05T10:22:45.174Z [[32minfo[39m] 	2 Elements response: {"sessionId":"c941b748f310dd0decce8383d194a3ac","status":0,"value":[{"ELEMENT":"0.6215414363001748-1"}]}
2018-11-05T10:22:45.179Z [[32minfo[39m] 	3 Sending GET request to http://localhost:9516/session/c941b748f310dd0decce8383d194a3ac/element/0.6215414363001748-1/displayed:  {}
2018-11-05T10:22:45.198Z [[32minfo[39m] 	4 Sending POST request to http://localhost:9516/session/c941b748f310dd0decce8383d194a3ac/element/0.6215414363001748-1/click:  {}
2018-11-05T10:22:48.300Z [[32minfo[39m] 	5 Sending GET request to http://localhost:9516/session/c941b748f310dd0decce8383d194a3ac/window_handles:  {}
2018-11-05T10:22:48.313Z [[32minfo[39m] 	6 Sending POST request to http://localhost:9516/session/c941b748f310dd0decce8383d194a3ac/window:  {"name":"CDwindow-1FDD3D5CE4F947375DD9DE1528978273"}
2018-11-05T10:22:48.323Z [[32minfo[39m] 	7 Sending GET request to http://localhost:9516/session/c941b748f310dd0decce8383d194a3ac/window_handles:  {}
2018-11-05T10:22:48.332Z [[32minfo[39m] 	8 Sending POST request to http://localhost:9516/session/c941b748f310dd0decce8383d194a3ac/goog/cdp/execute:  {"cmd":"Network.clearBrowserCookies","params":{}}
2018-11-05T10:22:48.348Z [[32minfo[39m] 	9 Sending POST request to http://localhost:9516/session/c941b748f310dd0decce8383d194a3ac/url:  {"url":"about:blank"}
2018-11-05T10:22:48.474Z [[32minfo[39m] 	10 Sending elements request to http://localhost:9516/session/c941b748f310dd0decce8383d194a3ac:  {"using":"xpath","value":"/html/body/*"}
2018-11-05T10:22:48.475Z [[32minfo[39m] 	10 Elements locator: {"value":"/html/body/*","using":"xpath"}
2018-11-05T10:22:48.492Z [[32minfo[39m] 	10 Elements response: {"sessionId":"c941b748f310dd0decce8383d194a3ac","status":0,"value":[]}
2018-11-05T10:22:48.498Z [[32minfo[39m] 	11 Sending POST request to http://localhost:9516/session/c941b748f310dd0decce8383d194a3ac/url:  {"url":"http://annieselke.com"}
2018-11-05T10:22:50.015Z [[32minfo[39m] 	12 Sending elements request to http://localhost:9516/session/c941b748f310dd0decce8383d194a3ac:  {"using":"xpath","value":"//button//span//a[contains(text(),\"Rugs\")]__ta__taCategory__ta__"}
2018-11-05T10:22:50.392Z [[32minfo[39m] 	12 Element record result: {"entity":"{\"tag\":\"A\",\"class\":null,\"id\":null,\"attrs\":{\"href\":\"https://annieselke.com/Rugs/c/rugs\",\"class\":\"jss57 jss126\",\"data-moov-link\":\"on\",\"data-moov-rel\":\"prefetch\"},\"addr\":\"0.1.1.0.1.0.1.1.0.0.0.0.0.0\",\"content\":[],\"css\":{\"borderLeft\":\"0px none rgb(108, 104, 100)\",\"font\":\"normal normal 300 normal 14px / normal \\\"Avenir Book\\\", sans-serif\",\"padding\":\"0px\",\"justifyContent\":\"normal\",\"borderWidth\":\"0px\",\"width\":\"36.5938px\",\"borderRadius\":\"0px\",\"backgroundImage\":\"none\",\"border\":\"0px none rgb(108, 104, 100)\",\"paddingLeft\":\"0px\",\"background\":\"rgba(0, 0, 0, 0) none repeat scroll 0% 0% / auto padding-box border-box\",\"position\":\"static\",\"paddingTop\":\"0px\",\"content\":\"normal\",\"borderColor\":\"rgb(108, 104, 100)\",\"visibility\":\"visible\",\"zIndex\":\"auto\",\"fontFamily\":\"\\\"Avenir Book\\\", sans-serif\",\"backgroundColor\":\"rgba(0, 0, 0, 0)\",\"opacity\":\"1\",\"paddingRight\":\"0px\",\"paddingBottom\":\"0px\",\"textAlign\":\"center\",\"textTransform\":\"uppercase\",\"borderRight\":\"0px none rgb(108, 104, 100)\",\"height\":\"19px\",\"outline\":\"rgb(108, 104, 100) none 0px\",\"borderTop\":\"0px none rgb(108, 104, 100)\",\"borderBottom\":\"0px none rgb(108, 104, 100)\",\"maxHeight\":\"none\",\"textShadow\":\"none\",\"color\":\"rgb(108, 104, 100)\",\"display\":\"block\",\"overflow\":\"visible\",\"lineHeight\":\"normal\",\"maxWidth\":\"none\",\"fontWeight\":\"300\"}}","locator":"//button//span//a[contains(text(),\"Rugs\")]","locatorType":"xpath","name":"taCategory","uuid":"taCategory12//button//span//a[contains(text(),\"Rugs\")]","meta":{"revision":0,"created":1541413370392,"version":0},"$loki":2}
2018-11-05T10:22:50.392Z [[32minfo[39m] 	12 Elements locator: {"value":"//button//span//a[contains(text(),\"Rugs\")]","using":"xpath"}
2018-11-05T10:22:50.408Z [[32minfo[39m] 	12 Elements response: {"sessionId":"c941b748f310dd0decce8383d194a3ac","status":0,"value":[{"ELEMENT":"0.5334284744843838-1"}]}
2018-11-05T10:22:50.412Z [[32minfo[39m] 	13 Sending GET request to http://localhost:9516/session/c941b748f310dd0decce8383d194a3ac/element/0.5334284744843838-1/displayed:  {}
2018-11-05T10:22:50.434Z [[32minfo[39m] 	14 Sending POST request to http://localhost:9516/session/c941b748f310dd0decce8383d194a3ac/element/0.5334284744843838-1/click:  {}
2018-11-05T10:22:50.564Z [[32minfo[39m] 	15 Sending elements request to http://localhost:9516/session/c941b748f310dd0decce8383d194a3ac:  {"using":"xpath","value":"//div[@data-page=\"Subcategory\"]__ta__taCategoryPage__ta__"}
2018-11-05T10:22:50.956Z [[32minfo[39m] 	15 Element record result: {"entity":"{\"tag\":\"DIV\",\"class\":null,\"id\":null,\"attrs\":{\"data-page\":\"Subcategory\",\"style\":\"display: none;\"},\"addr\":\"0.1.1.0.2.2\",\"content\":[],\"css\":{\"textAlign\":\"start\",\"fontFamily\":\"\\\"Avenir Book\\\", sans-serif\",\"paddingRight\":\"0px\",\"border\":\"0px none rgb(108, 104, 100)\",\"justifyContent\":\"normal\",\"borderTop\":\"0px none rgb(108, 104, 100)\",\"content\":\"normal\",\"display\":\"none\",\"paddingBottom\":\"0px\",\"color\":\"rgb(108, 104, 100)\",\"maxHeight\":\"none\",\"borderRight\":\"0px none rgb(108, 104, 100)\",\"opacity\":\"1\",\"maxWidth\":\"none\",\"position\":\"static\",\"backgroundColor\":\"rgba(0, 0, 0, 0)\",\"outline\":\"rgb(108, 104, 100) none 0px\",\"overflow\":\"visible\",\"textShadow\":\"none\",\"borderRadius\":\"0px\",\"fontWeight\":\"400\",\"borderLeft\":\"0px none rgb(108, 104, 100)\",\"backgroundImage\":\"none\",\"borderColor\":\"rgb(108, 104, 100)\",\"width\":\"auto\",\"background\":\"rgba(0, 0, 0, 0) none repeat scroll 0% 0% / auto padding-box border-box\",\"paddingTop\":\"0px\",\"borderWidth\":\"0px\",\"paddingLeft\":\"0px\",\"font\":\"normal normal 400 normal 14px / normal \\\"Avenir Book\\\", sans-serif\",\"visibility\":\"visible\",\"textTransform\":\"none\",\"lineHeight\":\"normal\",\"padding\":\"0px\",\"height\":\"auto\",\"borderBottom\":\"0px none rgb(108, 104, 100)\",\"zIndex\":\"auto\"}}","locator":"//div[@data-page=\"Subcategory\"]","locatorType":"xpath","name":"taCategoryPage","uuid":"taCategoryPage15//div[@data-page=\"Subcategory\"]","meta":{"revision":0,"created":1541413370956,"version":0},"$loki":3}
2018-11-05T10:22:50.956Z [[32minfo[39m] 	15 Elements locator: {"value":"//div[@data-page=\"Subcategory\"]","using":"xpath"}
2018-11-05T10:22:51.089Z [[32minfo[39m] 	15 Elements response: {"sessionId":"c941b748f310dd0decce8383d194a3ac","status":0,"value":[{"ELEMENT":"0.5334284744843838-2"}]}
2018-11-05T10:22:51.094Z [[32minfo[39m] 	16 Sending GET request to http://localhost:9516/session/c941b748f310dd0decce8383d194a3ac/element/0.5334284744843838-2/displayed:  {}
2018-11-05T10:22:51.116Z [[32minfo[39m] 	17 Sending POST request to http://localhost:9516/session/c941b748f310dd0decce8383d194a3ac/element/0.5334284744843838-2/click:  {}
2018-11-05T10:22:54.178Z [[32minfo[39m] 	18 Sending GET request to http://localhost:9516/session/c941b748f310dd0decce8383d194a3ac/window_handles:  {}
2018-11-05T10:22:54.188Z [[32minfo[39m] 	19 Sending POST request to http://localhost:9516/session/c941b748f310dd0decce8383d194a3ac/window:  {"name":"CDwindow-1FDD3D5CE4F947375DD9DE1528978273"}
2018-11-05T10:22:54.197Z [[32minfo[39m] 	20 Sending GET request to http://localhost:9516/session/c941b748f310dd0decce8383d194a3ac/window_handles:  {}
2018-11-05T10:22:54.207Z [[32minfo[39m] 	21 Sending POST request to http://localhost:9516/session/c941b748f310dd0decce8383d194a3ac/goog/cdp/execute:  {"cmd":"Network.clearBrowserCookies","params":{}}
2018-11-05T10:22:54.220Z [[32minfo[39m] 	22 Sending POST request to http://localhost:9516/session/c941b748f310dd0decce8383d194a3ac/url:  {"url":"about:blank"}
2018-11-05T10:22:54.293Z [[32minfo[39m] 	23 Sending elements request to http://localhost:9516/session/c941b748f310dd0decce8383d194a3ac:  {"using":"xpath","value":"/html/body/*"}
2018-11-05T10:22:54.294Z [[32minfo[39m] 	23 Elements locator: {"value":"/html/body/*","using":"xpath"}
2018-11-05T10:22:54.303Z [[32minfo[39m] 	23 Elements response: {"sessionId":"c941b748f310dd0decce8383d194a3ac","status":0,"value":[]}
2018-11-05T10:22:54.308Z [[32minfo[39m] 	24 Sending DELETE request to http://localhost:9516/session/c941b748f310dd0decce8383d194a3ac:  {}
2018-11-05T10:22:54.373Z [[32minfo[39m] 	Sync elements
2018-11-05T10:22:55.020Z [[32minfo[39m] 	Stopping driver
