2018-11-05T10:20:29.114Z [[32minfo[39m] 	Starting TrueAutomation.IO client
2018-11-05T10:20:29.115Z [[32minfo[39m] 	API key: 44c69a48-ba10-4fb0-b4a2-b07e2da25af9
2018-11-05T10:20:29.115Z [[32minfo[39m] 	Project name: capybaraTest
2018-11-05T10:20:29.115Z [[32minfo[39m] 	Cloud server: https://app.trueautomation.io
2018-11-05T10:20:29.116Z [[32minfo[39m] 	Starting chromeDriver /Users/true/.trueautomation/chromedriver/chromedriver_mac64_2.43 on port 9516...
2018-11-05T10:20:29.544Z [[32minfo[39m] 	TrueAutomation.IO Client is listening on port 9515
2018-11-05T10:20:30.995Z [[32minfo[39m] 	0 Create session response: {"sessionId":"c4d6be2a5fef936c5ea15c30a7833798","status":0,"value":{"acceptInsecureCerts":false,"acceptSslCerts":false,"applicationCacheEnabled":false,"browserConnectionEnabled":false,"browserName":"chrome","chrome":{"chromedriverVersion":"2.43.600229 (3fae4d0cda5334b4f533bede5a4787f7b832d052)","userDataDir":"/var/folders/h_/pvcns8sj7sj5v8df934tz8dm0000gq/T/.org.chromium.Chromium.lvlkqj"},"cssSelectorsEnabled":true,"databaseEnabled":false,"goog:chromeOptions":{"debuggerAddress":"localhost:57995"},"handlesAlerts":true,"hasTouchScreen":true,"javascriptEnabled":true,"locationContextEnabled":true,"mobileEmulationEnabled":true,"nativeEvents":true,"networkConnectionEnabled":false,"pageLoadStrategy":"normal","platform":"Mac OS X","rotatable":false,"setWindowRect":true,"takesHeapSnapshot":true,"takesScreenshot":true,"unexpectedAlertBehaviour":"","version":"70.0.3538.77","webStorageEnabled":true}}
2018-11-05T10:20:31.013Z [[32minfo[39m] 	1 Sending POST request to http://localhost:9516/session/c4d6be2a5fef936c5ea15c30a7833798/url:  {"url":"http://annieselke.com"}
2018-11-05T10:20:36.103Z [[32minfo[39m] 	2 Sending elements request to http://localhost:9516/session/c4d6be2a5fef936c5ea15c30a7833798:  {"using":"xpath","value":"//div[@data-page=\"Home\"]__ta__taHome__ta__"}
2018-11-05T10:20:36.439Z [[32minfo[39m] 	2 Enum nodes response:  {"sessionId":"c4d6be2a5fef936c5ea15c30a7
2018-11-05T10:20:36.608Z [[32minfo[39m] 	2 Elements locator: {"value":"/*[1]/*[2]/*[2]/*[1]/*[3]/*[2]","using":"xpath"}
2018-11-05T10:20:36.655Z [[32minfo[39m] 	2 Elements response: {"sessionId":"c4d6be2a5fef936c5ea15c30a7833798","status":0,"value":[{"ELEMENT":"0.5919823436061193-1"}]}
2018-11-05T10:20:36.661Z [[32minfo[39m] 	3 Sending GET request to http://localhost:9516/session/c4d6be2a5fef936c5ea15c30a7833798/element/0.5919823436061193-1/displayed:  {}
2018-11-05T10:20:36.681Z [[32minfo[39m] 	4 Sending POST request to http://localhost:9516/session/c4d6be2a5fef936c5ea15c30a7833798/element/0.5919823436061193-1/click:  {}
2018-11-05T10:20:39.795Z [[32minfo[39m] 	5 Sending GET request to http://localhost:9516/session/c4d6be2a5fef936c5ea15c30a7833798/window_handles:  {}
2018-11-05T10:20:39.807Z [[32minfo[39m] 	6 Sending POST request to http://localhost:9516/session/c4d6be2a5fef936c5ea15c30a7833798/window:  {"name":"CDwindow-9718826A06FBB0B95C401841EE51F9C6"}
2018-11-05T10:20:39.817Z [[32minfo[39m] 	7 Sending GET request to http://localhost:9516/session/c4d6be2a5fef936c5ea15c30a7833798/window_handles:  {}
2018-11-05T10:20:39.832Z [[32minfo[39m] 	8 Sending POST request to http://localhost:9516/session/c4d6be2a5fef936c5ea15c30a7833798/goog/cdp/execute:  {"cmd":"Network.clearBrowserCookies","params":{}}
2018-11-05T10:20:39.852Z [[32minfo[39m] 	9 Sending POST request to http://localhost:9516/session/c4d6be2a5fef936c5ea15c30a7833798/url:  {"url":"about:blank"}
2018-11-05T10:20:39.961Z [[32minfo[39m] 	10 Sending elements request to http://localhost:9516/session/c4d6be2a5fef936c5ea15c30a7833798:  {"using":"xpath","value":"/html/body/*"}
2018-11-05T10:20:39.962Z [[32minfo[39m] 	10 Elements locator: {"value":"/html/body/*","using":"xpath"}
2018-11-05T10:20:39.977Z [[32minfo[39m] 	10 Elements response: {"sessionId":"c4d6be2a5fef936c5ea15c30a7833798","status":0,"value":[]}
2018-11-05T10:20:39.983Z [[32minfo[39m] 	11 Sending POST request to http://localhost:9516/session/c4d6be2a5fef936c5ea15c30a7833798/url:  {"url":"http://annieselke.com"}
2018-11-05T10:20:41.462Z [[32minfo[39m] 	12 Sending elements request to http://localhost:9516/session/c4d6be2a5fef936c5ea15c30a7833798:  {"using":"xpath","value":"//button//span//a[contains(text(),\"Rugs\")]__ta__taCategory__ta__"}
2018-11-05T10:20:41.596Z [[32minfo[39m] 	12 Enum nodes response:  {"sessionId":"c4d6be2a5fef936c5ea15c30a7
2018-11-05T10:20:41.771Z [[32minfo[39m] 	12 Elements locator: {"value":"/*[1]/*[2]/*[2]/*[1]/*[2]/*[1]/*[2]/*[2]/*[1]/*[1]/*[1]/*[1]/*[1]/*[1]","using":"xpath"}
2018-11-05T10:20:41.788Z [[32minfo[39m] 	12 Elements response: {"sessionId":"c4d6be2a5fef936c5ea15c30a7833798","status":0,"value":[{"ELEMENT":"0.9134196906079146-1"}]}
2018-11-05T10:20:41.793Z [[32minfo[39m] 	13 Sending GET request to http://localhost:9516/session/c4d6be2a5fef936c5ea15c30a7833798/element/0.9134196906079146-1/displayed:  {}
2018-11-05T10:20:41.811Z [[32minfo[39m] 	14 Sending POST request to http://localhost:9516/session/c4d6be2a5fef936c5ea15c30a7833798/element/0.9134196906079146-1/click:  {}
2018-11-05T10:20:41.945Z [[32minfo[39m] 	15 Sending elements request to http://localhost:9516/session/c4d6be2a5fef936c5ea15c30a7833798:  {"using":"xpath","value":"//div[@data-page=\"Subcategory\"]__ta__taCategoryPage__ta__"}
2018-11-05T10:20:42.102Z [[32minfo[39m] 	15 Enum nodes response:  {"sessionId":"c4d6be2a5fef936c5ea15c30a7
2018-11-05T10:20:42.324Z [[32minfo[39m] 	15 Elements locator: {"value":"/*[1]/*[2]/*[2]/*[1]/*[3]/*[3]","using":"xpath"}
2018-11-05T10:20:42.529Z [[32minfo[39m] 	15 Elements response: {"sessionId":"c4d6be2a5fef936c5ea15c30a7833798","status":0,"value":[]}
2018-11-05T10:20:42.593Z [[32minfo[39m] 	16 Sending elements request to http://localhost:9516/session/c4d6be2a5fef936c5ea15c30a7833798:  {"using":"xpath","value":"//div[@data-page=\"Subcategory\"]__ta__taCategoryPage__ta__"}
2018-11-05T10:20:42.820Z [[32minfo[39m] 	16 Enum nodes response:  {"sessionId":"c4d6be2a5fef936c5ea15c30a7
2018-11-05T10:20:43.757Z [[32minfo[39m] 	16 Elements locator: {"value":"/*[1]/*[2]/*[2]/*[1]/*[3]/*[1]","using":"xpath"}
2018-11-05T10:20:43.789Z [[32minfo[39m] 	16 Elements response: {"sessionId":"c4d6be2a5fef936c5ea15c30a7833798","status":0,"value":[{"ELEMENT":"0.9134196906079146-2"}]}
2018-11-05T10:20:43.794Z [[32minfo[39m] 	17 Sending GET request to http://localhost:9516/session/c4d6be2a5fef936c5ea15c30a7833798/element/0.9134196906079146-2/displayed:  {}
2018-11-05T10:20:43.868Z [[32minfo[39m] 	18 Sending elements request to http://localhost:9516/session/c4d6be2a5fef936c5ea15c30a7833798:  {"using":"xpath","value":"//div[@data-page=\"Subcategory\"]__ta__taCategoryPage__ta__"}
2018-11-05T10:20:44.082Z [[32minfo[39m] 	18 Enum nodes response:  {"sessionId":"c4d6be2a5fef936c5ea15c30a7
2018-11-05T10:20:44.992Z [[32minfo[39m] 	18 Elements locator: {"value":"/*[1]/*[2]/*[2]/*[1]/*[3]/*[1]","using":"xpath"}
2018-11-05T10:20:45.020Z [[32minfo[39m] 	18 Elements response: {"sessionId":"c4d6be2a5fef936c5ea15c30a7833798","status":0,"value":[{"ELEMENT":"0.9134196906079146-2"}]}
2018-11-05T10:20:45.026Z [[32minfo[39m] 	19 Sending GET request to http://localhost:9516/session/c4d6be2a5fef936c5ea15c30a7833798/element/0.9134196906079146-2/displayed:  {}
2018-11-05T10:20:45.093Z [[32minfo[39m] 	20 Sending elements request to http://localhost:9516/session/c4d6be2a5fef936c5ea15c30a7833798:  {"using":"xpath","value":"//div[@data-page=\"Subcategory\"]__ta__taCategoryPage__ta__"}
2018-11-05T10:20:45.299Z [[32minfo[39m] 	20 Enum nodes response:  {"sessionId":"c4d6be2a5fef936c5ea15c30a7
2018-11-05T10:20:46.187Z [[32minfo[39m] 	20 Elements locator: {"value":"/*[1]/*[2]/*[2]/*[1]/*[3]/*[1]","using":"xpath"}
2018-11-05T10:20:46.217Z [[32minfo[39m] 	20 Elements response: {"sessionId":"c4d6be2a5fef936c5ea15c30a7833798","status":0,"value":[{"ELEMENT":"0.9134196906079146-2"}]}
2018-11-05T10:20:46.221Z [[32minfo[39m] 	21 Sending GET request to http://localhost:9516/session/c4d6be2a5fef936c5ea15c30a7833798/element/0.9134196906079146-2/displayed:  {}
2018-11-05T10:20:46.289Z [[32minfo[39m] 	22 Sending elements request to http://localhost:9516/session/c4d6be2a5fef936c5ea15c30a7833798:  {"using":"xpath","value":"//div[@data-page=\"Subcategory\"]__ta__taCategoryPage__ta__"}
2018-11-05T10:20:46.491Z [[32minfo[39m] 	22 Enum nodes response:  {"sessionId":"c4d6be2a5fef936c5ea15c30a7
2018-11-05T10:20:47.403Z [[32minfo[39m] 	22 Elements locator: {"value":"/*[1]/*[2]/*[2]/*[1]/*[3]/*[1]","using":"xpath"}
2018-11-05T10:20:47.435Z [[32minfo[39m] 	22 Elements response: {"sessionId":"c4d6be2a5fef936c5ea15c30a7833798","status":0,"value":[{"ELEMENT":"0.9134196906079146-2"}]}
2018-11-05T10:20:47.441Z [[32minfo[39m] 	23 Sending GET request to http://localhost:9516/session/c4d6be2a5fef936c5ea15c30a7833798/element/0.9134196906079146-2/displayed:  {}
2018-11-05T10:20:47.454Z [[32minfo[39m] 	24 Sending GET request to http://localhost:9516/session/c4d6be2a5fef936c5ea15c30a7833798/window_handles:  {}
2018-11-05T10:20:47.464Z [[32minfo[39m] 	25 Sending POST request to http://localhost:9516/session/c4d6be2a5fef936c5ea15c30a7833798/window:  {"name":"CDwindow-9718826A06FBB0B95C401841EE51F9C6"}
2018-11-05T10:20:47.473Z [[32minfo[39m] 	26 Sending GET request to http://localhost:9516/session/c4d6be2a5fef936c5ea15c30a7833798/window_handles:  {}
2018-11-05T10:20:47.482Z [[32minfo[39m] 	27 Sending POST request to http://localhost:9516/session/c4d6be2a5fef936c5ea15c30a7833798/goog/cdp/execute:  {"cmd":"Network.clearBrowserCookies","params":{}}
2018-11-05T10:20:47.497Z [[32minfo[39m] 	28 Sending POST request to http://localhost:9516/session/c4d6be2a5fef936c5ea15c30a7833798/url:  {"url":"about:blank"}
2018-11-05T10:20:47.584Z [[32minfo[39m] 	29 Sending elements request to http://localhost:9516/session/c4d6be2a5fef936c5ea15c30a7833798:  {"using":"xpath","value":"/html/body/*"}
2018-11-05T10:20:47.585Z [[32minfo[39m] 	29 Elements locator: {"value":"/html/body/*","using":"xpath"}
2018-11-05T10:20:47.603Z [[32minfo[39m] 	29 Elements response: {"sessionId":"c4d6be2a5fef936c5ea15c30a7833798","status":0,"value":[]}
2018-11-05T10:20:47.634Z [[32minfo[39m] 	30 Sending DELETE request to http://localhost:9516/session/c4d6be2a5fef936c5ea15c30a7833798:  {}
2018-11-05T10:20:47.698Z [[32minfo[39m] 	Sync elements
2018-11-05T10:20:48.398Z [[32minfo[39m] 	Stopping driver
