2018-11-05T10:21:19.844Z [[32minfo[39m] 	Starting TrueAutomation.IO client
2018-11-05T10:21:19.846Z [[32minfo[39m] 	API key: 44c69a48-ba10-4fb0-b4a2-b07e2da25af9
2018-11-05T10:21:19.846Z [[32minfo[39m] 	Project name: capybaraTest
2018-11-05T10:21:19.846Z [[32minfo[39m] 	Cloud server: https://app.trueautomation.io
2018-11-05T10:21:19.846Z [[32minfo[39m] 	Starting chromeDriver /Users/true/.trueautomation/chromedriver/chromedriver_mac64_2.43 on port 9516...
2018-11-05T10:21:20.272Z [[32minfo[39m] 	TrueAutomation.IO Client is listening on port 9515
2018-11-05T10:21:21.684Z [[32minfo[39m] 	0 Create session response: {"sessionId":"ca9242ce3f78f0b9a228ad4e419f822b","status":0,"value":{"acceptInsecureCerts":false,"acceptSslCerts":false,"applicationCacheEnabled":false,"browserConnectionEnabled":false,"browserName":"chrome","chrome":{"chromedriverVersion":"2.43.600229 (3fae4d0cda5334b4f533bede5a4787f7b832d052)","userDataDir":"/var/folders/h_/pvcns8sj7sj5v8df934tz8dm0000gq/T/.org.chromium.Chromium.aT9VnL"},"cssSelectorsEnabled":true,"databaseEnabled":false,"goog:chromeOptions":{"debuggerAddress":"localhost:58170"},"handlesAlerts":true,"hasTouchScreen":true,"javascriptEnabled":true,"locationContextEnabled":true,"mobileEmulationEnabled":true,"nativeEvents":true,"networkConnectionEnabled":false,"pageLoadStrategy":"normal","platform":"Mac OS X","rotatable":false,"setWindowRect":true,"takesHeapSnapshot":true,"takesScreenshot":true,"unexpectedAlertBehaviour":"","version":"70.0.3538.77","webStorageEnabled":true}}
2018-11-05T10:21:21.699Z [[32minfo[39m] 	1 Sending POST request to http://localhost:9516/session/ca9242ce3f78f0b9a228ad4e419f822b/url:  {"url":"http://annieselke.com"}
2018-11-05T10:21:27.359Z [[32minfo[39m] 	2 Sending elements request to http://localhost:9516/session/ca9242ce3f78f0b9a228ad4e419f822b:  {"using":"xpath","value":"//div[@data-page=\"Home\"]__ta__taHome__ta__"}
2018-11-05T10:21:27.876Z [[32minfo[39m] 	2 Element record result: {"entity":"{\"tag\":\"DIV\",\"class\":null,\"id\":null,\"attrs\":{\"data-page\":\"Home\",\"style\":\"display:block\"},\"addr\":\"0.1.1.0.2.1\",\"content\":[],\"css\":{\"fontFamily\":\"\\\"Avenir Book\\\", sans-serif\",\"height\":\"3418.03px\",\"textAlign\":\"start\",\"background\":\"rgba(0, 0, 0, 0) none repeat scroll 0% 0% / auto padding-box border-box\",\"zIndex\":\"auto\",\"position\":\"static\",\"backgroundImage\":\"none\",\"borderWidth\":\"0px\",\"width\":\"360px\",\"font\":\"normal normal 400 normal 14px / normal \\\"Avenir Book\\\", sans-serif\",\"display\":\"block\",\"opacity\":\"1\",\"paddingRight\":\"0px\",\"overflow\":\"visible\",\"paddingTop\":\"0px\",\"outline\":\"rgb(108, 104, 100) none 0px\",\"backgroundColor\":\"rgba(0, 0, 0, 0)\",\"borderRadius\":\"0px\",\"borderRight\":\"0px none rgb(108, 104, 100)\",\"paddingBottom\":\"0px\",\"borderTop\":\"0px none rgb(108, 104, 100)\",\"justifyContent\":\"normal\",\"textTransform\":\"none\",\"paddingLeft\":\"0px\",\"maxHeight\":\"none\",\"content\":\"normal\",\"borderBottom\":\"0px none rgb(108, 104, 100)\",\"visibility\":\"visible\",\"borderColor\":\"rgb(108, 104, 100)\",\"textShadow\":\"none\",\"padding\":\"0px\",\"color\":\"rgb(108, 104, 100)\",\"lineHeight\":\"normal\",\"maxWidth\":\"none\",\"fontWeight\":\"400\",\"border\":\"0px none rgb(108, 104, 100)\",\"borderLeft\":\"0px none rgb(108, 104, 100)\"}}","locator":"//div[@data-page=\"Home\"]","locatorType":"xpath","name":"taHome","uuid":"taHome2//div[@data-page=\"Home\"]","meta":{"revision":0,"created":1541413287876,"version":0},"$loki":1}
2018-11-05T10:21:27.877Z [[32minfo[39m] 	2 Elements locator: {"value":"//div[@data-page=\"Home\"]","using":"xpath"}
2018-11-05T10:21:27.895Z [[32minfo[39m] 	2 Elements response: {"sessionId":"ca9242ce3f78f0b9a228ad4e419f822b","status":0,"value":[{"ELEMENT":"0.39945163883983925-1"}]}
2018-11-05T10:21:27.900Z [[32minfo[39m] 	3 Sending GET request to http://localhost:9516/session/ca9242ce3f78f0b9a228ad4e419f822b/element/0.39945163883983925-1/displayed:  {}
2018-11-05T10:21:27.920Z [[32minfo[39m] 	4 Sending POST request to http://localhost:9516/session/ca9242ce3f78f0b9a228ad4e419f822b/element/0.39945163883983925-1/click:  {}
2018-11-05T10:21:31.031Z [[32minfo[39m] 	5 Sending GET request to http://localhost:9516/session/ca9242ce3f78f0b9a228ad4e419f822b/window_handles:  {}
2018-11-05T10:21:31.042Z [[32minfo[39m] 	6 Sending POST request to http://localhost:9516/session/ca9242ce3f78f0b9a228ad4e419f822b/window:  {"name":"CDwindow-DD47D8A1B0E0DF5A98BB31463D3F5576"}
2018-11-05T10:21:31.052Z [[32minfo[39m] 	7 Sending GET request to http://localhost:9516/session/ca9242ce3f78f0b9a228ad4e419f822b/window_handles:  {}
2018-11-05T10:21:31.063Z [[32minfo[39m] 	8 Sending POST request to http://localhost:9516/session/ca9242ce3f78f0b9a228ad4e419f822b/goog/cdp/execute:  {"cmd":"Network.clearBrowserCookies","params":{}}
2018-11-05T10:21:31.082Z [[32minfo[39m] 	9 Sending POST request to http://localhost:9516/session/ca9242ce3f78f0b9a228ad4e419f822b/url:  {"url":"about:blank"}
2018-11-05T10:21:31.208Z [[32minfo[39m] 	10 Sending elements request to http://localhost:9516/session/ca9242ce3f78f0b9a228ad4e419f822b:  {"using":"xpath","value":"/html/body/*"}
2018-11-05T10:21:31.208Z [[32minfo[39m] 	10 Elements locator: {"value":"/html/body/*","using":"xpath"}
2018-11-05T10:21:31.224Z [[32minfo[39m] 	10 Elements response: {"sessionId":"ca9242ce3f78f0b9a228ad4e419f822b","status":0,"value":[]}
2018-11-05T10:21:31.230Z [[32minfo[39m] 	11 Sending POST request to http://localhost:9516/session/ca9242ce3f78f0b9a228ad4e419f822b/url:  {"url":"http://annieselke.com"}
2018-11-05T10:21:32.702Z [[32minfo[39m] 	12 Sending elements request to http://localhost:9516/session/ca9242ce3f78f0b9a228ad4e419f822b:  {"using":"xpath","value":"//button//span//a[contains(text(),\"Rugs\")]__ta__taCategory__ta__"}
2018-11-05T10:21:32.981Z [[32minfo[39m] 	12 Element record result: {"entity":"{\"tag\":\"A\",\"class\":null,\"id\":null,\"attrs\":{\"class\":\"jss57 jss126\",\"href\":\"https://annieselke.com/Rugs/c/rugs\",\"data-moov-link\":\"on\",\"data-moov-rel\":\"prefetch\"},\"addr\":\"0.1.1.0.1.0.1.1.0.0.0.0.0.0\",\"content\":[],\"css\":{\"display\":\"block\",\"height\":\"19px\",\"content\":\"normal\",\"zIndex\":\"auto\",\"justifyContent\":\"normal\",\"borderRadius\":\"0px\",\"color\":\"rgb(108, 104, 100)\",\"padding\":\"0px\",\"fontFamily\":\"\\\"Avenir Book\\\", sans-serif\",\"lineHeight\":\"normal\",\"borderTop\":\"0px none rgb(108, 104, 100)\",\"paddingRight\":\"0px\",\"borderLeft\":\"0px none rgb(108, 104, 100)\",\"position\":\"static\",\"backgroundColor\":\"rgba(0, 0, 0, 0)\",\"textTransform\":\"uppercase\",\"textShadow\":\"none\",\"paddingLeft\":\"0px\",\"opacity\":\"1\",\"maxHeight\":\"none\",\"borderWidth\":\"0px\",\"visibility\":\"visible\",\"textAlign\":\"center\",\"borderBottom\":\"0px none rgb(108, 104, 100)\",\"background\":\"rgba(0, 0, 0, 0) none repeat scroll 0% 0% / auto padding-box border-box\",\"font\":\"normal normal 300 normal 14px / normal \\\"Avenir Book\\\", sans-serif\",\"paddingBottom\":\"0px\",\"border\":\"0px none rgb(108, 104, 100)\",\"maxWidth\":\"none\",\"borderColor\":\"rgb(108, 104, 100)\",\"borderRight\":\"0px none rgb(108, 104, 100)\",\"width\":\"36.5938px\",\"fontWeight\":\"300\",\"paddingTop\":\"0px\",\"overflow\":\"visible\",\"backgroundImage\":\"none\",\"outline\":\"rgb(108, 104, 100) none 0px\"}}","locator":"//button//span//a[contains(text(),\"Rugs\")]","locatorType":"xpath","name":"taCategory","uuid":"taCategory12//button//span//a[contains(text(),\"Rugs\")]","meta":{"revision":0,"created":1541413292981,"version":0},"$loki":2}
2018-11-05T10:21:32.981Z [[32minfo[39m] 	12 Elements locator: {"value":"//button//span//a[contains(text(),\"Rugs\")]","using":"xpath"}
2018-11-05T10:21:33.001Z [[32minfo[39m] 	12 Elements response: {"sessionId":"ca9242ce3f78f0b9a228ad4e419f822b","status":0,"value":[{"ELEMENT":"0.19488198078995866-1"}]}
2018-11-05T10:21:33.006Z [[32minfo[39m] 	13 Sending GET request to http://localhost:9516/session/ca9242ce3f78f0b9a228ad4e419f822b/element/0.19488198078995866-1/displayed:  {}
2018-11-05T10:21:33.026Z [[32minfo[39m] 	14 Sending POST request to http://localhost:9516/session/ca9242ce3f78f0b9a228ad4e419f822b/element/0.19488198078995866-1/click:  {}
2018-11-05T10:21:33.161Z [[32minfo[39m] 	15 Sending elements request to http://localhost:9516/session/ca9242ce3f78f0b9a228ad4e419f822b:  {"using":"xpath","value":"//div[@data-page=\"Subcategory\"]__ta__taCategoryPage__ta__"}
2018-11-05T10:21:33.537Z [[32minfo[39m] 	15 Element record result: {"entity":"{\"tag\":\"DIV\",\"class\":null,\"id\":null,\"attrs\":{\"style\":\"display: none;\",\"data-page\":\"Subcategory\"},\"addr\":\"0.1.1.0.2.2\",\"content\":[],\"css\":{\"paddingLeft\":\"0px\",\"paddingTop\":\"0px\",\"textTransform\":\"none\",\"zIndex\":\"auto\",\"color\":\"rgb(108, 104, 100)\",\"overflow\":\"visible\",\"borderRight\":\"0px none rgb(108, 104, 100)\",\"borderRadius\":\"0px\",\"borderWidth\":\"0px\",\"fontFamily\":\"\\\"Avenir Book\\\", sans-serif\",\"textShadow\":\"none\",\"paddingBottom\":\"0px\",\"border\":\"0px none rgb(108, 104, 100)\",\"borderColor\":\"rgb(108, 104, 100)\",\"borderLeft\":\"0px none rgb(108, 104, 100)\",\"outline\":\"rgb(108, 104, 100) none 0px\",\"font\":\"normal normal 400 normal 14px / normal \\\"Avenir Book\\\", sans-serif\",\"fontWeight\":\"400\",\"borderBottom\":\"0px none rgb(108, 104, 100)\",\"padding\":\"0px\",\"opacity\":\"1\",\"textAlign\":\"start\",\"justifyContent\":\"normal\",\"content\":\"normal\",\"lineHeight\":\"normal\",\"backgroundColor\":\"rgba(0, 0, 0, 0)\",\"borderTop\":\"0px none rgb(108, 104, 100)\",\"height\":\"auto\",\"maxWidth\":\"none\",\"position\":\"static\",\"backgroundImage\":\"none\",\"visibility\":\"visible\",\"display\":\"none\",\"background\":\"rgba(0, 0, 0, 0) none repeat scroll 0% 0% / auto padding-box border-box\",\"maxHeight\":\"none\",\"paddingRight\":\"0px\",\"width\":\"auto\"}}","locator":"//div[@data-page=\"Subcategory\"]","locatorType":"xpath","name":"taCategoryPage","uuid":"taCategoryPage15//div[@data-page=\"Subcategory\"]","meta":{"revision":0,"created":1541413293537,"version":0},"$loki":3}
2018-11-05T10:21:33.538Z [[32minfo[39m] 	15 Elements locator: {"value":"//div[@data-page=\"Subcategory\"]","using":"xpath"}
2018-11-05T10:21:33.694Z [[32minfo[39m] 	15 Elements response: {"sessionId":"ca9242ce3f78f0b9a228ad4e419f822b","status":0,"value":[{"ELEMENT":"0.19488198078995866-2"}]}
2018-11-05T10:21:33.699Z [[32minfo[39m] 	16 Sending GET request to http://localhost:9516/session/ca9242ce3f78f0b9a228ad4e419f822b/element/0.19488198078995866-2/displayed:  {}
2018-11-05T10:21:33.719Z [[32minfo[39m] 	17 Sending POST request to http://localhost:9516/session/ca9242ce3f78f0b9a228ad4e419f822b/element/0.19488198078995866-2/click:  {}
2018-11-05T10:21:36.782Z [[32minfo[39m] 	18 Sending GET request to http://localhost:9516/session/ca9242ce3f78f0b9a228ad4e419f822b/window_handles:  {}
2018-11-05T10:21:36.791Z [[32minfo[39m] 	19 Sending POST request to http://localhost:9516/session/ca9242ce3f78f0b9a228ad4e419f822b/window:  {"name":"CDwindow-DD47D8A1B0E0DF5A98BB31463D3F5576"}
2018-11-05T10:21:36.800Z [[32minfo[39m] 	20 Sending GET request to http://localhost:9516/session/ca9242ce3f78f0b9a228ad4e419f822b/window_handles:  {}
2018-11-05T10:21:36.810Z [[32minfo[39m] 	21 Sending POST request to http://localhost:9516/session/ca9242ce3f78f0b9a228ad4e419f822b/goog/cdp/execute:  {"cmd":"Network.clearBrowserCookies","params":{}}
2018-11-05T10:21:36.823Z [[32minfo[39m] 	22 Sending POST request to http://localhost:9516/session/ca9242ce3f78f0b9a228ad4e419f822b/url:  {"url":"about:blank"}
2018-11-05T10:21:36.895Z [[32minfo[39m] 	23 Sending elements request to http://localhost:9516/session/ca9242ce3f78f0b9a228ad4e419f822b:  {"using":"xpath","value":"/html/body/*"}
2018-11-05T10:21:36.896Z [[32minfo[39m] 	23 Elements locator: {"value":"/html/body/*","using":"xpath"}
2018-11-05T10:21:36.909Z [[32minfo[39m] 	23 Elements response: {"sessionId":"ca9242ce3f78f0b9a228ad4e419f822b","status":0,"value":[]}
2018-11-05T10:21:36.914Z [[32minfo[39m] 	24 Sending DELETE request to http://localhost:9516/session/ca9242ce3f78f0b9a228ad4e419f822b:  {}
2018-11-05T10:21:36.980Z [[32minfo[39m] 	Sync elements
2018-11-05T10:21:37.586Z [[32minfo[39m] 	Stopping driver
