2018-11-05T12:49:38.078Z [[32minfo[39m] 	Starting TrueAutomation.IO client
2018-11-05T12:49:38.079Z [[32minfo[39m] 	API key: 44c69a48-ba10-4fb0-b4a2-b07e2da25af9
2018-11-05T12:49:38.079Z [[32minfo[39m] 	Project name: capybaraTest
2018-11-05T12:49:38.080Z [[32minfo[39m] 	Cloud server: https://app.trueautomation.io
2018-11-05T12:49:38.080Z [[32minfo[39m] 	Starting chromeDriver /Users/true/.trueautomation/chromedriver/chromedriver_mac64_2.43 on port 9516...
2018-11-05T12:49:38.616Z [[32minfo[39m] 	TrueAutomation.IO Client is listening on port 9515
2018-11-05T12:49:40.038Z [[32minfo[39m] 	0 Create session response: {"sessionId":"450e185ebc5e61c8defe7301d8e08c58","status":0,"value":{"acceptInsecureCerts":false,"acceptSslCerts":false,"applicationCacheEnabled":false,"browserConnectionEnabled":false,"browserName":"chrome","chrome":{"chromedriverVersion":"2.43.600229 (3fae4d0cda5334b4f533bede5a4787f7b832d052)","userDataDir":"/var/folders/h_/pvcns8sj7sj5v8df934tz8dm0000gq/T/.org.chromium.Chromium.UbNwcN"},"cssSelectorsEnabled":true,"databaseEnabled":false,"goog:chromeOptions":{"debuggerAddress":"localhost:57460"},"handlesAlerts":true,"hasTouchScreen":true,"javascriptEnabled":true,"locationContextEnabled":true,"mobileEmulationEnabled":true,"nativeEvents":true,"networkConnectionEnabled":false,"pageLoadStrategy":"normal","platform":"Mac OS X","rotatable":false,"setWindowRect":true,"takesHeapSnapshot":true,"takesScreenshot":true,"unexpectedAlertBehaviour":"","version":"70.0.3538.77","webStorageEnabled":true}}
2018-11-05T12:49:40.055Z [[32minfo[39m] 	1 Sending POST request to http://localhost:9516/session/450e185ebc5e61c8defe7301d8e08c58/url:  {"url":"http://annieselke.com"}
2018-11-05T12:49:45.463Z [[32minfo[39m] 	2 Sending elements request to http://localhost:9516/session/450e185ebc5e61c8defe7301d8e08c58:  {"using":"xpath","value":"//div[@data-page=\"Home\"]__ta__taHome__ta__"}
2018-11-05T12:49:45.807Z [[32minfo[39m] 	2 Enum nodes response:  {"sessionId":"450e185ebc5e61c8defe7301d8
2018-11-05T12:49:45.992Z [[32minfo[39m] 	2 Elements locator: {"value":"/*[1]/*[2]/*[2]/*[1]/*[3]/*[2]","using":"xpath"}
2018-11-05T12:49:46.008Z [[32minfo[39m] 	2 Elements response: {"sessionId":"450e185ebc5e61c8defe7301d8e08c58","status":0,"value":[{"ELEMENT":"0.9596198752999892-1"}]}
2018-11-05T12:49:46.013Z [[32minfo[39m] 	3 Sending GET request to http://localhost:9516/session/450e185ebc5e61c8defe7301d8e08c58/element/0.9596198752999892-1/displayed:  {}
2018-11-05T12:49:46.033Z [[32minfo[39m] 	4 Sending POST request to http://localhost:9516/session/450e185ebc5e61c8defe7301d8e08c58/element/0.9596198752999892-1/click:  {}
2018-11-05T12:49:49.139Z [[32minfo[39m] 	5 Sending GET request to http://localhost:9516/session/450e185ebc5e61c8defe7301d8e08c58/window_handles:  {}
2018-11-05T12:49:49.148Z [[32minfo[39m] 	6 Sending POST request to http://localhost:9516/session/450e185ebc5e61c8defe7301d8e08c58/window:  {"name":"CDwindow-AC47B68B8F3865B92C0B632A7893B7CB"}
2018-11-05T12:49:49.157Z [[32minfo[39m] 	7 Sending GET request to http://localhost:9516/session/450e185ebc5e61c8defe7301d8e08c58/window_handles:  {}
2018-11-05T12:49:49.165Z [[32minfo[39m] 	8 Sending POST request to http://localhost:9516/session/450e185ebc5e61c8defe7301d8e08c58/goog/cdp/execute:  {"cmd":"Network.clearBrowserCookies","params":{}}
2018-11-05T12:49:49.184Z [[32minfo[39m] 	9 Sending POST request to http://localhost:9516/session/450e185ebc5e61c8defe7301d8e08c58/url:  {"url":"about:blank"}
2018-11-05T12:49:49.306Z [[32minfo[39m] 	10 Sending elements request to http://localhost:9516/session/450e185ebc5e61c8defe7301d8e08c58:  {"using":"xpath","value":"/html/body/*"}
2018-11-05T12:49:49.306Z [[32minfo[39m] 	10 Elements locator: {"value":"/html/body/*","using":"xpath"}
2018-11-05T12:49:49.322Z [[32minfo[39m] 	10 Elements response: {"sessionId":"450e185ebc5e61c8defe7301d8e08c58","status":0,"value":[]}
2018-11-05T12:49:49.328Z [[32minfo[39m] 	11 Sending POST request to http://localhost:9516/session/450e185ebc5e61c8defe7301d8e08c58/url:  {"url":"http://annieselke.com"}
2018-11-05T12:49:50.738Z [[32minfo[39m] 	12 Sending elements request to http://localhost:9516/session/450e185ebc5e61c8defe7301d8e08c58:  {"using":"xpath","value":"//button//span//a[contains(text(),\"Rugs\")]__ta__taCategory__ta__"}
2018-11-05T12:49:50.981Z [[32minfo[39m] 	12 Enum nodes response:  {"sessionId":"450e185ebc5e61c8defe7301d8
2018-11-05T12:49:51.144Z [[32minfo[39m] 	12 Elements locator: {"value":"/*[1]/*[2]/*[2]/*[1]/*[2]/*[1]/*[2]/*[2]/*[1]/*[1]/*[1]/*[1]/*[1]/*[1]","using":"xpath"}
2018-11-05T12:49:51.162Z [[32minfo[39m] 	12 Elements response: {"sessionId":"450e185ebc5e61c8defe7301d8e08c58","status":0,"value":[{"ELEMENT":"0.873584076122063-1"}]}
2018-11-05T12:49:51.166Z [[32minfo[39m] 	13 Sending GET request to http://localhost:9516/session/450e185ebc5e61c8defe7301d8e08c58/element/0.873584076122063-1/displayed:  {}
2018-11-05T12:49:51.185Z [[32minfo[39m] 	14 Sending POST request to http://localhost:9516/session/450e185ebc5e61c8defe7301d8e08c58/element/0.873584076122063-1/click:  {}
2018-11-05T12:49:52.320Z [[32minfo[39m] 	15 Sending elements request to http://localhost:9516/session/450e185ebc5e61c8defe7301d8e08c58:  {"using":"xpath","value":"//div[@data-page=\"Subcategory\"]__ta__taCategoryPage__ta__"}
2018-11-05T12:49:52.554Z [[32minfo[39m] 	15 Enum nodes response:  {"sessionId":"450e185ebc5e61c8defe7301d8
2018-11-05T12:49:52.958Z [[32minfo[39m] 	15 Elements locator: {"value":"/*[1]/*[2]/*[2]/*[1]/*[3]/*[2]","using":"xpath"}
2018-11-05T12:49:52.986Z [[32minfo[39m] 	15 Elements response: {"sessionId":"450e185ebc5e61c8defe7301d8e08c58","status":0,"value":[{"ELEMENT":"0.873584076122063-2"}]}
2018-11-05T12:49:52.991Z [[32minfo[39m] 	16 Sending GET request to http://localhost:9516/session/450e185ebc5e61c8defe7301d8e08c58/element/0.873584076122063-2/displayed:  {}
2018-11-05T12:49:53.011Z [[32minfo[39m] 	17 Sending POST request to http://localhost:9516/session/450e185ebc5e61c8defe7301d8e08c58/element/0.873584076122063-2/click:  {}
2018-11-05T12:49:56.069Z [[32minfo[39m] 	18 Sending GET request to http://localhost:9516/session/450e185ebc5e61c8defe7301d8e08c58/window_handles:  {}
2018-11-05T12:49:56.079Z [[32minfo[39m] 	19 Sending POST request to http://localhost:9516/session/450e185ebc5e61c8defe7301d8e08c58/window:  {"name":"CDwindow-AC47B68B8F3865B92C0B632A7893B7CB"}
2018-11-05T12:49:56.088Z [[32minfo[39m] 	20 Sending GET request to http://localhost:9516/session/450e185ebc5e61c8defe7301d8e08c58/window_handles:  {}
2018-11-05T12:49:56.097Z [[32minfo[39m] 	21 Sending POST request to http://localhost:9516/session/450e185ebc5e61c8defe7301d8e08c58/goog/cdp/execute:  {"cmd":"Network.clearBrowserCookies","params":{}}
2018-11-05T12:49:56.112Z [[32minfo[39m] 	22 Sending POST request to http://localhost:9516/session/450e185ebc5e61c8defe7301d8e08c58/url:  {"url":"about:blank"}
2018-11-05T12:49:56.195Z [[32minfo[39m] 	23 Sending elements request to http://localhost:9516/session/450e185ebc5e61c8defe7301d8e08c58:  {"using":"xpath","value":"/html/body/*"}
2018-11-05T12:49:56.195Z [[32minfo[39m] 	23 Elements locator: {"value":"/html/body/*","using":"xpath"}
2018-11-05T12:49:56.206Z [[32minfo[39m] 	23 Elements response: {"sessionId":"450e185ebc5e61c8defe7301d8e08c58","status":0,"value":[]}
2018-11-05T12:49:56.213Z [[32minfo[39m] 	24 Sending DELETE request to http://localhost:9516/session/450e185ebc5e61c8defe7301d8e08c58:  {}
2018-11-05T12:49:56.278Z [[32minfo[39m] 	Sync elements
2018-11-05T12:49:57.022Z [[32minfo[39m] 	Stopping driver
