2018-11-05T13:17:42.180Z [[32minfo[39m] 	Starting TrueAutomation.IO client
2018-11-05T13:17:42.181Z [[32minfo[39m] 	API key: 44c69a48-ba10-4fb0-b4a2-b07e2da25af9
2018-11-05T13:17:42.181Z [[32minfo[39m] 	Project name: capybaraTest
2018-11-05T13:17:42.181Z [[32minfo[39m] 	Cloud server: https://app.trueautomation.io
2018-11-05T13:17:42.181Z [[32minfo[39m] 	Starting chromeDriver /Users/true/.trueautomation/chromedriver/chromedriver_mac64_2.43 on port 9516...
2018-11-05T13:17:42.620Z [[32minfo[39m] 	TrueAutomation.IO Client is listening on port 9515
2018-11-05T13:17:44.530Z [[32minfo[39m] 	0 Create session response: {"sessionId":"ee06cd97c50ab77d4d61faa5d75635db","status":0,"value":{"acceptInsecureCerts":false,"acceptSslCerts":false,"applicationCacheEnabled":false,"browserConnectionEnabled":false,"browserName":"chrome","chrome":{"chromedriverVersion":"2.43.600229 (3fae4d0cda5334b4f533bede5a4787f7b832d052)","userDataDir":"/var/folders/h_/pvcns8sj7sj5v8df934tz8dm0000gq/T/.org.chromium.Chromium.TzchF8"},"cssSelectorsEnabled":true,"databaseEnabled":false,"goog:chromeOptions":{"debuggerAddress":"localhost:49715"},"handlesAlerts":true,"hasTouchScreen":true,"javascriptEnabled":true,"locationContextEnabled":true,"mobileEmulationEnabled":true,"nativeEvents":true,"networkConnectionEnabled":false,"pageLoadStrategy":"normal","platform":"Mac OS X","rotatable":false,"setWindowRect":true,"takesHeapSnapshot":true,"takesScreenshot":true,"unexpectedAlertBehaviour":"","version":"70.0.3538.77","webStorageEnabled":true}}
2018-11-05T13:17:44.548Z [[32minfo[39m] 	1 Sending POST request to http://localhost:9516/session/ee06cd97c50ab77d4d61faa5d75635db/url:  {"url":"http://annieselke.com"}
2018-11-05T13:17:49.549Z [[32minfo[39m] 	2 Sending elements request to http://localhost:9516/session/ee06cd97c50ab77d4d61faa5d75635db:  {"using":"xpath","value":"//div[@data-page=\"Home\"]__ta__taHome__ta__"}
2018-11-05T13:17:50.005Z [[32minfo[39m] 	2 Enum nodes response:  {"sessionId":"ee06cd97c50ab77d4d61faa5d7
2018-11-05T13:17:50.189Z [[32minfo[39m] 	2 Elements locator: {"value":"/*[1]/*[2]/*[2]/*[1]/*[3]/*[2]","using":"xpath"}
2018-11-05T13:17:50.206Z [[32minfo[39m] 	2 Elements response: {"sessionId":"ee06cd97c50ab77d4d61faa5d75635db","status":0,"value":[{"ELEMENT":"0.405320292580019-1"}]}
2018-11-05T13:17:50.211Z [[32minfo[39m] 	3 Sending GET request to http://localhost:9516/session/ee06cd97c50ab77d4d61faa5d75635db/element/0.405320292580019-1/displayed:  {}
2018-11-05T13:17:50.231Z [[32minfo[39m] 	4 Sending POST request to http://localhost:9516/session/ee06cd97c50ab77d4d61faa5d75635db/element/0.405320292580019-1/click:  {}
2018-11-05T13:17:53.329Z [[32minfo[39m] 	5 Sending GET request to http://localhost:9516/session/ee06cd97c50ab77d4d61faa5d75635db/window_handles:  {}
2018-11-05T13:17:53.341Z [[32minfo[39m] 	6 Sending POST request to http://localhost:9516/session/ee06cd97c50ab77d4d61faa5d75635db/window:  {"name":"CDwindow-811E29B82D0875E7C81DC719BFC4F301"}
2018-11-05T13:17:53.350Z [[32minfo[39m] 	7 Sending GET request to http://localhost:9516/session/ee06cd97c50ab77d4d61faa5d75635db/window_handles:  {}
2018-11-05T13:17:53.360Z [[32minfo[39m] 	8 Sending POST request to http://localhost:9516/session/ee06cd97c50ab77d4d61faa5d75635db/goog/cdp/execute:  {"cmd":"Network.clearBrowserCookies","params":{}}
2018-11-05T13:17:53.382Z [[32minfo[39m] 	9 Sending POST request to http://localhost:9516/session/ee06cd97c50ab77d4d61faa5d75635db/url:  {"url":"about:blank"}
2018-11-05T13:17:53.513Z [[32minfo[39m] 	10 Sending elements request to http://localhost:9516/session/ee06cd97c50ab77d4d61faa5d75635db:  {"using":"xpath","value":"/html/body/*"}
2018-11-05T13:17:53.514Z [[32minfo[39m] 	10 Elements locator: {"value":"/html/body/*","using":"xpath"}
2018-11-05T13:17:53.530Z [[32minfo[39m] 	10 Elements response: {"sessionId":"ee06cd97c50ab77d4d61faa5d75635db","status":0,"value":[]}
2018-11-05T13:17:53.535Z [[32minfo[39m] 	11 Sending POST request to http://localhost:9516/session/ee06cd97c50ab77d4d61faa5d75635db/url:  {"url":"http://annieselke.com"}
2018-11-05T13:17:55.131Z [[32minfo[39m] 	12 Sending elements request to http://localhost:9516/session/ee06cd97c50ab77d4d61faa5d75635db:  {"using":"xpath","value":"//button//span//a[contains(text(),\"Rugs\")]__ta__taCategory__ta__"}
2018-11-05T13:17:55.362Z [[32minfo[39m] 	12 Enum nodes response:  {"sessionId":"ee06cd97c50ab77d4d61faa5d7
2018-11-05T13:17:55.524Z [[32minfo[39m] 	12 Elements locator: {"value":"/*[1]/*[2]/*[2]/*[1]/*[2]/*[1]/*[2]/*[2]/*[1]/*[1]/*[1]/*[1]/*[1]/*[1]","using":"xpath"}
2018-11-05T13:17:55.541Z [[32minfo[39m] 	12 Elements response: {"sessionId":"ee06cd97c50ab77d4d61faa5d75635db","status":0,"value":[{"ELEMENT":"0.16987084548591813-1"}]}
2018-11-05T13:17:55.545Z [[32minfo[39m] 	13 Sending GET request to http://localhost:9516/session/ee06cd97c50ab77d4d61faa5d75635db/element/0.16987084548591813-1/displayed:  {}
2018-11-05T13:17:55.566Z [[32minfo[39m] 	14 Sending POST request to http://localhost:9516/session/ee06cd97c50ab77d4d61faa5d75635db/element/0.16987084548591813-1/click:  {}
2018-11-05T13:17:56.714Z [[32minfo[39m] 	15 Sending elements request to http://localhost:9516/session/ee06cd97c50ab77d4d61faa5d75635db:  {"using":"xpath","value":"//div[@data-page=\"Subcategory\"]__ta__taCategoryPage__ta__"}
2018-11-05T13:17:56.960Z [[32minfo[39m] 	15 Enum nodes response:  {"sessionId":"ee06cd97c50ab77d4d61faa5d7
2018-11-05T13:17:57.361Z [[32minfo[39m] 	15 Elements locator: {"value":"/*[1]/*[2]/*[2]/*[1]/*[3]/*[2]","using":"xpath"}
2018-11-05T13:17:57.388Z [[32minfo[39m] 	15 Elements response: {"sessionId":"ee06cd97c50ab77d4d61faa5d75635db","status":0,"value":[{"ELEMENT":"0.16987084548591813-2"}]}
2018-11-05T13:17:57.394Z [[32minfo[39m] 	16 Sending GET request to http://localhost:9516/session/ee06cd97c50ab77d4d61faa5d75635db/element/0.16987084548591813-2/displayed:  {}
2018-11-05T13:17:57.413Z [[32minfo[39m] 	17 Sending POST request to http://localhost:9516/session/ee06cd97c50ab77d4d61faa5d75635db/element/0.16987084548591813-2/click:  {}
2018-11-05T13:18:00.471Z [[32minfo[39m] 	18 Sending GET request to http://localhost:9516/session/ee06cd97c50ab77d4d61faa5d75635db/window_handles:  {}
2018-11-05T13:18:00.481Z [[32minfo[39m] 	19 Sending POST request to http://localhost:9516/session/ee06cd97c50ab77d4d61faa5d75635db/window:  {"name":"CDwindow-811E29B82D0875E7C81DC719BFC4F301"}
2018-11-05T13:18:00.490Z [[32minfo[39m] 	20 Sending GET request to http://localhost:9516/session/ee06cd97c50ab77d4d61faa5d75635db/window_handles:  {}
2018-11-05T13:18:00.499Z [[32minfo[39m] 	21 Sending POST request to http://localhost:9516/session/ee06cd97c50ab77d4d61faa5d75635db/goog/cdp/execute:  {"cmd":"Network.clearBrowserCookies","params":{}}
2018-11-05T13:18:00.514Z [[32minfo[39m] 	22 Sending POST request to http://localhost:9516/session/ee06cd97c50ab77d4d61faa5d75635db/url:  {"url":"about:blank"}
2018-11-05T13:18:00.580Z [[32minfo[39m] 	23 Sending elements request to http://localhost:9516/session/ee06cd97c50ab77d4d61faa5d75635db:  {"using":"xpath","value":"/html/body/*"}
2018-11-05T13:18:00.580Z [[32minfo[39m] 	23 Elements locator: {"value":"/html/body/*","using":"xpath"}
2018-11-05T13:18:00.590Z [[32minfo[39m] 	23 Elements response: {"sessionId":"ee06cd97c50ab77d4d61faa5d75635db","status":0,"value":[]}
2018-11-05T13:18:00.596Z [[32minfo[39m] 	24 Sending DELETE request to http://localhost:9516/session/ee06cd97c50ab77d4d61faa5d75635db:  {}
2018-11-05T13:18:00.659Z [[32minfo[39m] 	Sync elements
2018-11-05T13:18:01.237Z [[32minfo[39m] 	Stopping driver
