2018-11-05T13:20:13.354Z [[32minfo[39m] 	Starting TrueAutomation.IO client
2018-11-05T13:20:13.355Z [[32minfo[39m] 	API key: 44c69a48-ba10-4fb0-b4a2-b07e2da25af9
2018-11-05T13:20:13.355Z [[32minfo[39m] 	Project name: capybaraTest
2018-11-05T13:20:13.355Z [[32minfo[39m] 	Cloud server: https://app.trueautomation.io
2018-11-05T13:20:13.355Z [[32minfo[39m] 	Starting chromeDriver /Users/true/.trueautomation/chromedriver/chromedriver_mac64_2.43 on port 9516...
2018-11-05T13:20:13.853Z [[32minfo[39m] 	TrueAutomation.IO Client is listening on port 9515
2018-11-05T13:20:15.165Z [[32minfo[39m] 	0 Create session response: {"sessionId":"832bf9900771d772af925f78bbd05886","status":0,"value":{"acceptInsecureCerts":false,"acceptSslCerts":false,"applicationCacheEnabled":false,"browserConnectionEnabled":false,"browserName":"chrome","chrome":{"chromedriverVersion":"2.43.600229 (3fae4d0cda5334b4f533bede5a4787f7b832d052)","userDataDir":"/var/folders/h_/pvcns8sj7sj5v8df934tz8dm0000gq/T/.org.chromium.Chromium.Skg1aH"},"cssSelectorsEnabled":true,"databaseEnabled":false,"goog:chromeOptions":{"debuggerAddress":"localhost:51097"},"handlesAlerts":true,"hasTouchScreen":true,"javascriptEnabled":true,"locationContextEnabled":true,"mobileEmulationEnabled":true,"nativeEvents":true,"networkConnectionEnabled":false,"pageLoadStrategy":"normal","platform":"Mac OS X","rotatable":false,"setWindowRect":true,"takesHeapSnapshot":true,"takesScreenshot":true,"unexpectedAlertBehaviour":"","version":"70.0.3538.77","webStorageEnabled":true}}
2018-11-05T13:20:15.182Z [[32minfo[39m] 	1 Sending POST request to http://localhost:9516/session/832bf9900771d772af925f78bbd05886/url:  {"url":"http://annieselke.com"}
2018-11-05T13:20:21.257Z [[32minfo[39m] 	2 Sending elements request to http://localhost:9516/session/832bf9900771d772af925f78bbd05886:  {"using":"xpath","value":"//div[@data-page=\"Home\"]__ta__taHome__ta__"}
2018-11-05T13:20:21.596Z [[32minfo[39m] 	2 Enum nodes response:  {"sessionId":"832bf9900771d772af925f78bb
2018-11-05T13:20:21.771Z [[32minfo[39m] 	2 Elements locator: {"value":"/*[1]/*[2]/*[2]/*[1]/*[3]/*[2]","using":"xpath"}
2018-11-05T13:20:21.808Z [[32minfo[39m] 	2 Elements response: {"sessionId":"832bf9900771d772af925f78bbd05886","status":0,"value":[{"ELEMENT":"0.020318437014016366-1"}]}
2018-11-05T13:20:21.813Z [[32minfo[39m] 	3 Sending GET request to http://localhost:9516/session/832bf9900771d772af925f78bbd05886/element/0.020318437014016366-1/displayed:  {}
2018-11-05T13:20:21.833Z [[32minfo[39m] 	4 Sending POST request to http://localhost:9516/session/832bf9900771d772af925f78bbd05886/element/0.020318437014016366-1/click:  {}
2018-11-05T13:20:24.939Z [[32minfo[39m] 	5 Sending GET request to http://localhost:9516/session/832bf9900771d772af925f78bbd05886/window_handles:  {}
2018-11-05T13:20:24.951Z [[32minfo[39m] 	6 Sending POST request to http://localhost:9516/session/832bf9900771d772af925f78bbd05886/window:  {"name":"CDwindow-9AA495E87CF47C26ACB5DC7A0DF9A0B3"}
2018-11-05T13:20:24.961Z [[32minfo[39m] 	7 Sending GET request to http://localhost:9516/session/832bf9900771d772af925f78bbd05886/window_handles:  {}
2018-11-05T13:20:24.969Z [[32minfo[39m] 	8 Sending POST request to http://localhost:9516/session/832bf9900771d772af925f78bbd05886/goog/cdp/execute:  {"cmd":"Network.clearBrowserCookies","params":{}}
2018-11-05T13:20:24.989Z [[32minfo[39m] 	9 Sending POST request to http://localhost:9516/session/832bf9900771d772af925f78bbd05886/url:  {"url":"about:blank"}
2018-11-05T13:20:25.104Z [[32minfo[39m] 	10 Sending elements request to http://localhost:9516/session/832bf9900771d772af925f78bbd05886:  {"using":"xpath","value":"/html/body/*"}
2018-11-05T13:20:25.104Z [[32minfo[39m] 	10 Elements locator: {"value":"/html/body/*","using":"xpath"}
2018-11-05T13:20:25.123Z [[32minfo[39m] 	10 Elements response: {"sessionId":"832bf9900771d772af925f78bbd05886","status":0,"value":[]}
2018-11-05T13:20:25.129Z [[32minfo[39m] 	11 Sending POST request to http://localhost:9516/session/832bf9900771d772af925f78bbd05886/url:  {"url":"http://annieselke.com"}
2018-11-05T13:20:26.496Z [[32minfo[39m] 	12 Sending elements request to http://localhost:9516/session/832bf9900771d772af925f78bbd05886:  {"using":"xpath","value":"//button//span//a[contains(text(),\"Rugs\")]__ta__taCategory__ta__"}
2018-11-05T13:20:26.612Z [[32minfo[39m] 	12 Enum nodes response:  {"sessionId":"832bf9900771d772af925f78bb
2018-11-05T13:20:26.777Z [[32minfo[39m] 	12 Elements locator: {"value":"/*[1]/*[2]/*[2]/*[1]/*[2]/*[1]/*[2]/*[2]/*[1]/*[1]/*[1]/*[1]/*[1]/*[1]","using":"xpath"}
2018-11-05T13:20:26.794Z [[32minfo[39m] 	12 Elements response: {"sessionId":"832bf9900771d772af925f78bbd05886","status":0,"value":[{"ELEMENT":"0.6163610798383479-1"}]}
2018-11-05T13:20:26.798Z [[32minfo[39m] 	13 Sending GET request to http://localhost:9516/session/832bf9900771d772af925f78bbd05886/element/0.6163610798383479-1/displayed:  {}
2018-11-05T13:20:26.815Z [[32minfo[39m] 	14 Sending POST request to http://localhost:9516/session/832bf9900771d772af925f78bbd05886/element/0.6163610798383479-1/click:  {}
2018-11-05T13:20:26.949Z [[32minfo[39m] 	15 Sending elements request to http://localhost:9516/session/832bf9900771d772af925f78bbd05886:  {"using":"xpath","value":"//div[@data-page=\"Subcategory\"]__ta__taCategoryPage__ta__"}
2018-11-05T13:20:27.108Z [[32minfo[39m] 	15 Enum nodes response:  {"sessionId":"832bf9900771d772af925f78bb
2018-11-05T13:20:27.336Z [[32minfo[39m] 	15 Elements locator: {"value":"/*[1]/*[2]/*[2]/*[1]/*[3]/*[3]","using":"xpath"}
2018-11-05T13:20:27.468Z [[32minfo[39m] 	15 Elements response: {"sessionId":"832bf9900771d772af925f78bbd05886","status":0,"value":[]}
2018-11-05T13:20:27.527Z [[32minfo[39m] 	16 Sending elements request to http://localhost:9516/session/832bf9900771d772af925f78bbd05886:  {"using":"xpath","value":"//div[@data-page=\"Subcategory\"]__ta__taCategoryPage__ta__"}
2018-11-05T13:20:27.764Z [[32minfo[39m] 	16 Enum nodes response:  {"sessionId":"832bf9900771d772af925f78bb
2018-11-05T13:20:28.715Z [[32minfo[39m] 	16 Elements locator: {"value":"/*[1]/*[2]/*[2]/*[1]/*[3]/*[1]","using":"xpath"}
2018-11-05T13:20:28.750Z [[32minfo[39m] 	16 Elements response: {"sessionId":"832bf9900771d772af925f78bbd05886","status":0,"value":[{"ELEMENT":"0.6163610798383479-2"}]}
2018-11-05T13:20:28.754Z [[32minfo[39m] 	17 Sending GET request to http://localhost:9516/session/832bf9900771d772af925f78bbd05886/element/0.6163610798383479-2/displayed:  {}
2018-11-05T13:20:28.824Z [[32minfo[39m] 	18 Sending elements request to http://localhost:9516/session/832bf9900771d772af925f78bbd05886:  {"using":"xpath","value":"//div[@data-page=\"Subcategory\"]__ta__taCategoryPage__ta__"}
2018-11-05T13:20:29.043Z [[32minfo[39m] 	18 Enum nodes response:  {"sessionId":"832bf9900771d772af925f78bb
2018-11-05T13:20:29.967Z [[32minfo[39m] 	18 Elements locator: {"value":"/*[1]/*[2]/*[2]/*[1]/*[3]/*[1]","using":"xpath"}
2018-11-05T13:20:29.996Z [[32minfo[39m] 	18 Elements response: {"sessionId":"832bf9900771d772af925f78bbd05886","status":0,"value":[{"ELEMENT":"0.6163610798383479-2"}]}
2018-11-05T13:20:30.001Z [[32minfo[39m] 	19 Sending GET request to http://localhost:9516/session/832bf9900771d772af925f78bbd05886/element/0.6163610798383479-2/displayed:  {}
2018-11-05T13:20:30.072Z [[32minfo[39m] 	20 Sending elements request to http://localhost:9516/session/832bf9900771d772af925f78bbd05886:  {"using":"xpath","value":"//div[@data-page=\"Subcategory\"]__ta__taCategoryPage__ta__"}
2018-11-05T13:20:30.278Z [[32minfo[39m] 	20 Enum nodes response:  {"sessionId":"832bf9900771d772af925f78bb
2018-11-05T13:20:31.168Z [[32minfo[39m] 	20 Elements locator: {"value":"/*[1]/*[2]/*[2]/*[1]/*[3]/*[1]","using":"xpath"}
2018-11-05T13:20:31.197Z [[32minfo[39m] 	20 Elements response: {"sessionId":"832bf9900771d772af925f78bbd05886","status":0,"value":[{"ELEMENT":"0.6163610798383479-2"}]}
2018-11-05T13:20:31.202Z [[32minfo[39m] 	21 Sending GET request to http://localhost:9516/session/832bf9900771d772af925f78bbd05886/element/0.6163610798383479-2/displayed:  {}
2018-11-05T13:20:31.270Z [[32minfo[39m] 	22 Sending elements request to http://localhost:9516/session/832bf9900771d772af925f78bbd05886:  {"using":"xpath","value":"//div[@data-page=\"Subcategory\"]__ta__taCategoryPage__ta__"}
2018-11-05T13:20:31.475Z [[32minfo[39m] 	22 Enum nodes response:  {"sessionId":"832bf9900771d772af925f78bb
2018-11-05T13:20:32.407Z [[32minfo[39m] 	22 Elements locator: {"value":"/*[1]/*[2]/*[2]/*[1]/*[3]/*[1]","using":"xpath"}
2018-11-05T13:20:32.437Z [[32minfo[39m] 	22 Elements response: {"sessionId":"832bf9900771d772af925f78bbd05886","status":0,"value":[{"ELEMENT":"0.6163610798383479-2"}]}
2018-11-05T13:20:32.442Z [[32minfo[39m] 	23 Sending GET request to http://localhost:9516/session/832bf9900771d772af925f78bbd05886/element/0.6163610798383479-2/displayed:  {}
2018-11-05T13:20:32.455Z [[32minfo[39m] 	24 Sending GET request to http://localhost:9516/session/832bf9900771d772af925f78bbd05886/window_handles:  {}
2018-11-05T13:20:32.463Z [[32minfo[39m] 	25 Sending POST request to http://localhost:9516/session/832bf9900771d772af925f78bbd05886/window:  {"name":"CDwindow-9AA495E87CF47C26ACB5DC7A0DF9A0B3"}
2018-11-05T13:20:32.471Z [[32minfo[39m] 	26 Sending GET request to http://localhost:9516/session/832bf9900771d772af925f78bbd05886/window_handles:  {}
2018-11-05T13:20:32.481Z [[32minfo[39m] 	27 Sending POST request to http://localhost:9516/session/832bf9900771d772af925f78bbd05886/goog/cdp/execute:  {"cmd":"Network.clearBrowserCookies","params":{}}
2018-11-05T13:20:32.494Z [[32minfo[39m] 	28 Sending POST request to http://localhost:9516/session/832bf9900771d772af925f78bbd05886/url:  {"url":"about:blank"}
2018-11-05T13:20:32.574Z [[32minfo[39m] 	29 Sending elements request to http://localhost:9516/session/832bf9900771d772af925f78bbd05886:  {"using":"xpath","value":"/html/body/*"}
2018-11-05T13:20:32.574Z [[32minfo[39m] 	29 Elements locator: {"value":"/html/body/*","using":"xpath"}
2018-11-05T13:20:32.584Z [[32minfo[39m] 	29 Elements response: {"sessionId":"832bf9900771d772af925f78bbd05886","status":0,"value":[]}
2018-11-05T13:20:32.617Z [[32minfo[39m] 	30 Sending DELETE request to http://localhost:9516/session/832bf9900771d772af925f78bbd05886:  {}
2018-11-05T13:20:32.676Z [[32minfo[39m] 	Sync elements
2018-11-05T13:20:33.241Z [[32minfo[39m] 	Stopping driver
