2018-11-05T10:21:44.294Z [[32minfo[39m] 	Starting TrueAutomation.IO client
2018-11-05T10:21:44.294Z [[32minfo[39m] 	API key: 44c69a48-ba10-4fb0-b4a2-b07e2da25af9
2018-11-05T10:21:44.294Z [[32minfo[39m] 	Project name: capybaraTest
2018-11-05T10:21:44.295Z [[32minfo[39m] 	Cloud server: https://app.trueautomation.io
2018-11-05T10:21:44.295Z [[32minfo[39m] 	Starting chromeDriver /Users/true/.trueautomation/chromedriver/chromedriver_mac64_2.43 on port 9516...
2018-11-05T10:21:44.787Z [[32minfo[39m] 	TrueAutomation.IO Client is listening on port 9515
2018-11-05T10:21:46.231Z [[32minfo[39m] 	0 Create session response: {"sessionId":"4031688205abc3708dda0d9deb45a9db","status":0,"value":{"acceptInsecureCerts":false,"acceptSslCerts":false,"applicationCacheEnabled":false,"browserConnectionEnabled":false,"browserName":"chrome","chrome":{"chromedriverVersion":"2.43.600229 (3fae4d0cda5334b4f533bede5a4787f7b832d052)","userDataDir":"/var/folders/h_/pvcns8sj7sj5v8df934tz8dm0000gq/T/.org.chromium.Chromium.EYVnWZ"},"cssSelectorsEnabled":true,"databaseEnabled":false,"goog:chromeOptions":{"debuggerAddress":"localhost:58324"},"handlesAlerts":true,"hasTouchScreen":true,"javascriptEnabled":true,"locationContextEnabled":true,"mobileEmulationEnabled":true,"nativeEvents":true,"networkConnectionEnabled":false,"pageLoadStrategy":"normal","platform":"Mac OS X","rotatable":false,"setWindowRect":true,"takesHeapSnapshot":true,"takesScreenshot":true,"unexpectedAlertBehaviour":"","version":"70.0.3538.77","webStorageEnabled":true}}
2018-11-05T10:21:46.249Z [[32minfo[39m] 	1 Sending POST request to http://localhost:9516/session/4031688205abc3708dda0d9deb45a9db/url:  {"url":"http://annieselke.com"}
2018-11-05T10:21:51.375Z [[32minfo[39m] 	2 Sending elements request to http://localhost:9516/session/4031688205abc3708dda0d9deb45a9db:  {"using":"xpath","value":"//div[@data-page=\"Home\"]__ta__taHome__ta__"}
2018-11-05T10:21:51.758Z [[32minfo[39m] 	2 Enum nodes response:  {"sessionId":"4031688205abc3708dda0d9deb
2018-11-05T10:21:51.926Z [[32minfo[39m] 	2 Elements locator: {"value":"/*[1]/*[2]/*[2]/*[1]/*[3]/*[2]","using":"xpath"}
2018-11-05T10:21:51.969Z [[32minfo[39m] 	2 Elements response: {"sessionId":"4031688205abc3708dda0d9deb45a9db","status":0,"value":[{"ELEMENT":"0.4908892863110472-1"}]}
2018-11-05T10:21:51.974Z [[32minfo[39m] 	3 Sending GET request to http://localhost:9516/session/4031688205abc3708dda0d9deb45a9db/element/0.4908892863110472-1/displayed:  {}
2018-11-05T10:21:51.994Z [[32minfo[39m] 	4 Sending POST request to http://localhost:9516/session/4031688205abc3708dda0d9deb45a9db/element/0.4908892863110472-1/click:  {}
2018-11-05T10:21:55.093Z [[32minfo[39m] 	5 Sending GET request to http://localhost:9516/session/4031688205abc3708dda0d9deb45a9db/window_handles:  {}
2018-11-05T10:21:55.106Z [[32minfo[39m] 	6 Sending POST request to http://localhost:9516/session/4031688205abc3708dda0d9deb45a9db/window:  {"name":"CDwindow-383C69DF3E1E7962D8790900FDEC3B11"}
2018-11-05T10:21:55.116Z [[32minfo[39m] 	7 Sending GET request to http://localhost:9516/session/4031688205abc3708dda0d9deb45a9db/window_handles:  {}
2018-11-05T10:21:55.126Z [[32minfo[39m] 	8 Sending POST request to http://localhost:9516/session/4031688205abc3708dda0d9deb45a9db/goog/cdp/execute:  {"cmd":"Network.clearBrowserCookies","params":{}}
2018-11-05T10:21:55.142Z [[32minfo[39m] 	9 Sending POST request to http://localhost:9516/session/4031688205abc3708dda0d9deb45a9db/url:  {"url":"about:blank"}
2018-11-05T10:21:55.259Z [[32minfo[39m] 	10 Sending elements request to http://localhost:9516/session/4031688205abc3708dda0d9deb45a9db:  {"using":"xpath","value":"/html/body/*"}
2018-11-05T10:21:55.259Z [[32minfo[39m] 	10 Elements locator: {"value":"/html/body/*","using":"xpath"}
2018-11-05T10:21:55.274Z [[32minfo[39m] 	10 Elements response: {"sessionId":"4031688205abc3708dda0d9deb45a9db","status":0,"value":[]}
2018-11-05T10:21:55.281Z [[32minfo[39m] 	11 Sending POST request to http://localhost:9516/session/4031688205abc3708dda0d9deb45a9db/url:  {"url":"http://annieselke.com"}
2018-11-05T10:21:56.859Z [[32minfo[39m] 	12 Sending elements request to http://localhost:9516/session/4031688205abc3708dda0d9deb45a9db:  {"using":"xpath","value":"//button//span//a[contains(text(),\"Rugs\")]__ta__taCategory__ta__"}
2018-11-05T10:21:56.976Z [[32minfo[39m] 	12 Enum nodes response:  {"sessionId":"4031688205abc3708dda0d9deb
2018-11-05T10:21:57.135Z [[32minfo[39m] 	12 Elements locator: {"value":"/*[1]/*[2]/*[2]/*[1]/*[2]/*[1]/*[2]/*[2]/*[1]/*[1]/*[1]/*[1]/*[1]/*[1]","using":"xpath"}
2018-11-05T10:21:57.156Z [[32minfo[39m] 	12 Elements response: {"sessionId":"4031688205abc3708dda0d9deb45a9db","status":0,"value":[{"ELEMENT":"0.2150792257214138-1"}]}
2018-11-05T10:21:57.161Z [[32minfo[39m] 	13 Sending GET request to http://localhost:9516/session/4031688205abc3708dda0d9deb45a9db/element/0.2150792257214138-1/displayed:  {}
2018-11-05T10:21:57.181Z [[32minfo[39m] 	14 Sending POST request to http://localhost:9516/session/4031688205abc3708dda0d9deb45a9db/element/0.2150792257214138-1/click:  {}
2018-11-05T10:21:57.313Z [[32minfo[39m] 	15 Sending elements request to http://localhost:9516/session/4031688205abc3708dda0d9deb45a9db:  {"using":"xpath","value":"//div[@data-page=\"Subcategory\"]__ta__taCategoryPage__ta__"}
2018-11-05T10:21:57.479Z [[32minfo[39m] 	15 Enum nodes response:  {"sessionId":"4031688205abc3708dda0d9deb
2018-11-05T10:21:57.725Z [[32minfo[39m] 	15 Elements locator: {"value":"/*[1]/*[2]/*[2]/*[1]/*[3]/*[3]","using":"xpath"}
2018-11-05T10:21:57.837Z [[32minfo[39m] 	15 Elements response: {"sessionId":"4031688205abc3708dda0d9deb45a9db","status":0,"value":[]}
2018-11-05T10:21:57.895Z [[32minfo[39m] 	16 Sending elements request to http://localhost:9516/session/4031688205abc3708dda0d9deb45a9db:  {"using":"xpath","value":"//div[@data-page=\"Subcategory\"]__ta__taCategoryPage__ta__"}
2018-11-05T10:21:58.125Z [[32minfo[39m] 	16 Enum nodes response:  {"sessionId":"4031688205abc3708dda0d9deb
2018-11-05T10:21:59.043Z [[32minfo[39m] 	16 Elements locator: {"value":"/*[1]/*[2]/*[2]/*[1]/*[3]/*[1]","using":"xpath"}
2018-11-05T10:21:59.082Z [[32minfo[39m] 	16 Elements response: {"sessionId":"4031688205abc3708dda0d9deb45a9db","status":0,"value":[{"ELEMENT":"0.2150792257214138-2"}]}
2018-11-05T10:21:59.087Z [[32minfo[39m] 	17 Sending GET request to http://localhost:9516/session/4031688205abc3708dda0d9deb45a9db/element/0.2150792257214138-2/displayed:  {}
2018-11-05T10:21:59.163Z [[32minfo[39m] 	18 Sending elements request to http://localhost:9516/session/4031688205abc3708dda0d9deb45a9db:  {"using":"xpath","value":"//div[@data-page=\"Subcategory\"]__ta__taCategoryPage__ta__"}
2018-11-05T10:21:59.375Z [[32minfo[39m] 	18 Enum nodes response:  {"sessionId":"4031688205abc3708dda0d9deb
2018-11-05T10:22:00.265Z [[32minfo[39m] 	18 Elements locator: {"value":"/*[1]/*[2]/*[2]/*[1]/*[3]/*[1]","using":"xpath"}
2018-11-05T10:22:00.297Z [[32minfo[39m] 	18 Elements response: {"sessionId":"4031688205abc3708dda0d9deb45a9db","status":0,"value":[{"ELEMENT":"0.2150792257214138-2"}]}
2018-11-05T10:22:00.303Z [[32minfo[39m] 	19 Sending GET request to http://localhost:9516/session/4031688205abc3708dda0d9deb45a9db/element/0.2150792257214138-2/displayed:  {}
2018-11-05T10:22:00.371Z [[32minfo[39m] 	20 Sending elements request to http://localhost:9516/session/4031688205abc3708dda0d9deb45a9db:  {"using":"xpath","value":"//div[@data-page=\"Subcategory\"]__ta__taCategoryPage__ta__"}
2018-11-05T10:22:00.576Z [[32minfo[39m] 	20 Enum nodes response:  {"sessionId":"4031688205abc3708dda0d9deb
2018-11-05T10:22:01.462Z [[32minfo[39m] 	20 Elements locator: {"value":"/*[1]/*[2]/*[2]/*[1]/*[3]/*[1]","using":"xpath"}
2018-11-05T10:22:01.488Z [[32minfo[39m] 	20 Elements response: {"sessionId":"4031688205abc3708dda0d9deb45a9db","status":0,"value":[{"ELEMENT":"0.2150792257214138-2"}]}
2018-11-05T10:22:01.494Z [[32minfo[39m] 	21 Sending GET request to http://localhost:9516/session/4031688205abc3708dda0d9deb45a9db/element/0.2150792257214138-2/displayed:  {}
2018-11-05T10:22:01.565Z [[32minfo[39m] 	22 Sending elements request to http://localhost:9516/session/4031688205abc3708dda0d9deb45a9db:  {"using":"xpath","value":"//div[@data-page=\"Subcategory\"]__ta__taCategoryPage__ta__"}
2018-11-05T10:22:01.767Z [[32minfo[39m] 	22 Enum nodes response:  {"sessionId":"4031688205abc3708dda0d9deb
2018-11-05T10:22:02.640Z [[32minfo[39m] 	22 Elements locator: {"value":"/*[1]/*[2]/*[2]/*[1]/*[3]/*[1]","using":"xpath"}
2018-11-05T10:22:02.671Z [[32minfo[39m] 	22 Elements response: {"sessionId":"4031688205abc3708dda0d9deb45a9db","status":0,"value":[{"ELEMENT":"0.2150792257214138-2"}]}
2018-11-05T10:22:02.676Z [[32minfo[39m] 	23 Sending GET request to http://localhost:9516/session/4031688205abc3708dda0d9deb45a9db/element/0.2150792257214138-2/displayed:  {}
2018-11-05T10:22:02.690Z [[32minfo[39m] 	24 Sending GET request to http://localhost:9516/session/4031688205abc3708dda0d9deb45a9db/window_handles:  {}
2018-11-05T10:22:02.699Z [[32minfo[39m] 	25 Sending POST request to http://localhost:9516/session/4031688205abc3708dda0d9deb45a9db/window:  {"name":"CDwindow-383C69DF3E1E7962D8790900FDEC3B11"}
2018-11-05T10:22:02.708Z [[32minfo[39m] 	26 Sending GET request to http://localhost:9516/session/4031688205abc3708dda0d9deb45a9db/window_handles:  {}
2018-11-05T10:22:02.718Z [[32minfo[39m] 	27 Sending POST request to http://localhost:9516/session/4031688205abc3708dda0d9deb45a9db/goog/cdp/execute:  {"cmd":"Network.clearBrowserCookies","params":{}}
2018-11-05T10:22:02.735Z [[32minfo[39m] 	28 Sending POST request to http://localhost:9516/session/4031688205abc3708dda0d9deb45a9db/url:  {"url":"about:blank"}
2018-11-05T10:22:02.804Z [[32minfo[39m] 	29 Sending elements request to http://localhost:9516/session/4031688205abc3708dda0d9deb45a9db:  {"using":"xpath","value":"/html/body/*"}
2018-11-05T10:22:02.804Z [[32minfo[39m] 	29 Elements locator: {"value":"/html/body/*","using":"xpath"}
2018-11-05T10:22:02.817Z [[32minfo[39m] 	29 Elements response: {"sessionId":"4031688205abc3708dda0d9deb45a9db","status":0,"value":[]}
2018-11-05T10:22:02.854Z [[32minfo[39m] 	30 Sending DELETE request to http://localhost:9516/session/4031688205abc3708dda0d9deb45a9db:  {}
2018-11-05T10:22:02.918Z [[32minfo[39m] 	Sync elements
2018-11-05T10:22:03.487Z [[32minfo[39m] 	Stopping driver
