2018-11-05T10:19:13.397Z [[32minfo[39m] 	Starting TrueAutomation.IO client
2018-11-05T10:19:13.398Z [[32minfo[39m] 	API key: 44c69a48-ba10-4fb0-b4a2-b07e2da25af9
2018-11-05T10:19:13.399Z [[32minfo[39m] 	Project name: capybaraTest
2018-11-05T10:19:13.399Z [[32minfo[39m] 	Cloud server: https://app.trueautomation.io
2018-11-05T10:19:13.399Z [[32minfo[39m] 	Starting chromeDriver /Users/true/.trueautomation/chromedriver/chromedriver_mac64_2.43 on port 9516...
2018-11-05T10:19:13.839Z [[32minfo[39m] 	TrueAutomation.IO Client is listening on port 9515
2018-11-05T10:19:15.237Z [[32minfo[39m] 	0 Create session response: {"sessionId":"128be8f91ea3eca8942dbb51a1af6534","status":0,"value":{"acceptInsecureCerts":false,"acceptSslCerts":false,"applicationCacheEnabled":false,"browserConnectionEnabled":false,"browserName":"chrome","chrome":{"chromedriverVersion":"2.43.600229 (3fae4d0cda5334b4f533bede5a4787f7b832d052)","userDataDir":"/var/folders/h_/pvcns8sj7sj5v8df934tz8dm0000gq/T/.org.chromium.Chromium.zuSl2h"},"cssSelectorsEnabled":true,"databaseEnabled":false,"goog:chromeOptions":{"debuggerAddress":"localhost:57667"},"handlesAlerts":true,"hasTouchScreen":true,"javascriptEnabled":true,"locationContextEnabled":true,"mobileEmulationEnabled":true,"nativeEvents":true,"networkConnectionEnabled":false,"pageLoadStrategy":"normal","platform":"Mac OS X","rotatable":false,"setWindowRect":true,"takesHeapSnapshot":true,"takesScreenshot":true,"unexpectedAlertBehaviour":"","version":"70.0.3538.77","webStorageEnabled":true}}
2018-11-05T10:19:15.253Z [[32minfo[39m] 	1 Sending POST request to http://localhost:9516/session/128be8f91ea3eca8942dbb51a1af6534/url:  {"url":"http://annieselke.com"}
2018-11-05T10:19:20.207Z [[32minfo[39m] 	2 Sending elements request to http://localhost:9516/session/128be8f91ea3eca8942dbb51a1af6534:  {"using":"xpath","value":"//div[@data-page=\"Home\"]__ta__taHome__ta__"}
2018-11-05T10:19:20.587Z [[32minfo[39m] 	2 Enum nodes response:  {"sessionId":"128be8f91ea3eca8942dbb51a1
2018-11-05T10:19:20.760Z [[32minfo[39m] 	2 Elements locator: {"value":"/*[1]/*[2]/*[2]/*[1]/*[3]/*[2]","using":"xpath"}
2018-11-05T10:19:20.778Z [[32minfo[39m] 	2 Elements response: {"sessionId":"128be8f91ea3eca8942dbb51a1af6534","status":0,"value":[{"ELEMENT":"0.19887610732199157-1"}]}
2018-11-05T10:19:20.783Z [[32minfo[39m] 	3 Sending GET request to http://localhost:9516/session/128be8f91ea3eca8942dbb51a1af6534/element/0.19887610732199157-1/displayed:  {}
2018-11-05T10:19:20.829Z [[32minfo[39m] 	4 Sending POST request to http://localhost:9516/session/128be8f91ea3eca8942dbb51a1af6534/element/0.19887610732199157-1/click:  {}
2018-11-05T10:19:23.924Z [[32minfo[39m] 	5 Sending GET request to http://localhost:9516/session/128be8f91ea3eca8942dbb51a1af6534/window_handles:  {}
2018-11-05T10:19:23.935Z [[32minfo[39m] 	6 Sending POST request to http://localhost:9516/session/128be8f91ea3eca8942dbb51a1af6534/window:  {"name":"CDwindow-3D40E5DA711B10B825F1E8F8A73A4D0B"}
2018-11-05T10:19:23.944Z [[32minfo[39m] 	7 Sending GET request to http://localhost:9516/session/128be8f91ea3eca8942dbb51a1af6534/window_handles:  {}
2018-11-05T10:19:23.954Z [[32minfo[39m] 	8 Sending POST request to http://localhost:9516/session/128be8f91ea3eca8942dbb51a1af6534/goog/cdp/execute:  {"cmd":"Network.clearBrowserCookies","params":{}}
2018-11-05T10:19:23.975Z [[32minfo[39m] 	9 Sending POST request to http://localhost:9516/session/128be8f91ea3eca8942dbb51a1af6534/url:  {"url":"about:blank"}
2018-11-05T10:19:24.101Z [[32minfo[39m] 	10 Sending elements request to http://localhost:9516/session/128be8f91ea3eca8942dbb51a1af6534:  {"using":"xpath","value":"/html/body/*"}
2018-11-05T10:19:24.101Z [[32minfo[39m] 	10 Elements locator: {"value":"/html/body/*","using":"xpath"}
2018-11-05T10:19:24.118Z [[32minfo[39m] 	10 Elements response: {"sessionId":"128be8f91ea3eca8942dbb51a1af6534","status":0,"value":[]}
2018-11-05T10:19:24.126Z [[32minfo[39m] 	11 Sending POST request to http://localhost:9516/session/128be8f91ea3eca8942dbb51a1af6534/url:  {"url":"http://annieselke.com"}
2018-11-05T10:19:25.567Z [[32minfo[39m] 	12 Sending elements request to http://localhost:9516/session/128be8f91ea3eca8942dbb51a1af6534:  {"using":"xpath","value":"//button//span//a[contains(text(),\"Rugs\")]__ta__taCategory__ta__"}
2018-11-05T10:19:25.690Z [[32minfo[39m] 	12 Enum nodes response:  {"sessionId":"128be8f91ea3eca8942dbb51a1
2018-11-05T10:19:25.847Z [[32minfo[39m] 	12 Elements locator: {"value":"/*[1]/*[2]/*[2]/*[1]/*[2]/*[1]/*[2]/*[2]/*[1]/*[1]/*[1]/*[1]/*[1]/*[1]","using":"xpath"}
2018-11-05T10:19:25.869Z [[32minfo[39m] 	12 Elements response: {"sessionId":"128be8f91ea3eca8942dbb51a1af6534","status":0,"value":[{"ELEMENT":"0.7758290006887434-1"}]}
2018-11-05T10:19:25.874Z [[32minfo[39m] 	13 Sending GET request to http://localhost:9516/session/128be8f91ea3eca8942dbb51a1af6534/element/0.7758290006887434-1/displayed:  {}
2018-11-05T10:19:25.893Z [[32minfo[39m] 	14 Sending POST request to http://localhost:9516/session/128be8f91ea3eca8942dbb51a1af6534/element/0.7758290006887434-1/click:  {}
2018-11-05T10:19:26.031Z [[32minfo[39m] 	15 Sending elements request to http://localhost:9516/session/128be8f91ea3eca8942dbb51a1af6534:  {"using":"xpath","value":"//div[@data-page=\"Subcategory\"]__ta__taCategoryPage__ta__"}
2018-11-05T10:19:26.410Z [[32minfo[39m] 	15 Element record result: {"entity":"{\"tag\":\"DIV\",\"class\":null,\"id\":null,\"attrs\":{\"style\":\"display: none;\",\"data-page\":\"Subcategory\"},\"addr\":\"0.1.1.0.2.2\",\"content\":[],\"css\":{\"borderColor\":\"rgb(108, 104, 100)\",\"content\":\"normal\",\"outline\":\"rgb(108, 104, 100) none 0px\",\"background\":\"rgba(0, 0, 0, 0) none repeat scroll 0% 0% / auto padding-box border-box\",\"overflow\":\"visible\",\"borderTop\":\"0px none rgb(108, 104, 100)\",\"font\":\"normal normal 400 normal 14px / normal \\\"Avenir Book\\\", sans-serif\",\"fontFamily\":\"\\\"Avenir Book\\\", sans-serif\",\"maxWidth\":\"none\",\"textAlign\":\"start\",\"justifyContent\":\"normal\",\"padding\":\"0px\",\"textTransform\":\"none\",\"fontWeight\":\"400\",\"paddingRight\":\"0px\",\"position\":\"static\",\"color\":\"rgb(108, 104, 100)\",\"borderBottom\":\"0px none rgb(108, 104, 100)\",\"width\":\"auto\",\"opacity\":\"1\",\"height\":\"auto\",\"display\":\"none\",\"backgroundColor\":\"rgba(0, 0, 0, 0)\",\"backgroundImage\":\"none\",\"visibility\":\"visible\",\"paddingTop\":\"0px\",\"maxHeight\":\"none\",\"borderRight\":\"0px none rgb(108, 104, 100)\",\"lineHeight\":\"normal\",\"borderRadius\":\"0px\",\"border\":\"0px none rgb(108, 104, 100)\",\"zIndex\":\"auto\",\"borderLeft\":\"0px none rgb(108, 104, 100)\",\"borderWidth\":\"0px\",\"paddingBottom\":\"0px\",\"paddingLeft\":\"0px\",\"textShadow\":\"none\"}}","locator":"//div[@data-page=\"Subcategory\"]","locatorType":"xpath","name":"taCategoryPage","uuid":"taCategoryPage15//div[@data-page=\"Subcategory\"]","meta":{"revision":0,"created":1541413166409,"version":0},"$loki":3}
2018-11-05T10:19:26.410Z [[32minfo[39m] 	15 Elements locator: {"value":"//div[@data-page=\"Subcategory\"]","using":"xpath"}
2018-11-05T10:19:26.758Z [[32minfo[39m] 	15 Elements response: {"sessionId":"128be8f91ea3eca8942dbb51a1af6534","status":0,"value":[{"ELEMENT":"0.7758290006887434-2"}]}
2018-11-05T10:19:26.764Z [[32minfo[39m] 	16 Sending GET request to http://localhost:9516/session/128be8f91ea3eca8942dbb51a1af6534/element/0.7758290006887434-2/displayed:  {}
2018-11-05T10:19:26.785Z [[32minfo[39m] 	17 Sending POST request to http://localhost:9516/session/128be8f91ea3eca8942dbb51a1af6534/element/0.7758290006887434-2/click:  {}
2018-11-05T10:19:29.855Z [[32minfo[39m] 	18 Sending GET request to http://localhost:9516/session/128be8f91ea3eca8942dbb51a1af6534/window_handles:  {}
2018-11-05T10:19:29.865Z [[32minfo[39m] 	19 Sending POST request to http://localhost:9516/session/128be8f91ea3eca8942dbb51a1af6534/window:  {"name":"CDwindow-3D40E5DA711B10B825F1E8F8A73A4D0B"}
2018-11-05T10:19:29.876Z [[32minfo[39m] 	20 Sending GET request to http://localhost:9516/session/128be8f91ea3eca8942dbb51a1af6534/window_handles:  {}
2018-11-05T10:19:29.883Z [[32minfo[39m] 	21 Sending POST request to http://localhost:9516/session/128be8f91ea3eca8942dbb51a1af6534/goog/cdp/execute:  {"cmd":"Network.clearBrowserCookies","params":{}}
2018-11-05T10:19:29.896Z [[32minfo[39m] 	22 Sending POST request to http://localhost:9516/session/128be8f91ea3eca8942dbb51a1af6534/url:  {"url":"about:blank"}
2018-11-05T10:19:29.997Z [[32minfo[39m] 	23 Sending elements request to http://localhost:9516/session/128be8f91ea3eca8942dbb51a1af6534:  {"using":"xpath","value":"/html/body/*"}
2018-11-05T10:19:29.997Z [[32minfo[39m] 	23 Elements locator: {"value":"/html/body/*","using":"xpath"}
2018-11-05T10:19:30.016Z [[32minfo[39m] 	23 Elements response: {"sessionId":"128be8f91ea3eca8942dbb51a1af6534","status":0,"value":[]}
2018-11-05T10:19:30.021Z [[32minfo[39m] 	24 Sending DELETE request to http://localhost:9516/session/128be8f91ea3eca8942dbb51a1af6534:  {}
2018-11-05T10:19:30.085Z [[32minfo[39m] 	Sync elements
2018-11-05T10:19:30.697Z [[32minfo[39m] 	Stopping driver
