2018-11-05T09:56:21.478Z [[32minfo[39m] 	Starting TrueAutomation.IO client
2018-11-05T09:56:21.479Z [[32minfo[39m] 	API key: 44c69a48-ba10-4fb0-b4a2-b07e2da25af9
2018-11-05T09:56:21.479Z [[32minfo[39m] 	Project name: capybaraTest
2018-11-05T09:56:21.479Z [[32minfo[39m] 	Cloud server: https://app.trueautomation.io
2018-11-05T09:56:21.977Z [[32minfo[39m] 	TrueAutomation.IO Client is listening on port 9515
2018-11-05T09:56:29.495Z [[32minfo[39m] 	0 Create session response: {"status":0,"value":{"webStorageEnabled":false,"locationContextEnabled":false,"browserName":"safari","platform":"ANY","javascriptEnabled":false,"databaseEnabled":false,"takesScreenshot":false,"networkConnectionEnabled":false,"version":"","cssSelectorsEnabled":false,"nativeEvents":false,"rotatable":false,"automationName":"XCUITest","platformName":"iOS","deviceName":"iPhone X (11.4)","udid":"D6FDC999-401B-4799-9489-351613A424FB","taRemoteUrl":"http://localhost:4723/wd/hub"},"sessionId":"ed538bae-1862-4d93-b358-32bf9c686151"}
2018-11-05T09:56:29.524Z [[32minfo[39m] 	1 Sending POST request to http://localhost:4723/wd/hub/session/ed538bae-1862-4d93-b358-32bf9c686151/url:  {"url":"http://annieselke.com"}
2018-11-05T09:56:36.661Z [[32minfo[39m] 	2 Sending elements request to http://localhost:4723/wd/hub/session/ed538bae-1862-4d93-b358-32bf9c686151:  {"using":"xpath","value":"//button//span//a[contains(text(),\"Rugs\")]__ta__taCategory__ta__"}
2018-11-05T09:56:37.343Z [[32minfo[39m] 	2 Element record result: {"entity":"{\"tag\":\"A\",\"class\":null,\"id\":null,\"attrs\":{\"data-moov-rel\":\"prefetch\",\"class\":\"jss57 jss126\",\"data-moov-link\":\"on\",\"href\":\"https://annieselke.com/Rugs/c/rugs\"},\"addr\":\"0.1.1.0.1.0.1.1.0.0.0.0.0.0\",\"content\":[],\"css\":{\"borderRadius\":\"0px\",\"maxWidth\":\"none\",\"overflow\":\"visible\",\"borderColor\":\"rgb(108, 104, 100)\",\"textShadow\":\"none\",\"fontFamily\":\"\\\"Avenir Book\\\", sans-serif\",\"borderWidth\":\"0px\",\"textAlign\":\"center\",\"outline\":\"rgb(108, 104, 100) none 0px\",\"display\":\"block\",\"height\":\"20px\",\"padding\":\"0px\",\"borderBottom\":\"0px none rgb(108, 104, 100)\",\"lineHeight\":\"20px\",\"opacity\":\"1\",\"paddingTop\":\"0px\",\"zIndex\":\"auto\",\"backgroundColor\":\"rgba(0, 0, 0, 0)\",\"width\":\"36.5625px\",\"borderLeft\":\"0px none rgb(108, 104, 100)\",\"fontWeight\":\"300\",\"justifyContent\":\"normal\",\"maxHeight\":\"none\",\"paddingLeft\":\"0px\",\"font\":\"normal normal 300 normal 14px/20px \\\"Avenir Book\\\", sans-serif\",\"borderRight\":\"0px none rgb(108, 104, 100)\",\"color\":\"rgb(108, 104, 100)\",\"visibility\":\"visible\",\"border\":\"0px none rgb(108, 104, 100)\",\"background\":\"rgba(0, 0, 0, 0) none repeat scroll 0% 0% / auto padding-box border-box\",\"backgroundImage\":\"none\",\"paddingBottom\":\"0px\",\"position\":\"static\",\"borderTop\":\"0px none rgb(108, 104, 100)\",\"paddingRight\":\"0px\",\"textTransform\":\"uppercase\"}}","locator":"//button//span//a[contains(text(),\"Rugs\")]","locatorType":"xpath","name":"taCategory","uuid":"taCategory2//button//span//a[contains(text(),\"Rugs\")]","meta":{"revision":0,"created":1541411797343,"version":0},"$loki":2}
2018-11-05T09:56:37.343Z [[32minfo[39m] 	2 Elements locator: {"value":"//button//span//a[contains(text(),\"Rugs\")]","using":"xpath"}
2018-11-05T09:56:37.390Z [[32minfo[39m] 	2 Elements response: {"status":0,"value":[{"ELEMENT":"5000"}],"sessionId":"ed538bae-1862-4d93-b358-32bf9c686151"}
2018-11-05T09:56:37.394Z [[32minfo[39m] 	3 Sending GET request to http://localhost:4723/wd/hub/session/ed538bae-1862-4d93-b358-32bf9c686151/element/5000/displayed:  {}
2018-11-05T09:56:37.441Z [[32minfo[39m] 	4 Sending POST request to http://localhost:4723/wd/hub/session/ed538bae-1862-4d93-b358-32bf9c686151/element/5000/click:  {}
2018-11-05T09:56:37.647Z [[32minfo[39m] 	5 Sending elements request to http://localhost:4723/wd/hub/session/ed538bae-1862-4d93-b358-32bf9c686151:  {"using":"xpath","value":"//div[@data-page=\"Subcategory\"]__ta__taCategoryPage__ta__"}
2018-11-05T09:56:38.340Z [[32minfo[39m] 	5 Element record result: {"entity":"{\"tag\":\"DIV\",\"class\":null,\"id\":null,\"attrs\":{\"style\":\"display: none;\",\"data-page\":\"Subcategory\"},\"addr\":\"0.1.1.0.2.2\",\"content\":[],\"css\":{\"borderColor\":\"rgb(108, 104, 100)\",\"padding\":\"0px\",\"borderWidth\":\"0px\",\"opacity\":\"1\",\"color\":\"rgb(108, 104, 100)\",\"borderTop\":\"0px none rgb(108, 104, 100)\",\"textAlign\":\"start\",\"lineHeight\":\"20px\",\"backgroundColor\":\"rgba(0, 0, 0, 0)\",\"position\":\"static\",\"width\":\"auto\",\"overflow\":\"visible\",\"borderBottom\":\"0px none rgb(108, 104, 100)\",\"paddingBottom\":\"0px\",\"visibility\":\"visible\",\"borderRight\":\"0px none rgb(108, 104, 100)\",\"height\":\"auto\",\"maxHeight\":\"none\",\"outline\":\"rgb(108, 104, 100) none 0px\",\"borderRadius\":\"0px\",\"paddingLeft\":\"0px\",\"paddingTop\":\"0px\",\"font\":\"normal normal normal normal 14px/20px \\\"Avenir Book\\\", sans-serif\",\"fontWeight\":\"normal\",\"textShadow\":\"none\",\"border\":\"0px none rgb(108, 104, 100)\",\"zIndex\":\"auto\",\"backgroundImage\":\"none\",\"paddingRight\":\"0px\",\"borderLeft\":\"0px none rgb(108, 104, 100)\",\"justifyContent\":\"normal\",\"maxWidth\":\"none\",\"background\":\"rgba(0, 0, 0, 0) none repeat scroll 0% 0% / auto padding-box border-box\",\"textTransform\":\"none\",\"display\":\"none\",\"fontFamily\":\"\\\"Avenir Book\\\", sans-serif\"}}","locator":"//div[@data-page=\"Subcategory\"]","locatorType":"xpath","name":"taCategoryPage","uuid":"taCategoryPage5//div[@data-page=\"Subcategory\"]","meta":{"revision":0,"created":1541411798340,"version":0},"$loki":3}
2018-11-05T09:56:38.341Z [[32minfo[39m] 	5 Elements locator: {"value":"//div[@data-page=\"Subcategory\"]","using":"xpath"}
2018-11-05T09:56:38.822Z [[32minfo[39m] 	5 Elements response: {"status":0,"value":[{"ELEMENT":"5001"}],"sessionId":"ed538bae-1862-4d93-b358-32bf9c686151"}
2018-11-05T09:56:38.827Z [[32minfo[39m] 	6 Sending GET request to http://localhost:4723/wd/hub/session/ed538bae-1862-4d93-b358-32bf9c686151/element/5001/displayed:  {}
2018-11-05T09:56:38.875Z [[32minfo[39m] 	7 Sending POST request to http://localhost:4723/wd/hub/session/ed538bae-1862-4d93-b358-32bf9c686151/element/5001/click:  {}
2018-11-05T09:56:41.944Z [[32minfo[39m] 	8 Sending DELETE request to http://localhost:4723/wd/hub/session/ed538bae-1862-4d93-b358-32bf9c686151/cookie:  {}
2018-11-05T09:56:42.045Z [[32minfo[39m] 	9 Sending POST request to http://localhost:4723/wd/hub/session/ed538bae-1862-4d93-b358-32bf9c686151/url:  {"url":"about:blank"}
2018-11-05T09:56:44.105Z [[32minfo[39m] 	10 Sending elements request to http://localhost:4723/wd/hub/session/ed538bae-1862-4d93-b358-32bf9c686151:  {"using":"xpath","value":"/html/body/*"}
2018-11-05T09:56:44.106Z [[32minfo[39m] 	10 Elements locator: {"value":"/html/body/*","using":"xpath"}
2018-11-05T09:56:44.140Z [[32minfo[39m] 	10 Elements response: {"status":0,"value":[],"sessionId":"ed538bae-1862-4d93-b358-32bf9c686151"}
2018-11-05T09:56:44.146Z [[32minfo[39m] 	11 Sending DELETE request to http://localhost:4723/wd/hub/session/ed538bae-1862-4d93-b358-32bf9c686151:  {}
2018-11-05T09:56:45.186Z [[32minfo[39m] 	Sync elements
2018-11-05T09:56:45.761Z [[32minfo[39m] 	Stopping driver
