2018-11-05T11:25:07.382Z [[32minfo[39m] 	Starting TrueAutomation.IO client
2018-11-05T11:25:07.383Z [[32minfo[39m] 	API key: 44c69a48-ba10-4fb0-b4a2-b07e2da25af9
2018-11-05T11:25:07.383Z [[32minfo[39m] 	Project name: capybaraTest
2018-11-05T11:25:07.383Z [[32minfo[39m] 	Cloud server: https://app.trueautomation.io
2018-11-05T11:25:07.383Z [[32minfo[39m] 	Starting chromeDriver /Users/true/.trueautomation/chromedriver/chromedriver_mac64_2.43 on port 9516...
2018-11-05T11:25:07.850Z [[32minfo[39m] 	TrueAutomation.IO Client is listening on port 9515
2018-11-05T11:25:09.363Z [[32minfo[39m] 	0 Create session response: {"sessionId":"42ab3ed3ef5983d2209ebea4f187f368","status":0,"value":{"acceptInsecureCerts":false,"acceptSslCerts":false,"applicationCacheEnabled":false,"browserConnectionEnabled":false,"browserName":"chrome","chrome":{"chromedriverVersion":"2.43.600229 (3fae4d0cda5334b4f533bede5a4787f7b832d052)","userDataDir":"/var/folders/h_/pvcns8sj7sj5v8df934tz8dm0000gq/T/.org.chromium.Chromium.A3gKwQ"},"cssSelectorsEnabled":true,"databaseEnabled":false,"goog:chromeOptions":{"debuggerAddress":"localhost:60911"},"handlesAlerts":true,"hasTouchScreen":true,"javascriptEnabled":true,"locationContextEnabled":true,"mobileEmulationEnabled":true,"nativeEvents":true,"networkConnectionEnabled":false,"pageLoadStrategy":"normal","platform":"Mac OS X","rotatable":false,"setWindowRect":true,"takesHeapSnapshot":true,"takesScreenshot":true,"unexpectedAlertBehaviour":"","version":"70.0.3538.77","webStorageEnabled":true}}
2018-11-05T11:25:09.390Z [[32minfo[39m] 	1 Sending POST request to http://localhost:9516/session/42ab3ed3ef5983d2209ebea4f187f368/url:  {"url":"http://annieselke.com"}
2018-11-05T11:25:15.709Z [[32minfo[39m] 	2 Sending elements request to http://localhost:9516/session/42ab3ed3ef5983d2209ebea4f187f368:  {"using":"xpath","value":"//div[@data-page=\"Home\"]__ta__taHome__ta__"}
2018-11-05T11:25:16.449Z [[32minfo[39m] 	2 Element record result: {"entity":"{\"tag\":\"DIV\",\"class\":null,\"id\":null,\"attrs\":{\"data-page\":\"Home\",\"style\":\"display:block\"},\"addr\":\"0.1.1.0.2.1\",\"content\":[],\"css\":{\"borderRadius\":\"0px\",\"paddingRight\":\"0px\",\"width\":\"360px\",\"borderBottom\":\"0px none rgb(108, 104, 100)\",\"maxWidth\":\"none\",\"borderTop\":\"0px none rgb(108, 104, 100)\",\"borderColor\":\"rgb(108, 104, 100)\",\"zIndex\":\"auto\",\"background\":\"rgba(0, 0, 0, 0) none repeat scroll 0% 0% / auto padding-box border-box\",\"fontFamily\":\"\\\"Avenir Book\\\", sans-serif\",\"textAlign\":\"start\",\"paddingLeft\":\"0px\",\"paddingBottom\":\"0px\",\"overflow\":\"visible\",\"backgroundImage\":\"none\",\"outline\":\"rgb(108, 104, 100) none 0px\",\"visibility\":\"visible\",\"borderRight\":\"0px none rgb(108, 104, 100)\",\"maxHeight\":\"none\",\"opacity\":\"1\",\"textShadow\":\"none\",\"font\":\"normal normal 400 normal 14px / normal \\\"Avenir Book\\\", sans-serif\",\"content\":\"normal\",\"lineHeight\":\"normal\",\"borderLeft\":\"0px none rgb(108, 104, 100)\",\"padding\":\"0px\",\"borderWidth\":\"0px\",\"border\":\"0px none rgb(108, 104, 100)\",\"fontWeight\":\"400\",\"justifyContent\":\"normal\",\"color\":\"rgb(108, 104, 100)\",\"position\":\"static\",\"display\":\"block\",\"paddingTop\":\"0px\",\"backgroundColor\":\"rgba(0, 0, 0, 0)\",\"textTransform\":\"none\",\"height\":\"3418.03px\"}}","locator":"//div[@data-page=\"Home\"]","locatorType":"xpath","name":"taHome","uuid":"taHome2//div[@data-page=\"Home\"]","meta":{"revision":0,"created":1541417116449,"version":0},"$loki":1}
2018-11-05T11:25:16.450Z [[32minfo[39m] 	2 Elements locator: {"value":"//div[@data-page=\"Home\"]","using":"xpath"}
2018-11-05T11:25:16.467Z [[32minfo[39m] 	2 Elements response: {"sessionId":"42ab3ed3ef5983d2209ebea4f187f368","status":0,"value":[{"ELEMENT":"0.47593141930817984-1"}]}
2018-11-05T11:25:16.475Z [[32minfo[39m] 	3 Sending GET request to http://localhost:9516/session/42ab3ed3ef5983d2209ebea4f187f368/element/0.47593141930817984-1/displayed:  {}
2018-11-05T11:25:16.496Z [[32minfo[39m] 	4 Sending POST request to http://localhost:9516/session/42ab3ed3ef5983d2209ebea4f187f368/element/0.47593141930817984-1/click:  {}
2018-11-05T11:25:19.608Z [[32minfo[39m] 	5 Sending GET request to http://localhost:9516/session/42ab3ed3ef5983d2209ebea4f187f368/window_handles:  {}
2018-11-05T11:25:19.618Z [[32minfo[39m] 	6 Sending POST request to http://localhost:9516/session/42ab3ed3ef5983d2209ebea4f187f368/window:  {"name":"CDwindow-0F32578969BD08627E84E3F1DA8F0D4C"}
2018-11-05T11:25:19.627Z [[32minfo[39m] 	7 Sending GET request to http://localhost:9516/session/42ab3ed3ef5983d2209ebea4f187f368/window_handles:  {}
2018-11-05T11:25:19.638Z [[32minfo[39m] 	8 Sending POST request to http://localhost:9516/session/42ab3ed3ef5983d2209ebea4f187f368/goog/cdp/execute:  {"cmd":"Network.clearBrowserCookies","params":{}}
2018-11-05T11:25:19.659Z [[32minfo[39m] 	9 Sending POST request to http://localhost:9516/session/42ab3ed3ef5983d2209ebea4f187f368/url:  {"url":"about:blank"}
2018-11-05T11:25:19.800Z [[32minfo[39m] 	10 Sending elements request to http://localhost:9516/session/42ab3ed3ef5983d2209ebea4f187f368:  {"using":"xpath","value":"/html/body/*"}
2018-11-05T11:25:19.800Z [[32minfo[39m] 	10 Elements locator: {"value":"/html/body/*","using":"xpath"}
2018-11-05T11:25:19.820Z [[32minfo[39m] 	10 Elements response: {"sessionId":"42ab3ed3ef5983d2209ebea4f187f368","status":0,"value":[]}
2018-11-05T11:25:19.826Z [[32minfo[39m] 	11 Sending POST request to http://localhost:9516/session/42ab3ed3ef5983d2209ebea4f187f368/url:  {"url":"http://annieselke.com"}
2018-11-05T11:25:21.717Z [[32minfo[39m] 	12 Sending elements request to http://localhost:9516/session/42ab3ed3ef5983d2209ebea4f187f368:  {"using":"xpath","value":"//button//span//a[contains(text(),\"Rugs\")]__ta__taCategory__ta__"}
2018-11-05T11:25:22.030Z [[32minfo[39m] 	12 Element record result: {"entity":"{\"tag\":\"A\",\"class\":null,\"id\":null,\"attrs\":{\"class\":\"jss57 jss126\",\"data-moov-link\":\"on\",\"href\":\"https://annieselke.com/Rugs/c/rugs\",\"data-moov-rel\":\"prefetch\"},\"addr\":\"0.1.1.0.1.0.1.1.0.0.0.0.0.0\",\"content\":[],\"css\":{\"borderTop\":\"0px none rgb(108, 104, 100)\",\"textTransform\":\"uppercase\",\"maxHeight\":\"none\",\"border\":\"0px none rgb(108, 104, 100)\",\"outline\":\"rgb(108, 104, 100) none 0px\",\"paddingTop\":\"0px\",\"font\":\"normal normal 300 normal 14px / normal \\\"Avenir Book\\\", sans-serif\",\"visibility\":\"visible\",\"paddingRight\":\"0px\",\"backgroundColor\":\"rgba(0, 0, 0, 0)\",\"lineHeight\":\"normal\",\"backgroundImage\":\"none\",\"fontWeight\":\"300\",\"maxWidth\":\"none\",\"textShadow\":\"none\",\"height\":\"19px\",\"borderBottom\":\"0px none rgb(108, 104, 100)\",\"justifyContent\":\"normal\",\"padding\":\"0px\",\"textAlign\":\"center\",\"position\":\"static\",\"borderRadius\":\"0px\",\"opacity\":\"1\",\"borderWidth\":\"0px\",\"display\":\"block\",\"borderLeft\":\"0px none rgb(108, 104, 100)\",\"overflow\":\"visible\",\"paddingBottom\":\"0px\",\"content\":\"normal\",\"paddingLeft\":\"0px\",\"width\":\"36.5938px\",\"color\":\"rgb(108, 104, 100)\",\"background\":\"rgba(0, 0, 0, 0) none repeat scroll 0% 0% / auto padding-box border-box\",\"fontFamily\":\"\\\"Avenir Book\\\", sans-serif\",\"zIndex\":\"auto\",\"borderRight\":\"0px none rgb(108, 104, 100)\",\"borderColor\":\"rgb(108, 104, 100)\"}}","locator":"//button//span//a[contains(text(),\"Rugs\")]","locatorType":"xpath","name":"taCategory","uuid":"taCategory12//button//span//a[contains(text(),\"Rugs\")]","meta":{"revision":0,"created":1541417122030,"version":0},"$loki":2}
2018-11-05T11:25:22.030Z [[32minfo[39m] 	12 Elements locator: {"value":"//button//span//a[contains(text(),\"Rugs\")]","using":"xpath"}
2018-11-05T11:25:22.069Z [[32minfo[39m] 	12 Elements response: {"sessionId":"42ab3ed3ef5983d2209ebea4f187f368","status":0,"value":[{"ELEMENT":"0.10387294735142016-1"}]}
2018-11-05T11:25:22.074Z [[32minfo[39m] 	13 Sending GET request to http://localhost:9516/session/42ab3ed3ef5983d2209ebea4f187f368/element/0.10387294735142016-1/displayed:  {}
2018-11-05T11:25:22.096Z [[32minfo[39m] 	14 Sending POST request to http://localhost:9516/session/42ab3ed3ef5983d2209ebea4f187f368/element/0.10387294735142016-1/click:  {}
2018-11-05T11:25:23.250Z [[32minfo[39m] 	15 Sending elements request to http://localhost:9516/session/42ab3ed3ef5983d2209ebea4f187f368:  {"using":"xpath","value":"//div[@data-page=\"Subcategory\"]__ta__taCategoryPage__ta__"}
2018-11-05T11:25:23.927Z [[32minfo[39m] 	15 Element record result: {"entity":"{\"tag\":\"DIV\",\"class\":null,\"id\":null,\"attrs\":{\"style\":\"display: block;\",\"data-page\":\"Subcategory\"},\"addr\":\"0.1.1.0.2.1\",\"content\":[],\"css\":{\"borderBottom\":\"0px none rgb(108, 104, 100)\",\"display\":\"block\",\"borderColor\":\"rgb(108, 104, 100)\",\"lineHeight\":\"normal\",\"fontWeight\":\"400\",\"font\":\"normal normal 400 normal 14px / normal \\\"Avenir Book\\\", sans-serif\",\"borderWidth\":\"0px\",\"zIndex\":\"auto\",\"backgroundImage\":\"none\",\"textShadow\":\"none\",\"overflow\":\"visible\",\"content\":\"normal\",\"height\":\"3335.5px\",\"padding\":\"0px\",\"paddingRight\":\"0px\",\"width\":\"360px\",\"outline\":\"rgb(108, 104, 100) none 0px\",\"position\":\"static\",\"textTransform\":\"none\",\"border\":\"0px none rgb(108, 104, 100)\",\"opacity\":\"1\",\"borderTop\":\"0px none rgb(108, 104, 100)\",\"paddingTop\":\"0px\",\"textAlign\":\"start\",\"justifyContent\":\"normal\",\"maxHeight\":\"none\",\"backgroundColor\":\"rgba(0, 0, 0, 0)\",\"paddingBottom\":\"0px\",\"fontFamily\":\"\\\"Avenir Book\\\", sans-serif\",\"borderRadius\":\"0px\",\"maxWidth\":\"none\",\"visibility\":\"visible\",\"background\":\"rgba(0, 0, 0, 0) none repeat scroll 0% 0% / auto padding-box border-box\",\"paddingLeft\":\"0px\",\"color\":\"rgb(108, 104, 100)\",\"borderRight\":\"0px none rgb(108, 104, 100)\",\"borderLeft\":\"0px none rgb(108, 104, 100)\"}}","locator":"//div[@data-page=\"Subcategory\"]","locatorType":"xpath","name":"taCategoryPage","uuid":"taCategoryPage15//div[@data-page=\"Subcategory\"]","meta":{"revision":0,"created":1541417123927,"version":0},"$loki":3}
2018-11-05T11:25:23.927Z [[32minfo[39m] 	15 Elements locator: {"value":"//div[@data-page=\"Subcategory\"]","using":"xpath"}
2018-11-05T11:25:23.961Z [[32minfo[39m] 	15 Elements response: {"sessionId":"42ab3ed3ef5983d2209ebea4f187f368","status":0,"value":[{"ELEMENT":"0.10387294735142016-2"}]}
2018-11-05T11:25:23.966Z [[32minfo[39m] 	16 Sending GET request to http://localhost:9516/session/42ab3ed3ef5983d2209ebea4f187f368/element/0.10387294735142016-2/displayed:  {}
2018-11-05T11:25:23.987Z [[32minfo[39m] 	17 Sending POST request to http://localhost:9516/session/42ab3ed3ef5983d2209ebea4f187f368/element/0.10387294735142016-2/click:  {}
2018-11-05T11:25:27.051Z [[32minfo[39m] 	18 Sending GET request to http://localhost:9516/session/42ab3ed3ef5983d2209ebea4f187f368/window_handles:  {}
2018-11-05T11:25:27.061Z [[32minfo[39m] 	19 Sending POST request to http://localhost:9516/session/42ab3ed3ef5983d2209ebea4f187f368/window:  {"name":"CDwindow-0F32578969BD08627E84E3F1DA8F0D4C"}
2018-11-05T11:25:27.076Z [[32minfo[39m] 	20 Sending GET request to http://localhost:9516/session/42ab3ed3ef5983d2209ebea4f187f368/window_handles:  {}
2018-11-05T11:25:27.084Z [[32minfo[39m] 	21 Sending POST request to http://localhost:9516/session/42ab3ed3ef5983d2209ebea4f187f368/goog/cdp/execute:  {"cmd":"Network.clearBrowserCookies","params":{}}
2018-11-05T11:25:27.099Z [[32minfo[39m] 	22 Sending POST request to http://localhost:9516/session/42ab3ed3ef5983d2209ebea4f187f368/url:  {"url":"about:blank"}
2018-11-05T11:25:27.175Z [[32minfo[39m] 	23 Sending elements request to http://localhost:9516/session/42ab3ed3ef5983d2209ebea4f187f368:  {"using":"xpath","value":"/html/body/*"}
2018-11-05T11:25:27.175Z [[32minfo[39m] 	23 Elements locator: {"value":"/html/body/*","using":"xpath"}
2018-11-05T11:25:27.188Z [[32minfo[39m] 	23 Elements response: {"sessionId":"42ab3ed3ef5983d2209ebea4f187f368","status":0,"value":[]}
2018-11-05T11:25:27.195Z [[32minfo[39m] 	24 Sending DELETE request to http://localhost:9516/session/42ab3ed3ef5983d2209ebea4f187f368:  {}
2018-11-05T11:25:27.258Z [[32minfo[39m] 	Sync elements
2018-11-05T11:25:27.827Z [[32minfo[39m] 	Stopping driver
