2018-11-05T12:50:01.378Z [[32minfo[39m] 	Starting TrueAutomation.IO client
2018-11-05T12:50:01.378Z [[32minfo[39m] 	API key: 44c69a48-ba10-4fb0-b4a2-b07e2da25af9
2018-11-05T12:50:01.379Z [[32minfo[39m] 	Project name: capybaraTest
2018-11-05T12:50:01.379Z [[32minfo[39m] 	Cloud server: https://app.trueautomation.io
2018-11-05T12:50:01.379Z [[32minfo[39m] 	Starting chromeDriver /Users/true/.trueautomation/chromedriver/chromedriver_mac64_2.43 on port 9516...
2018-11-05T12:50:01.838Z [[32minfo[39m] 	TrueAutomation.IO Client is listening on port 9515
2018-11-05T12:50:03.317Z [[32minfo[39m] 	0 Create session response: {"sessionId":"50b6bdc5fccd5acfa4e6e5a4dd9d6f71","status":0,"value":{"acceptInsecureCerts":false,"acceptSslCerts":false,"applicationCacheEnabled":false,"browserConnectionEnabled":false,"browserName":"chrome","chrome":{"chromedriverVersion":"2.43.600229 (3fae4d0cda5334b4f533bede5a4787f7b832d052)","userDataDir":"/var/folders/h_/pvcns8sj7sj5v8df934tz8dm0000gq/T/.org.chromium.Chromium.JmNIX6"},"cssSelectorsEnabled":true,"databaseEnabled":false,"goog:chromeOptions":{"debuggerAddress":"localhost:57717"},"handlesAlerts":true,"hasTouchScreen":true,"javascriptEnabled":true,"locationContextEnabled":true,"mobileEmulationEnabled":true,"nativeEvents":true,"networkConnectionEnabled":false,"pageLoadStrategy":"normal","platform":"Mac OS X","rotatable":false,"setWindowRect":true,"takesHeapSnapshot":true,"takesScreenshot":true,"unexpectedAlertBehaviour":"","version":"70.0.3538.77","webStorageEnabled":true}}
2018-11-05T12:50:03.334Z [[32minfo[39m] 	1 Sending POST request to http://localhost:9516/session/50b6bdc5fccd5acfa4e6e5a4dd9d6f71/url:  {"url":"http://annieselke.com"}
2018-11-05T12:50:08.297Z [[32minfo[39m] 	2 Sending elements request to http://localhost:9516/session/50b6bdc5fccd5acfa4e6e5a4dd9d6f71:  {"using":"xpath","value":"//div[@data-page=\"Home\"]__ta__taHome__ta__"}
2018-11-05T12:50:08.640Z [[32minfo[39m] 	2 Enum nodes response:  {"sessionId":"50b6bdc5fccd5acfa4e6e5a4dd
2018-11-05T12:50:08.818Z [[32minfo[39m] 	2 Elements locator: {"value":"/*[1]/*[2]/*[2]/*[1]/*[3]/*[2]","using":"xpath"}
2018-11-05T12:50:08.860Z [[32minfo[39m] 	2 Elements response: {"sessionId":"50b6bdc5fccd5acfa4e6e5a4dd9d6f71","status":0,"value":[{"ELEMENT":"0.316957904448274-1"}]}
2018-11-05T12:50:08.866Z [[32minfo[39m] 	3 Sending GET request to http://localhost:9516/session/50b6bdc5fccd5acfa4e6e5a4dd9d6f71/element/0.316957904448274-1/displayed:  {}
2018-11-05T12:50:08.886Z [[32minfo[39m] 	4 Sending POST request to http://localhost:9516/session/50b6bdc5fccd5acfa4e6e5a4dd9d6f71/element/0.316957904448274-1/click:  {}
2018-11-05T12:50:11.994Z [[32minfo[39m] 	5 Sending GET request to http://localhost:9516/session/50b6bdc5fccd5acfa4e6e5a4dd9d6f71/window_handles:  {}
2018-11-05T12:50:12.005Z [[32minfo[39m] 	6 Sending POST request to http://localhost:9516/session/50b6bdc5fccd5acfa4e6e5a4dd9d6f71/window:  {"name":"CDwindow-897573AF9804640E3DCEEEDD8CD58BB0"}
2018-11-05T12:50:12.013Z [[32minfo[39m] 	7 Sending GET request to http://localhost:9516/session/50b6bdc5fccd5acfa4e6e5a4dd9d6f71/window_handles:  {}
2018-11-05T12:50:12.023Z [[32minfo[39m] 	8 Sending POST request to http://localhost:9516/session/50b6bdc5fccd5acfa4e6e5a4dd9d6f71/goog/cdp/execute:  {"cmd":"Network.clearBrowserCookies","params":{}}
2018-11-05T12:50:12.040Z [[32minfo[39m] 	9 Sending POST request to http://localhost:9516/session/50b6bdc5fccd5acfa4e6e5a4dd9d6f71/url:  {"url":"about:blank"}
2018-11-05T12:50:12.156Z [[32minfo[39m] 	10 Sending elements request to http://localhost:9516/session/50b6bdc5fccd5acfa4e6e5a4dd9d6f71:  {"using":"xpath","value":"/html/body/*"}
2018-11-05T12:50:12.156Z [[32minfo[39m] 	10 Elements locator: {"value":"/html/body/*","using":"xpath"}
2018-11-05T12:50:12.171Z [[32minfo[39m] 	10 Elements response: {"sessionId":"50b6bdc5fccd5acfa4e6e5a4dd9d6f71","status":0,"value":[]}
2018-11-05T12:50:12.177Z [[32minfo[39m] 	11 Sending POST request to http://localhost:9516/session/50b6bdc5fccd5acfa4e6e5a4dd9d6f71/url:  {"url":"http://annieselke.com"}
2018-11-05T12:50:13.650Z [[32minfo[39m] 	12 Sending elements request to http://localhost:9516/session/50b6bdc5fccd5acfa4e6e5a4dd9d6f71:  {"using":"xpath","value":"//button//span//a[contains(text(),\"Rugs\")]__ta__taCategory__ta__"}
2018-11-05T12:50:13.885Z [[32minfo[39m] 	12 Enum nodes response:  {"sessionId":"50b6bdc5fccd5acfa4e6e5a4dd
2018-11-05T12:50:14.050Z [[32minfo[39m] 	12 Elements locator: {"value":"/*[1]/*[2]/*[2]/*[1]/*[2]/*[1]/*[2]/*[2]/*[1]/*[1]/*[1]/*[1]/*[1]/*[1]","using":"xpath"}
2018-11-05T12:50:14.067Z [[32minfo[39m] 	12 Elements response: {"sessionId":"50b6bdc5fccd5acfa4e6e5a4dd9d6f71","status":0,"value":[{"ELEMENT":"0.28556157114101044-1"}]}
2018-11-05T12:50:14.072Z [[32minfo[39m] 	13 Sending GET request to http://localhost:9516/session/50b6bdc5fccd5acfa4e6e5a4dd9d6f71/element/0.28556157114101044-1/displayed:  {}
2018-11-05T12:50:14.090Z [[32minfo[39m] 	14 Sending POST request to http://localhost:9516/session/50b6bdc5fccd5acfa4e6e5a4dd9d6f71/element/0.28556157114101044-1/click:  {}
2018-11-05T12:50:15.218Z [[32minfo[39m] 	15 Sending elements request to http://localhost:9516/session/50b6bdc5fccd5acfa4e6e5a4dd9d6f71:  {"using":"xpath","value":"//div[@data-page=\"Subcategory\"]__ta__taCategoryPage__ta__"}
2018-11-05T12:50:15.449Z [[32minfo[39m] 	15 Enum nodes response:  {"sessionId":"50b6bdc5fccd5acfa4e6e5a4dd
2018-11-05T12:50:15.835Z [[32minfo[39m] 	15 Elements locator: {"value":"/*[1]/*[2]/*[2]/*[1]/*[3]/*[2]","using":"xpath"}
2018-11-05T12:50:15.863Z [[32minfo[39m] 	15 Elements response: {"sessionId":"50b6bdc5fccd5acfa4e6e5a4dd9d6f71","status":0,"value":[{"ELEMENT":"0.28556157114101044-2"}]}
2018-11-05T12:50:15.867Z [[32minfo[39m] 	16 Sending GET request to http://localhost:9516/session/50b6bdc5fccd5acfa4e6e5a4dd9d6f71/element/0.28556157114101044-2/displayed:  {}
2018-11-05T12:50:15.887Z [[32minfo[39m] 	17 Sending POST request to http://localhost:9516/session/50b6bdc5fccd5acfa4e6e5a4dd9d6f71/element/0.28556157114101044-2/click:  {}
2018-11-05T12:50:18.952Z [[32minfo[39m] 	18 Sending GET request to http://localhost:9516/session/50b6bdc5fccd5acfa4e6e5a4dd9d6f71/window_handles:  {}
2018-11-05T12:50:18.961Z [[32minfo[39m] 	19 Sending POST request to http://localhost:9516/session/50b6bdc5fccd5acfa4e6e5a4dd9d6f71/window:  {"name":"CDwindow-897573AF9804640E3DCEEEDD8CD58BB0"}
2018-11-05T12:50:18.969Z [[32minfo[39m] 	20 Sending GET request to http://localhost:9516/session/50b6bdc5fccd5acfa4e6e5a4dd9d6f71/window_handles:  {}
2018-11-05T12:50:18.980Z [[32minfo[39m] 	21 Sending POST request to http://localhost:9516/session/50b6bdc5fccd5acfa4e6e5a4dd9d6f71/goog/cdp/execute:  {"cmd":"Network.clearBrowserCookies","params":{}}
2018-11-05T12:50:18.993Z [[32minfo[39m] 	22 Sending POST request to http://localhost:9516/session/50b6bdc5fccd5acfa4e6e5a4dd9d6f71/url:  {"url":"about:blank"}
2018-11-05T12:50:19.077Z [[32minfo[39m] 	23 Sending elements request to http://localhost:9516/session/50b6bdc5fccd5acfa4e6e5a4dd9d6f71:  {"using":"xpath","value":"/html/body/*"}
2018-11-05T12:50:19.077Z [[32minfo[39m] 	23 Elements locator: {"value":"/html/body/*","using":"xpath"}
2018-11-05T12:50:19.087Z [[32minfo[39m] 	23 Elements response: {"sessionId":"50b6bdc5fccd5acfa4e6e5a4dd9d6f71","status":0,"value":[]}
2018-11-05T12:50:19.092Z [[32minfo[39m] 	24 Sending DELETE request to http://localhost:9516/session/50b6bdc5fccd5acfa4e6e5a4dd9d6f71:  {}
2018-11-05T12:50:19.206Z [[32minfo[39m] 	Sync elements
2018-11-05T12:50:19.791Z [[32minfo[39m] 	Stopping driver
