2018-11-05T11:16:59.705Z [[32minfo[39m] 	Starting TrueAutomation.IO client
2018-11-05T11:16:59.706Z [[32minfo[39m] 	API key: 44c69a48-ba10-4fb0-b4a2-b07e2da25af9
2018-11-05T11:16:59.706Z [[32minfo[39m] 	Project name: capybaraTest
2018-11-05T11:16:59.706Z [[32minfo[39m] 	Cloud server: https://app.trueautomation.io
2018-11-05T11:16:59.706Z [[32minfo[39m] 	Starting chromeDriver /Users/true/.trueautomation/chromedriver/chromedriver_mac64_2.43 on port 9516...
2018-11-05T11:17:00.250Z [[32minfo[39m] 	TrueAutomation.IO Client is listening on port 9515
2018-11-05T11:17:01.603Z [[32minfo[39m] 	0 Create session response: {"sessionId":"7c0ef3e0debc06f0eb3d42eb1074788f","status":0,"value":{"acceptInsecureCerts":false,"acceptSslCerts":false,"applicationCacheEnabled":false,"browserConnectionEnabled":false,"browserName":"chrome","chrome":{"chromedriverVersion":"2.43.600229 (3fae4d0cda5334b4f533bede5a4787f7b832d052)","userDataDir":"/var/folders/h_/pvcns8sj7sj5v8df934tz8dm0000gq/T/.org.chromium.Chromium.DWs2bK"},"cssSelectorsEnabled":true,"databaseEnabled":false,"goog:chromeOptions":{"debuggerAddress":"localhost:60261"},"handlesAlerts":true,"hasTouchScreen":true,"javascriptEnabled":true,"locationContextEnabled":true,"mobileEmulationEnabled":true,"nativeEvents":true,"networkConnectionEnabled":false,"pageLoadStrategy":"normal","platform":"Mac OS X","rotatable":false,"setWindowRect":true,"takesHeapSnapshot":true,"takesScreenshot":true,"unexpectedAlertBehaviour":"","version":"70.0.3538.77","webStorageEnabled":true}}
2018-11-05T11:17:01.620Z [[32minfo[39m] 	1 Sending POST request to http://localhost:9516/session/7c0ef3e0debc06f0eb3d42eb1074788f/url:  {"url":"http://annieselke.com"}
2018-11-05T11:17:06.407Z [[32minfo[39m] 	2 Sending elements request to http://localhost:9516/session/7c0ef3e0debc06f0eb3d42eb1074788f:  {"using":"xpath","value":"//div[@data-page=\"Home\"]__ta__taHome__ta__"}
2018-11-05T11:17:06.753Z [[32minfo[39m] 	2 Enum nodes response:  {"sessionId":"7c0ef3e0debc06f0eb3d42eb10
2018-11-05T11:17:06.929Z [[32minfo[39m] 	2 Elements locator: {"value":"/*[1]/*[2]/*[2]/*[1]/*[3]/*[2]","using":"xpath"}
2018-11-05T11:17:06.947Z [[32minfo[39m] 	2 Elements response: {"sessionId":"7c0ef3e0debc06f0eb3d42eb1074788f","status":0,"value":[{"ELEMENT":"0.21031274998627114-1"}]}
2018-11-05T11:17:06.952Z [[32minfo[39m] 	3 Sending GET request to http://localhost:9516/session/7c0ef3e0debc06f0eb3d42eb1074788f/element/0.21031274998627114-1/displayed:  {}
2018-11-05T11:17:06.971Z [[32minfo[39m] 	4 Sending POST request to http://localhost:9516/session/7c0ef3e0debc06f0eb3d42eb1074788f/element/0.21031274998627114-1/click:  {}
2018-11-05T11:17:10.080Z [[32minfo[39m] 	5 Sending GET request to http://localhost:9516/session/7c0ef3e0debc06f0eb3d42eb1074788f/window_handles:  {}
2018-11-05T11:17:10.090Z [[32minfo[39m] 	6 Sending POST request to http://localhost:9516/session/7c0ef3e0debc06f0eb3d42eb1074788f/window:  {"name":"CDwindow-F34B4FE00C41DDF0ACB7C434A1ABB4A9"}
2018-11-05T11:17:10.101Z [[32minfo[39m] 	7 Sending GET request to http://localhost:9516/session/7c0ef3e0debc06f0eb3d42eb1074788f/window_handles:  {}
2018-11-05T11:17:10.112Z [[32minfo[39m] 	8 Sending POST request to http://localhost:9516/session/7c0ef3e0debc06f0eb3d42eb1074788f/goog/cdp/execute:  {"cmd":"Network.clearBrowserCookies","params":{}}
2018-11-05T11:17:10.128Z [[32minfo[39m] 	9 Sending POST request to http://localhost:9516/session/7c0ef3e0debc06f0eb3d42eb1074788f/url:  {"url":"about:blank"}
2018-11-05T11:17:10.256Z [[32minfo[39m] 	10 Sending elements request to http://localhost:9516/session/7c0ef3e0debc06f0eb3d42eb1074788f:  {"using":"xpath","value":"/html/body/*"}
2018-11-05T11:17:10.256Z [[32minfo[39m] 	10 Elements locator: {"value":"/html/body/*","using":"xpath"}
2018-11-05T11:17:10.272Z [[32minfo[39m] 	10 Elements response: {"sessionId":"7c0ef3e0debc06f0eb3d42eb1074788f","status":0,"value":[]}
2018-11-05T11:17:10.279Z [[32minfo[39m] 	11 Sending POST request to http://localhost:9516/session/7c0ef3e0debc06f0eb3d42eb1074788f/url:  {"url":"http://annieselke.com"}
2018-11-05T11:17:11.952Z [[32minfo[39m] 	12 Sending elements request to http://localhost:9516/session/7c0ef3e0debc06f0eb3d42eb1074788f:  {"using":"xpath","value":"//button//span//a[contains(text(),\"Rugs\")]__ta__taCategory__ta__"}
2018-11-05T11:17:12.076Z [[32minfo[39m] 	12 Enum nodes response:  {"sessionId":"7c0ef3e0debc06f0eb3d42eb10
2018-11-05T11:17:12.240Z [[32minfo[39m] 	12 Elements locator: {"value":"/*[1]/*[2]/*[2]/*[1]/*[2]/*[1]/*[2]/*[2]/*[1]/*[1]/*[1]/*[1]/*[1]/*[1]","using":"xpath"}
2018-11-05T11:17:12.256Z [[32minfo[39m] 	12 Elements response: {"sessionId":"7c0ef3e0debc06f0eb3d42eb1074788f","status":0,"value":[{"ELEMENT":"0.8784769169644857-1"}]}
2018-11-05T11:17:12.261Z [[32minfo[39m] 	13 Sending GET request to http://localhost:9516/session/7c0ef3e0debc06f0eb3d42eb1074788f/element/0.8784769169644857-1/displayed:  {}
2018-11-05T11:17:12.280Z [[32minfo[39m] 	14 Sending POST request to http://localhost:9516/session/7c0ef3e0debc06f0eb3d42eb1074788f/element/0.8784769169644857-1/click:  {}
2018-11-05T11:17:12.422Z [[32minfo[39m] 	15 Sending elements request to http://localhost:9516/session/7c0ef3e0debc06f0eb3d42eb1074788f:  {"using":"xpath","value":"//div[@data-page=\"Subcategory\"]__ta__taCategoryPage__ta__"}
2018-11-05T11:17:12.576Z [[32minfo[39m] 	15 Enum nodes response:  {"sessionId":"7c0ef3e0debc06f0eb3d42eb10
2018-11-05T11:17:12.815Z [[32minfo[39m] 	15 Elements locator: {"value":"/*[1]/*[2]/*[2]/*[1]/*[3]/*[3]","using":"xpath"}
2018-11-05T11:17:12.929Z [[32minfo[39m] 	15 Elements response: {"sessionId":"7c0ef3e0debc06f0eb3d42eb1074788f","status":0,"value":[]}
2018-11-05T11:17:12.990Z [[32minfo[39m] 	16 Sending elements request to http://localhost:9516/session/7c0ef3e0debc06f0eb3d42eb1074788f:  {"using":"xpath","value":"//div[@data-page=\"Subcategory\"]__ta__taCategoryPage__ta__"}
2018-11-05T11:17:13.241Z [[32minfo[39m] 	16 Enum nodes response:  {"sessionId":"7c0ef3e0debc06f0eb3d42eb10
2018-11-05T11:17:14.196Z [[32minfo[39m] 	16 Elements locator: {"value":"/*[1]/*[2]/*[2]/*[1]/*[3]/*[1]","using":"xpath"}
2018-11-05T11:17:14.232Z [[32minfo[39m] 	16 Elements response: {"sessionId":"7c0ef3e0debc06f0eb3d42eb1074788f","status":0,"value":[{"ELEMENT":"0.8784769169644857-2"}]}
2018-11-05T11:17:14.237Z [[32minfo[39m] 	17 Sending GET request to http://localhost:9516/session/7c0ef3e0debc06f0eb3d42eb1074788f/element/0.8784769169644857-2/displayed:  {}
2018-11-05T11:17:14.311Z [[32minfo[39m] 	18 Sending elements request to http://localhost:9516/session/7c0ef3e0debc06f0eb3d42eb1074788f:  {"using":"xpath","value":"//div[@data-page=\"Subcategory\"]__ta__taCategoryPage__ta__"}
2018-11-05T11:17:14.529Z [[32minfo[39m] 	18 Enum nodes response:  {"sessionId":"7c0ef3e0debc06f0eb3d42eb10
2018-11-05T11:17:15.473Z [[32minfo[39m] 	18 Elements locator: {"value":"/*[1]/*[2]/*[2]/*[1]/*[3]/*[1]","using":"xpath"}
2018-11-05T11:17:15.502Z [[32minfo[39m] 	18 Elements response: {"sessionId":"7c0ef3e0debc06f0eb3d42eb1074788f","status":0,"value":[{"ELEMENT":"0.8784769169644857-2"}]}
2018-11-05T11:17:15.508Z [[32minfo[39m] 	19 Sending GET request to http://localhost:9516/session/7c0ef3e0debc06f0eb3d42eb1074788f/element/0.8784769169644857-2/displayed:  {}
2018-11-05T11:17:15.578Z [[32minfo[39m] 	20 Sending elements request to http://localhost:9516/session/7c0ef3e0debc06f0eb3d42eb1074788f:  {"using":"xpath","value":"//div[@data-page=\"Subcategory\"]__ta__taCategoryPage__ta__"}
2018-11-05T11:17:15.798Z [[32minfo[39m] 	20 Enum nodes response:  {"sessionId":"7c0ef3e0debc06f0eb3d42eb10
2018-11-05T11:17:16.731Z [[32minfo[39m] 	20 Elements locator: {"value":"/*[1]/*[2]/*[2]/*[1]/*[3]/*[1]","using":"xpath"}
2018-11-05T11:17:16.758Z [[32minfo[39m] 	20 Elements response: {"sessionId":"7c0ef3e0debc06f0eb3d42eb1074788f","status":0,"value":[{"ELEMENT":"0.8784769169644857-2"}]}
2018-11-05T11:17:16.763Z [[32minfo[39m] 	21 Sending GET request to http://localhost:9516/session/7c0ef3e0debc06f0eb3d42eb1074788f/element/0.8784769169644857-2/displayed:  {}
2018-11-05T11:17:16.829Z [[32minfo[39m] 	22 Sending elements request to http://localhost:9516/session/7c0ef3e0debc06f0eb3d42eb1074788f:  {"using":"xpath","value":"//div[@data-page=\"Subcategory\"]__ta__taCategoryPage__ta__"}
2018-11-05T11:17:17.044Z [[32minfo[39m] 	22 Enum nodes response:  {"sessionId":"7c0ef3e0debc06f0eb3d42eb10
2018-11-05T11:17:17.972Z [[32minfo[39m] 	22 Elements locator: {"value":"/*[1]/*[2]/*[2]/*[1]/*[3]/*[1]","using":"xpath"}
2018-11-05T11:17:18.000Z [[32minfo[39m] 	22 Elements response: {"sessionId":"7c0ef3e0debc06f0eb3d42eb1074788f","status":0,"value":[{"ELEMENT":"0.8784769169644857-2"}]}
2018-11-05T11:17:18.005Z [[32minfo[39m] 	23 Sending GET request to http://localhost:9516/session/7c0ef3e0debc06f0eb3d42eb1074788f/element/0.8784769169644857-2/displayed:  {}
2018-11-05T11:17:18.020Z [[32minfo[39m] 	24 Sending GET request to http://localhost:9516/session/7c0ef3e0debc06f0eb3d42eb1074788f/window_handles:  {}
2018-11-05T11:17:18.029Z [[32minfo[39m] 	25 Sending POST request to http://localhost:9516/session/7c0ef3e0debc06f0eb3d42eb1074788f/window:  {"name":"CDwindow-F34B4FE00C41DDF0ACB7C434A1ABB4A9"}
2018-11-05T11:17:18.038Z [[32minfo[39m] 	26 Sending GET request to http://localhost:9516/session/7c0ef3e0debc06f0eb3d42eb1074788f/window_handles:  {}
2018-11-05T11:17:18.047Z [[32minfo[39m] 	27 Sending POST request to http://localhost:9516/session/7c0ef3e0debc06f0eb3d42eb1074788f/goog/cdp/execute:  {"cmd":"Network.clearBrowserCookies","params":{}}
2018-11-05T11:17:18.061Z [[32minfo[39m] 	28 Sending POST request to http://localhost:9516/session/7c0ef3e0debc06f0eb3d42eb1074788f/url:  {"url":"about:blank"}
2018-11-05T11:17:18.130Z [[32minfo[39m] 	29 Sending elements request to http://localhost:9516/session/7c0ef3e0debc06f0eb3d42eb1074788f:  {"using":"xpath","value":"/html/body/*"}
2018-11-05T11:17:18.130Z [[32minfo[39m] 	29 Elements locator: {"value":"/html/body/*","using":"xpath"}
2018-11-05T11:17:18.142Z [[32minfo[39m] 	29 Elements response: {"sessionId":"7c0ef3e0debc06f0eb3d42eb1074788f","status":0,"value":[]}
2018-11-05T11:17:18.173Z [[32minfo[39m] 	30 Sending DELETE request to http://localhost:9516/session/7c0ef3e0debc06f0eb3d42eb1074788f:  {}
2018-11-05T11:17:18.238Z [[32minfo[39m] 	Sync elements
2018-11-05T11:17:18.789Z [[32minfo[39m] 	Stopping driver
