2018-11-05T12:49:13.498Z [[32minfo[39m] 	Starting TrueAutomation.IO client
2018-11-05T12:49:13.499Z [[32minfo[39m] 	API key: 44c69a48-ba10-4fb0-b4a2-b07e2da25af9
2018-11-05T12:49:13.499Z [[32minfo[39m] 	Project name: capybaraTest
2018-11-05T12:49:13.499Z [[32minfo[39m] 	Cloud server: https://app.trueautomation.io
2018-11-05T12:49:13.499Z [[32minfo[39m] 	Starting chromeDriver /Users/true/.trueautomation/chromedriver/chromedriver_mac64_2.43 on port 9516...
2018-11-05T12:49:14.037Z [[32minfo[39m] 	TrueAutomation.IO Client is listening on port 9515
2018-11-05T12:49:15.538Z [[32minfo[39m] 	0 Create session response: {"sessionId":"2d9622859e980a6360fba6fbb71872f0","status":0,"value":{"acceptInsecureCerts":false,"acceptSslCerts":false,"applicationCacheEnabled":false,"browserConnectionEnabled":false,"browserName":"chrome","chrome":{"chromedriverVersion":"2.43.600229 (3fae4d0cda5334b4f533bede5a4787f7b832d052)","userDataDir":"/var/folders/h_/pvcns8sj7sj5v8df934tz8dm0000gq/T/.org.chromium.Chromium.JFc9HR"},"cssSelectorsEnabled":true,"databaseEnabled":false,"goog:chromeOptions":{"debuggerAddress":"localhost:57208"},"handlesAlerts":true,"hasTouchScreen":true,"javascriptEnabled":true,"locationContextEnabled":true,"mobileEmulationEnabled":true,"nativeEvents":true,"networkConnectionEnabled":false,"pageLoadStrategy":"normal","platform":"Mac OS X","rotatable":false,"setWindowRect":true,"takesHeapSnapshot":true,"takesScreenshot":true,"unexpectedAlertBehaviour":"","version":"70.0.3538.77","webStorageEnabled":true}}
2018-11-05T12:49:15.572Z [[32minfo[39m] 	1 Sending POST request to http://localhost:9516/session/2d9622859e980a6360fba6fbb71872f0/url:  {"url":"http://annieselke.com"}
2018-11-05T12:49:21.338Z [[32minfo[39m] 	2 Sending elements request to http://localhost:9516/session/2d9622859e980a6360fba6fbb71872f0:  {"using":"xpath","value":"//div[@data-page=\"Home\"]__ta__taHome__ta__"}
2018-11-05T12:49:21.944Z [[32minfo[39m] 	2 Element record result: {"entity":"{\"tag\":\"DIV\",\"class\":null,\"id\":null,\"attrs\":{\"data-page\":\"Home\",\"style\":\"display:block\"},\"addr\":\"0.1.1.0.2.1\",\"content\":[],\"css\":{\"lineHeight\":\"normal\",\"borderBottom\":\"0px none rgb(108, 104, 100)\",\"outline\":\"rgb(108, 104, 100) none 0px\",\"backgroundImage\":\"none\",\"borderTop\":\"0px none rgb(108, 104, 100)\",\"paddingRight\":\"0px\",\"overflow\":\"visible\",\"textAlign\":\"start\",\"color\":\"rgb(108, 104, 100)\",\"position\":\"static\",\"width\":\"360px\",\"background\":\"rgba(0, 0, 0, 0) none repeat scroll 0% 0% / auto padding-box border-box\",\"border\":\"0px none rgb(108, 104, 100)\",\"borderRight\":\"0px none rgb(108, 104, 100)\",\"display\":\"block\",\"maxWidth\":\"none\",\"borderLeft\":\"0px none rgb(108, 104, 100)\",\"textShadow\":\"none\",\"zIndex\":\"auto\",\"borderColor\":\"rgb(108, 104, 100)\",\"content\":\"normal\",\"font\":\"normal normal 400 normal 14px / normal \\\"Avenir Book\\\", sans-serif\",\"opacity\":\"1\",\"fontWeight\":\"400\",\"paddingTop\":\"0px\",\"backgroundColor\":\"rgba(0, 0, 0, 0)\",\"borderRadius\":\"0px\",\"fontFamily\":\"\\\"Avenir Book\\\", sans-serif\",\"paddingBottom\":\"0px\",\"padding\":\"0px\",\"justifyContent\":\"normal\",\"textTransform\":\"none\",\"height\":\"3418.03px\",\"borderWidth\":\"0px\",\"paddingLeft\":\"0px\",\"maxHeight\":\"none\",\"visibility\":\"visible\"}}","locator":"//div[@data-page=\"Home\"]","locatorType":"xpath","name":"taHome","uuid":"taHome2//div[@data-page=\"Home\"]","meta":{"revision":0,"created":1541422161944,"version":0},"$loki":1}
2018-11-05T12:49:21.944Z [[32minfo[39m] 	2 Elements locator: {"value":"//div[@data-page=\"Home\"]","using":"xpath"}
2018-11-05T12:49:21.982Z [[32minfo[39m] 	2 Elements response: {"sessionId":"2d9622859e980a6360fba6fbb71872f0","status":0,"value":[{"ELEMENT":"0.48172240835266744-1"}]}
2018-11-05T12:49:21.987Z [[32minfo[39m] 	3 Sending GET request to http://localhost:9516/session/2d9622859e980a6360fba6fbb71872f0/element/0.48172240835266744-1/displayed:  {}
2018-11-05T12:49:22.008Z [[32minfo[39m] 	4 Sending POST request to http://localhost:9516/session/2d9622859e980a6360fba6fbb71872f0/element/0.48172240835266744-1/click:  {}
2018-11-05T12:49:25.102Z [[32minfo[39m] 	5 Sending GET request to http://localhost:9516/session/2d9622859e980a6360fba6fbb71872f0/window_handles:  {}
2018-11-05T12:49:25.115Z [[32minfo[39m] 	6 Sending POST request to http://localhost:9516/session/2d9622859e980a6360fba6fbb71872f0/window:  {"name":"CDwindow-2B9E52BEAFD362B401C0F0F4D222C621"}
2018-11-05T12:49:25.124Z [[32minfo[39m] 	7 Sending GET request to http://localhost:9516/session/2d9622859e980a6360fba6fbb71872f0/window_handles:  {}
2018-11-05T12:49:25.134Z [[32minfo[39m] 	8 Sending POST request to http://localhost:9516/session/2d9622859e980a6360fba6fbb71872f0/goog/cdp/execute:  {"cmd":"Network.clearBrowserCookies","params":{}}
2018-11-05T12:49:25.153Z [[32minfo[39m] 	9 Sending POST request to http://localhost:9516/session/2d9622859e980a6360fba6fbb71872f0/url:  {"url":"about:blank"}
2018-11-05T12:49:25.271Z [[32minfo[39m] 	10 Sending elements request to http://localhost:9516/session/2d9622859e980a6360fba6fbb71872f0:  {"using":"xpath","value":"/html/body/*"}
2018-11-05T12:49:25.272Z [[32minfo[39m] 	10 Elements locator: {"value":"/html/body/*","using":"xpath"}
2018-11-05T12:49:25.287Z [[32minfo[39m] 	10 Elements response: {"sessionId":"2d9622859e980a6360fba6fbb71872f0","status":0,"value":[]}
2018-11-05T12:49:25.292Z [[32minfo[39m] 	11 Sending POST request to http://localhost:9516/session/2d9622859e980a6360fba6fbb71872f0/url:  {"url":"http://annieselke.com"}
2018-11-05T12:49:26.704Z [[32minfo[39m] 	12 Sending elements request to http://localhost:9516/session/2d9622859e980a6360fba6fbb71872f0:  {"using":"xpath","value":"//button//span//a[contains(text(),\"Rugs\")]__ta__taCategory__ta__"}
2018-11-05T12:49:27.086Z [[32minfo[39m] 	12 Element record result: {"entity":"{\"tag\":\"A\",\"class\":null,\"id\":null,\"attrs\":{\"data-moov-link\":\"on\",\"data-moov-rel\":\"prefetch\",\"class\":\"jss57 jss126\",\"href\":\"https://annieselke.com/Rugs/c/rugs\"},\"addr\":\"0.1.1.0.1.0.1.1.0.0.0.0.0.0\",\"content\":[],\"css\":{\"borderTop\":\"0px none rgb(108, 104, 100)\",\"position\":\"static\",\"border\":\"0px none rgb(108, 104, 100)\",\"maxHeight\":\"none\",\"background\":\"rgba(0, 0, 0, 0) none repeat scroll 0% 0% / auto padding-box border-box\",\"height\":\"19px\",\"overflow\":\"visible\",\"borderRadius\":\"0px\",\"font\":\"normal normal 300 normal 14px / normal \\\"Avenir Book\\\", sans-serif\",\"visibility\":\"visible\",\"backgroundImage\":\"none\",\"borderWidth\":\"0px\",\"display\":\"block\",\"lineHeight\":\"normal\",\"paddingTop\":\"0px\",\"borderLeft\":\"0px none rgb(108, 104, 100)\",\"paddingLeft\":\"0px\",\"paddingRight\":\"0px\",\"textTransform\":\"uppercase\",\"justifyContent\":\"normal\",\"zIndex\":\"auto\",\"maxWidth\":\"none\",\"outline\":\"rgb(108, 104, 100) none 0px\",\"fontWeight\":\"300\",\"fontFamily\":\"\\\"Avenir Book\\\", sans-serif\",\"borderColor\":\"rgb(108, 104, 100)\",\"backgroundColor\":\"rgba(0, 0, 0, 0)\",\"width\":\"36.5938px\",\"borderRight\":\"0px none rgb(108, 104, 100)\",\"color\":\"rgb(108, 104, 100)\",\"opacity\":\"1\",\"padding\":\"0px\",\"textShadow\":\"none\",\"textAlign\":\"center\",\"borderBottom\":\"0px none rgb(108, 104, 100)\",\"content\":\"normal\",\"paddingBottom\":\"0px\"}}","locator":"//button//span//a[contains(text(),\"Rugs\")]","locatorType":"xpath","name":"taCategory","uuid":"taCategory12//button//span//a[contains(text(),\"Rugs\")]","meta":{"revision":0,"created":1541422167086,"version":0},"$loki":2}
2018-11-05T12:49:27.086Z [[32minfo[39m] 	12 Elements locator: {"value":"//button//span//a[contains(text(),\"Rugs\")]","using":"xpath"}
2018-11-05T12:49:27.103Z [[32minfo[39m] 	12 Elements response: {"sessionId":"2d9622859e980a6360fba6fbb71872f0","status":0,"value":[{"ELEMENT":"0.35086469619255345-1"}]}
2018-11-05T12:49:27.108Z [[32minfo[39m] 	13 Sending GET request to http://localhost:9516/session/2d9622859e980a6360fba6fbb71872f0/element/0.35086469619255345-1/displayed:  {}
2018-11-05T12:49:27.128Z [[32minfo[39m] 	14 Sending POST request to http://localhost:9516/session/2d9622859e980a6360fba6fbb71872f0/element/0.35086469619255345-1/click:  {}
2018-11-05T12:49:28.271Z [[32minfo[39m] 	15 Sending elements request to http://localhost:9516/session/2d9622859e980a6360fba6fbb71872f0:  {"using":"xpath","value":"//div[@data-page=\"Subcategory\"]__ta__taCategoryPage__ta__"}
2018-11-05T12:49:28.924Z [[32minfo[39m] 	15 Element record result: {"entity":"{\"tag\":\"DIV\",\"class\":null,\"id\":null,\"attrs\":{\"data-page\":\"Subcategory\",\"style\":\"display: block;\"},\"addr\":\"0.1.1.0.2.1\",\"content\":[],\"css\":{\"maxWidth\":\"none\",\"visibility\":\"visible\",\"borderTop\":\"0px none rgb(108, 104, 100)\",\"backgroundColor\":\"rgba(0, 0, 0, 0)\",\"border\":\"0px none rgb(108, 104, 100)\",\"borderRight\":\"0px none rgb(108, 104, 100)\",\"borderRadius\":\"0px\",\"fontFamily\":\"\\\"Avenir Book\\\", sans-serif\",\"color\":\"rgb(108, 104, 100)\",\"outline\":\"rgb(108, 104, 100) none 0px\",\"textAlign\":\"start\",\"paddingTop\":\"0px\",\"content\":\"normal\",\"display\":\"block\",\"justifyContent\":\"normal\",\"borderWidth\":\"0px\",\"borderColor\":\"rgb(108, 104, 100)\",\"font\":\"normal normal 400 normal 14px / normal \\\"Avenir Book\\\", sans-serif\",\"paddingRight\":\"0px\",\"overflow\":\"visible\",\"position\":\"static\",\"height\":\"3335.5px\",\"background\":\"rgba(0, 0, 0, 0) none repeat scroll 0% 0% / auto padding-box border-box\",\"lineHeight\":\"normal\",\"textTransform\":\"none\",\"zIndex\":\"auto\",\"textShadow\":\"none\",\"fontWeight\":\"400\",\"opacity\":\"1\",\"paddingLeft\":\"0px\",\"backgroundImage\":\"none\",\"maxHeight\":\"none\",\"borderBottom\":\"0px none rgb(108, 104, 100)\",\"paddingBottom\":\"0px\",\"borderLeft\":\"0px none rgb(108, 104, 100)\",\"padding\":\"0px\",\"width\":\"360px\"}}","locator":"//div[@data-page=\"Subcategory\"]","locatorType":"xpath","name":"taCategoryPage","uuid":"taCategoryPage15//div[@data-page=\"Subcategory\"]","meta":{"revision":0,"created":1541422168924,"version":0},"$loki":3}
2018-11-05T12:49:28.925Z [[32minfo[39m] 	15 Elements locator: {"value":"//div[@data-page=\"Subcategory\"]","using":"xpath"}
2018-11-05T12:49:28.954Z [[32minfo[39m] 	15 Elements response: {"sessionId":"2d9622859e980a6360fba6fbb71872f0","status":0,"value":[{"ELEMENT":"0.35086469619255345-2"}]}
2018-11-05T12:49:28.959Z [[32minfo[39m] 	16 Sending GET request to http://localhost:9516/session/2d9622859e980a6360fba6fbb71872f0/element/0.35086469619255345-2/displayed:  {}
2018-11-05T12:49:28.980Z [[32minfo[39m] 	17 Sending POST request to http://localhost:9516/session/2d9622859e980a6360fba6fbb71872f0/element/0.35086469619255345-2/click:  {}
2018-11-05T12:49:32.034Z [[32minfo[39m] 	18 Sending GET request to http://localhost:9516/session/2d9622859e980a6360fba6fbb71872f0/window_handles:  {}
2018-11-05T12:49:32.043Z [[32minfo[39m] 	19 Sending POST request to http://localhost:9516/session/2d9622859e980a6360fba6fbb71872f0/window:  {"name":"CDwindow-2B9E52BEAFD362B401C0F0F4D222C621"}
2018-11-05T12:49:32.053Z [[32minfo[39m] 	20 Sending GET request to http://localhost:9516/session/2d9622859e980a6360fba6fbb71872f0/window_handles:  {}
2018-11-05T12:49:32.062Z [[32minfo[39m] 	21 Sending POST request to http://localhost:9516/session/2d9622859e980a6360fba6fbb71872f0/goog/cdp/execute:  {"cmd":"Network.clearBrowserCookies","params":{}}
2018-11-05T12:49:32.077Z [[32minfo[39m] 	22 Sending POST request to http://localhost:9516/session/2d9622859e980a6360fba6fbb71872f0/url:  {"url":"about:blank"}
2018-11-05T12:49:32.161Z [[32minfo[39m] 	23 Sending elements request to http://localhost:9516/session/2d9622859e980a6360fba6fbb71872f0:  {"using":"xpath","value":"/html/body/*"}
2018-11-05T12:49:32.162Z [[32minfo[39m] 	23 Elements locator: {"value":"/html/body/*","using":"xpath"}
2018-11-05T12:49:32.177Z [[32minfo[39m] 	23 Elements response: {"sessionId":"2d9622859e980a6360fba6fbb71872f0","status":0,"value":[]}
2018-11-05T12:49:32.185Z [[32minfo[39m] 	24 Sending DELETE request to http://localhost:9516/session/2d9622859e980a6360fba6fbb71872f0:  {}
2018-11-05T12:49:32.246Z [[32minfo[39m] 	Sync elements
2018-11-05T12:49:32.806Z [[32minfo[39m] 	Stopping driver
