2018-11-05T13:18:27.179Z [[32minfo[39m] 	Starting TrueAutomation.IO client
2018-11-05T13:18:27.180Z [[32minfo[39m] 	API key: 44c69a48-ba10-4fb0-b4a2-b07e2da25af9
2018-11-05T13:18:27.180Z [[32minfo[39m] 	Project name: capybaraTest
2018-11-05T13:18:27.180Z [[32minfo[39m] 	Cloud server: https://app.trueautomation.io
2018-11-05T13:18:27.180Z [[32minfo[39m] 	Starting chromeDriver /Users/true/.trueautomation/chromedriver/chromedriver_mac64_2.43 on port 9516...
2018-11-05T13:18:27.663Z [[32minfo[39m] 	TrueAutomation.IO Client is listening on port 9515
2018-11-05T13:18:29.046Z [[32minfo[39m] 	0 Create session response: {"sessionId":"0fc23b3773d8f08dece818d19b6e9e09","status":0,"value":{"acceptInsecureCerts":false,"acceptSslCerts":false,"applicationCacheEnabled":false,"browserConnectionEnabled":false,"browserName":"chrome","chrome":{"chromedriverVersion":"2.43.600229 (3fae4d0cda5334b4f533bede5a4787f7b832d052)","userDataDir":"/var/folders/h_/pvcns8sj7sj5v8df934tz8dm0000gq/T/.org.chromium.Chromium.Af0fGH"},"cssSelectorsEnabled":true,"databaseEnabled":false,"goog:chromeOptions":{"debuggerAddress":"localhost:50070"},"handlesAlerts":true,"hasTouchScreen":true,"javascriptEnabled":true,"locationContextEnabled":true,"mobileEmulationEnabled":true,"nativeEvents":true,"networkConnectionEnabled":false,"pageLoadStrategy":"normal","platform":"Mac OS X","rotatable":false,"setWindowRect":true,"takesHeapSnapshot":true,"takesScreenshot":true,"unexpectedAlertBehaviour":"","version":"70.0.3538.77","webStorageEnabled":true}}
2018-11-05T13:18:29.067Z [[32minfo[39m] 	1 Sending POST request to http://localhost:9516/session/0fc23b3773d8f08dece818d19b6e9e09/url:  {"url":"http://annieselke.com"}
2018-11-05T13:18:34.901Z [[32minfo[39m] 	2 Sending elements request to http://localhost:9516/session/0fc23b3773d8f08dece818d19b6e9e09:  {"using":"xpath","value":"//div[@data-page=\"Home\"]__ta__taHome__ta__"}
2018-11-05T13:18:35.239Z [[32minfo[39m] 	2 Enum nodes response:  {"sessionId":"0fc23b3773d8f08dece818d19b
2018-11-05T13:18:35.407Z [[32minfo[39m] 	2 Elements locator: {"value":"/*[1]/*[2]/*[2]/*[1]/*[3]/*[2]","using":"xpath"}
2018-11-05T13:18:35.424Z [[32minfo[39m] 	2 Elements response: {"sessionId":"0fc23b3773d8f08dece818d19b6e9e09","status":0,"value":[{"ELEMENT":"0.3371359068783255-1"}]}
2018-11-05T13:18:35.429Z [[32minfo[39m] 	3 Sending GET request to http://localhost:9516/session/0fc23b3773d8f08dece818d19b6e9e09/element/0.3371359068783255-1/displayed:  {}
2018-11-05T13:18:35.449Z [[32minfo[39m] 	4 Sending POST request to http://localhost:9516/session/0fc23b3773d8f08dece818d19b6e9e09/element/0.3371359068783255-1/click:  {}
2018-11-05T13:18:38.551Z [[32minfo[39m] 	5 Sending GET request to http://localhost:9516/session/0fc23b3773d8f08dece818d19b6e9e09/window_handles:  {}
2018-11-05T13:18:38.563Z [[32minfo[39m] 	6 Sending POST request to http://localhost:9516/session/0fc23b3773d8f08dece818d19b6e9e09/window:  {"name":"CDwindow-CCA3A0B08FD52C7A966654CD6B1DB635"}
2018-11-05T13:18:38.581Z [[32minfo[39m] 	7 Sending GET request to http://localhost:9516/session/0fc23b3773d8f08dece818d19b6e9e09/window_handles:  {}
2018-11-05T13:18:38.591Z [[32minfo[39m] 	8 Sending POST request to http://localhost:9516/session/0fc23b3773d8f08dece818d19b6e9e09/goog/cdp/execute:  {"cmd":"Network.clearBrowserCookies","params":{}}
2018-11-05T13:18:38.879Z [[32minfo[39m] 	9 Sending POST request to http://localhost:9516/session/0fc23b3773d8f08dece818d19b6e9e09/url:  {"url":"about:blank"}
2018-11-05T13:18:38.993Z [[32minfo[39m] 	10 Sending elements request to http://localhost:9516/session/0fc23b3773d8f08dece818d19b6e9e09:  {"using":"xpath","value":"/html/body/*"}
2018-11-05T13:18:38.993Z [[32minfo[39m] 	10 Elements locator: {"value":"/html/body/*","using":"xpath"}
2018-11-05T13:18:39.009Z [[32minfo[39m] 	10 Elements response: {"sessionId":"0fc23b3773d8f08dece818d19b6e9e09","status":0,"value":[]}
2018-11-05T13:18:39.014Z [[32minfo[39m] 	11 Sending POST request to http://localhost:9516/session/0fc23b3773d8f08dece818d19b6e9e09/url:  {"url":"http://annieselke.com"}
2018-11-05T13:18:41.232Z [[32minfo[39m] 	12 Sending elements request to http://localhost:9516/session/0fc23b3773d8f08dece818d19b6e9e09:  {"using":"xpath","value":"//button//span//a[contains(text(),\"Rugs\")]__ta__taCategory__ta__"}
2018-11-05T13:18:41.353Z [[32minfo[39m] 	12 Enum nodes response:  {"sessionId":"0fc23b3773d8f08dece818d19b
2018-11-05T13:18:41.514Z [[32minfo[39m] 	12 Elements locator: {"value":"/*[1]/*[2]/*[2]/*[1]/*[2]/*[1]/*[2]/*[2]/*[1]/*[1]/*[1]/*[1]/*[1]/*[1]","using":"xpath"}
2018-11-05T13:18:41.530Z [[32minfo[39m] 	12 Elements response: {"sessionId":"0fc23b3773d8f08dece818d19b6e9e09","status":0,"value":[{"ELEMENT":"0.39733469426494383-1"}]}
2018-11-05T13:18:41.534Z [[32minfo[39m] 	13 Sending GET request to http://localhost:9516/session/0fc23b3773d8f08dece818d19b6e9e09/element/0.39733469426494383-1/displayed:  {}
2018-11-05T13:18:41.553Z [[32minfo[39m] 	14 Sending POST request to http://localhost:9516/session/0fc23b3773d8f08dece818d19b6e9e09/element/0.39733469426494383-1/click:  {}
2018-11-05T13:18:41.676Z [[32minfo[39m] 	15 Sending elements request to http://localhost:9516/session/0fc23b3773d8f08dece818d19b6e9e09:  {"using":"xpath","value":"//div[@data-page=\"Subcategory\"]__ta__taCategoryPage__ta__"}
2018-11-05T13:18:41.844Z [[32minfo[39m] 	15 Enum nodes response:  {"sessionId":"0fc23b3773d8f08dece818d19b
2018-11-05T13:18:42.070Z [[32minfo[39m] 	15 Elements locator: {"value":"/*[1]/*[2]/*[2]/*[1]/*[3]/*[2]","using":"xpath"}
2018-11-05T13:18:42.168Z [[32minfo[39m] 	15 Elements response: {"sessionId":"0fc23b3773d8f08dece818d19b6e9e09","status":0,"value":[{"ELEMENT":"0.39733469426494383-2"}]}
2018-11-05T13:18:42.174Z [[32minfo[39m] 	16 Sending GET request to http://localhost:9516/session/0fc23b3773d8f08dece818d19b6e9e09/element/0.39733469426494383-2/displayed:  {}
2018-11-05T13:18:42.194Z [[32minfo[39m] 	17 Sending POST request to http://localhost:9516/session/0fc23b3773d8f08dece818d19b6e9e09/element/0.39733469426494383-2/click:  {}
2018-11-05T13:18:45.258Z [[32minfo[39m] 	18 Sending GET request to http://localhost:9516/session/0fc23b3773d8f08dece818d19b6e9e09/window_handles:  {}
2018-11-05T13:18:45.268Z [[32minfo[39m] 	19 Sending POST request to http://localhost:9516/session/0fc23b3773d8f08dece818d19b6e9e09/window:  {"name":"CDwindow-CCA3A0B08FD52C7A966654CD6B1DB635"}
2018-11-05T13:18:45.278Z [[32minfo[39m] 	20 Sending GET request to http://localhost:9516/session/0fc23b3773d8f08dece818d19b6e9e09/window_handles:  {}
2018-11-05T13:18:45.286Z [[32minfo[39m] 	21 Sending POST request to http://localhost:9516/session/0fc23b3773d8f08dece818d19b6e9e09/goog/cdp/execute:  {"cmd":"Network.clearBrowserCookies","params":{}}
2018-11-05T13:18:45.301Z [[32minfo[39m] 	22 Sending POST request to http://localhost:9516/session/0fc23b3773d8f08dece818d19b6e9e09/url:  {"url":"about:blank"}
2018-11-05T13:18:45.386Z [[32minfo[39m] 	23 Sending elements request to http://localhost:9516/session/0fc23b3773d8f08dece818d19b6e9e09:  {"using":"xpath","value":"/html/body/*"}
2018-11-05T13:18:45.386Z [[32minfo[39m] 	23 Elements locator: {"value":"/html/body/*","using":"xpath"}
2018-11-05T13:18:45.397Z [[32minfo[39m] 	23 Elements response: {"sessionId":"0fc23b3773d8f08dece818d19b6e9e09","status":0,"value":[]}
2018-11-05T13:18:45.401Z [[32minfo[39m] 	24 Sending DELETE request to http://localhost:9516/session/0fc23b3773d8f08dece818d19b6e9e09:  {}
2018-11-05T13:18:45.460Z [[32minfo[39m] 	Sync elements
2018-11-05T13:18:46.028Z [[32minfo[39m] 	Stopping driver
