2018-11-05T10:11:33.555Z [[32minfo[39m] 	Starting TrueAutomation.IO client
2018-11-05T10:11:33.556Z [[32minfo[39m] 	API key: 44c69a48-ba10-4fb0-b4a2-b07e2da25af9
2018-11-05T10:11:33.557Z [[32minfo[39m] 	Project name: capybaraTest
2018-11-05T10:11:33.557Z [[32minfo[39m] 	Cloud server: https://app.trueautomation.io
2018-11-05T10:11:33.557Z [[32minfo[39m] 	Starting chromeDriver /Users/true/.trueautomation/chromedriver/chromedriver_mac64_2.43 on port 9516...
2018-11-05T10:11:33.980Z [[32minfo[39m] 	TrueAutomation.IO Client is listening on port 9515
2018-11-05T10:11:35.538Z [[32minfo[39m] 	0 Create session response: {"sessionId":"2da7664f0fcb5bcc2a5eafc930ea985b","status":0,"value":{"acceptInsecureCerts":false,"acceptSslCerts":false,"applicationCacheEnabled":false,"browserConnectionEnabled":false,"browserName":"chrome","chrome":{"chromedriverVersion":"2.43.600229 (3fae4d0cda5334b4f533bede5a4787f7b832d052)","userDataDir":"/var/folders/h_/pvcns8sj7sj5v8df934tz8dm0000gq/T/.org.chromium.Chromium.7UCyIz"},"cssSelectorsEnabled":true,"databaseEnabled":false,"goog:chromeOptions":{"debuggerAddress":"localhost:56122"},"handlesAlerts":true,"hasTouchScreen":true,"javascriptEnabled":true,"locationContextEnabled":true,"mobileEmulationEnabled":true,"nativeEvents":true,"networkConnectionEnabled":false,"pageLoadStrategy":"normal","platform":"Mac OS X","rotatable":false,"setWindowRect":true,"takesHeapSnapshot":true,"takesScreenshot":true,"unexpectedAlertBehaviour":"","version":"70.0.3538.77","webStorageEnabled":true}}
2018-11-05T10:11:35.557Z [[32minfo[39m] 	1 Sending POST request to http://localhost:9516/session/2da7664f0fcb5bcc2a5eafc930ea985b/url:  {"url":"http://annieselke.com"}
2018-11-05T10:11:41.915Z [[32minfo[39m] 	2 Sending elements request to http://localhost:9516/session/2da7664f0fcb5bcc2a5eafc930ea985b:  {"using":"xpath","value":"//button//span//a[contains(text(),\"Rugs\")]__ta__taCategory__ta__"}
2018-11-05T10:11:42.302Z [[32minfo[39m] 	2 Enum nodes response:  {"sessionId":"2da7664f0fcb5bcc2a5eafc930
2018-11-05T10:11:42.485Z [[32minfo[39m] 	2 Elements locator: {"value":"/*[1]/*[2]/*[2]/*[1]/*[2]/*[1]/*[2]/*[2]/*[1]/*[1]/*[1]/*[1]/*[1]/*[1]","using":"xpath"}
2018-11-05T10:11:42.504Z [[32minfo[39m] 	2 Elements response: {"sessionId":"2da7664f0fcb5bcc2a5eafc930ea985b","status":0,"value":[{"ELEMENT":"0.2916908063301804-1"}]}
2018-11-05T10:11:42.510Z [[32minfo[39m] 	3 Sending GET request to http://localhost:9516/session/2da7664f0fcb5bcc2a5eafc930ea985b/element/0.2916908063301804-1/displayed:  {}
2018-11-05T10:11:42.532Z [[32minfo[39m] 	4 Sending POST request to http://localhost:9516/session/2da7664f0fcb5bcc2a5eafc930ea985b/element/0.2916908063301804-1/click:  {}
2018-11-05T10:11:42.699Z [[32minfo[39m] 	5 Sending elements request to http://localhost:9516/session/2da7664f0fcb5bcc2a5eafc930ea985b:  {"using":"xpath","value":"//div[@data-page=\"Subcategory\"]__ta__taCategoryPage__ta__"}
2018-11-05T10:11:43.000Z [[32minfo[39m] 	5 Enum nodes response:  {"sessionId":"2da7664f0fcb5bcc2a5eafc930
2018-11-05T10:11:43.267Z [[32minfo[39m] 	5 Elements locator: {"value":"/*[1]/*[2]/*[2]/*[1]/*[3]/*[3]","using":"xpath"}
2018-11-05T10:11:43.345Z [[32minfo[39m] 	5 Elements response: {"sessionId":"2da7664f0fcb5bcc2a5eafc930ea985b","status":0,"value":[]}
2018-11-05T10:11:43.402Z [[32minfo[39m] 	6 Sending elements request to http://localhost:9516/session/2da7664f0fcb5bcc2a5eafc930ea985b:  {"using":"xpath","value":"//div[@data-page=\"Subcategory\"]__ta__taCategoryPage__ta__"}
2018-11-05T10:11:43.646Z [[32minfo[39m] 	6 Enum nodes response:  {"sessionId":"2da7664f0fcb5bcc2a5eafc930
2018-11-05T10:11:44.863Z [[32minfo[39m] 	6 Elements locator: {"value":"/*[1]/*[2]/*[2]/*[1]/*[3]/*[1]","using":"xpath"}
2018-11-05T10:11:44.899Z [[32minfo[39m] 	6 Elements response: {"sessionId":"2da7664f0fcb5bcc2a5eafc930ea985b","status":0,"value":[{"ELEMENT":"0.2916908063301804-2"}]}
2018-11-05T10:11:44.904Z [[32minfo[39m] 	7 Sending GET request to http://localhost:9516/session/2da7664f0fcb5bcc2a5eafc930ea985b/element/0.2916908063301804-2/displayed:  {}
2018-11-05T10:11:44.979Z [[32minfo[39m] 	8 Sending elements request to http://localhost:9516/session/2da7664f0fcb5bcc2a5eafc930ea985b:  {"using":"xpath","value":"//div[@data-page=\"Subcategory\"]__ta__taCategoryPage__ta__"}
2018-11-05T10:11:45.204Z [[32minfo[39m] 	8 Enum nodes response:  {"sessionId":"2da7664f0fcb5bcc2a5eafc930
2018-11-05T10:11:46.408Z [[32minfo[39m] 	8 Elements locator: {"value":"/*[1]/*[2]/*[2]/*[1]/*[3]/*[1]","using":"xpath"}
2018-11-05T10:11:46.438Z [[32minfo[39m] 	8 Elements response: {"sessionId":"2da7664f0fcb5bcc2a5eafc930ea985b","status":0,"value":[{"ELEMENT":"0.2916908063301804-2"}]}
2018-11-05T10:11:46.443Z [[32minfo[39m] 	9 Sending GET request to http://localhost:9516/session/2da7664f0fcb5bcc2a5eafc930ea985b/element/0.2916908063301804-2/displayed:  {}
2018-11-05T10:11:46.512Z [[32minfo[39m] 	10 Sending elements request to http://localhost:9516/session/2da7664f0fcb5bcc2a5eafc930ea985b:  {"using":"xpath","value":"//div[@data-page=\"Subcategory\"]__ta__taCategoryPage__ta__"}
2018-11-05T10:11:46.732Z [[32minfo[39m] 	10 Enum nodes response:  {"sessionId":"2da7664f0fcb5bcc2a5eafc930
2018-11-05T10:11:47.851Z [[32minfo[39m] 	10 Elements locator: {"value":"/*[1]/*[2]/*[2]/*[1]/*[3]/*[1]","using":"xpath"}
2018-11-05T10:11:47.878Z [[32minfo[39m] 	10 Elements response: {"sessionId":"2da7664f0fcb5bcc2a5eafc930ea985b","status":0,"value":[{"ELEMENT":"0.2916908063301804-2"}]}
2018-11-05T10:11:47.884Z [[32minfo[39m] 	11 Sending GET request to http://localhost:9516/session/2da7664f0fcb5bcc2a5eafc930ea985b/element/0.2916908063301804-2/displayed:  {}
2018-11-05T10:11:47.899Z [[32minfo[39m] 	12 Sending GET request to http://localhost:9516/session/2da7664f0fcb5bcc2a5eafc930ea985b/window_handles:  {}
2018-11-05T10:11:47.908Z [[32minfo[39m] 	13 Sending POST request to http://localhost:9516/session/2da7664f0fcb5bcc2a5eafc930ea985b/window:  {"name":"CDwindow-30419556BD1D136D97FCBF2E6911328E"}
2018-11-05T10:11:47.924Z [[32minfo[39m] 	14 Sending GET request to http://localhost:9516/session/2da7664f0fcb5bcc2a5eafc930ea985b/window_handles:  {}
2018-11-05T10:11:47.948Z [[32minfo[39m] 	15 Sending POST request to http://localhost:9516/session/2da7664f0fcb5bcc2a5eafc930ea985b/goog/cdp/execute:  {"cmd":"Network.clearBrowserCookies","params":{}}
2018-11-05T10:11:47.964Z [[32minfo[39m] 	16 Sending POST request to http://localhost:9516/session/2da7664f0fcb5bcc2a5eafc930ea985b/url:  {"url":"about:blank"}
2018-11-05T10:11:48.073Z [[32minfo[39m] 	17 Sending elements request to http://localhost:9516/session/2da7664f0fcb5bcc2a5eafc930ea985b:  {"using":"xpath","value":"/html/body/*"}
2018-11-05T10:11:48.073Z [[32minfo[39m] 	17 Elements locator: {"value":"/html/body/*","using":"xpath"}
2018-11-05T10:11:48.093Z [[32minfo[39m] 	17 Elements response: {"sessionId":"2da7664f0fcb5bcc2a5eafc930ea985b","status":0,"value":[]}
2018-11-05T10:11:48.140Z [[32minfo[39m] 	18 Sending DELETE request to http://localhost:9516/session/2da7664f0fcb5bcc2a5eafc930ea985b:  {}
2018-11-05T10:11:48.205Z [[32minfo[39m] 	Sync elements
2018-11-05T10:11:48.798Z [[32minfo[39m] 	Stopping driver
